[2015.09.13-18.00.56:004][  0]Log file open, 09/13/15 14:00:56
[2015.09.13-18.00.56:004][  0]LogInit:Display: Running engine for game: PuppySim
[2015.09.13-18.00.56:004][  0]LogInit:Display: RandInit(1982868468) SRandInit(1982868468).
[2015.09.13-18.00.56:004][  0]LogTaskGraph: Started task graph with 4 named threads and 7 total threads.
[2015.09.13-18.00.56:004][  0]LogStats: Stats thread started at 0.074474
[2015.09.13-18.00.56:004][  0]LogInit: Version: 4.9.0-2672455+++depot+UE4-Releases+4.9
[2015.09.13-18.00.56:004][  0]LogInit: API Version: 2672455
[2015.09.13-18.00.56:004][  0]LogInit: Compiled (64-bit): Aug 28 2015 12:33:01
[2015.09.13-18.00.56:004][  0]LogInit: Compiled with Visual C++: 18.00.21005.01
[2015.09.13-18.00.56:004][  0]LogInit: Build Configuration: Development
[2015.09.13-18.00.56:004][  0]LogInit: Branch Name: ++depot+UE4-Releases+4.9
[2015.09.13-18.00.56:004][  0]LogInit: Command line:  
[2015.09.13-18.00.56:004][  0]LogInit: Base directory: C:/Program Files/Epic Games/4.9/Engine/Binaries/Win64/
[2015.09.13-18.00.56:004][  0]LogInit: Rocket: 1
[2015.09.13-18.00.56:012][  0]LogInit: Using libcurl 7.41.0
[2015.09.13-18.00.56:012][  0]LogInit:  - built for x86_64-pc-win32
[2015.09.13-18.00.56:012][  0]LogInit:  - supports SSL with WinSSL
[2015.09.13-18.00.56:012][  0]LogInit:  - other features:
[2015.09.13-18.00.56:012][  0]LogInit:      CURL_VERSION_SSL
[2015.09.13-18.00.56:012][  0]LogInit:      CURL_VERSION_IPV6
[2015.09.13-18.00.56:012][  0]LogInit:      CURL_VERSION_ASYNCHDNS
[2015.09.13-18.00.56:012][  0]LogInit:      CURL_VERSION_LARGEFILE
[2015.09.13-18.00.56:012][  0]LogInit:      CURL_VERSION_IDN
[2015.09.13-18.00.56:012][  0]LogInit:  CurlRequestOptions (configurable via config and command line):
[2015.09.13-18.00.56:012][  0]LogInit:  - bVerifyPeer = true  - Libcurl will verify peer certificate
[2015.09.13-18.00.56:012][  0]LogInit:  - bUseHttpProxy = false  - Libcurl will NOT use HTTP proxy
[2015.09.13-18.00.56:012][  0]LogInit:  - bDontReuseConnections = false  - Libcurl will reuse connections
[2015.09.13-18.00.56:012][  0]LogInit:  - CertBundlePath = nullptr  - Libcurl will use whatever was configured at build time.
[2015.09.13-18.00.56:022][  0]LogInit: Presizing for 0 objects not considered by GC, pre-allocating 0 bytes.
[2015.09.13-18.00.56:033][  0]LogInit: Object subsystem initialized
[2015.09.13-18.00.56:035][  0]LogInit: Selected Device Profile: [Windows]
[2015.09.13-18.00.56:035][  0]LogInit: Applying CVar settings loaded from the selected device profile: [Windows]
[2015.09.13-18.00.56:043][  0]LogInit: Computer: TSCHIRGIMACHINE
[2015.09.13-18.00.56:043][  0]LogInit: User: pault000
[2015.09.13-18.00.56:043][  0]LogInit: CPU Page size=4096, Cores=4
[2015.09.13-18.00.56:043][  0]LogInit: High frequency timer resolution =2.338346 MHz
[2015.09.13-18.00.56:043][  0]LogMemory: Memory total: Physical=15.9GB (16GB approx)
[2015.09.13-18.00.56:043][  0]LogMemory: Platform Memory Stats for Windows
[2015.09.13-18.00.56:043][  0]LogMemory: Process Physical Memory: 53.04 MB used, 53.04 MB peak
[2015.09.13-18.00.56:043][  0]LogMemory: Process Virtual Memory: 55.16 MB used, 55.16 MB peak
[2015.09.13-18.00.56:043][  0]LogMemory: Physical Memory: 4511.06 MB used, 16267.18 MB total
[2015.09.13-18.00.56:043][  0]LogMemory: Virtual Memory: 351.56 MB used, 134217728.00 MB total
[2015.09.13-18.00.56:074][  0]LogTextLocalizationManager: No specific translations for ('en-US') exist, so ('en') translations will be used.
[2015.09.13-18.00.56:703][  0]LogD3D11RHI: Found D3D11 adapter 0: Intel(R) HD Graphics 4600 (Feature Level 11_0)
[2015.09.13-18.00.56:703][  0]LogD3D11RHI: Adapter has 32MB of dedicated video memory, 0MB of dedicated system memory, and 1760MB of shared system memory, 1 output[s]
[2015.09.13-18.00.56:718][  0]LogD3D11RHI: Found D3D11 adapter 1: NVIDIA GeForce GT 750M (Feature Level 11_0)
[2015.09.13-18.00.56:718][  0]LogD3D11RHI: Adapter has 1988MB of dedicated video memory, 0MB of dedicated system memory, and 2048MB of shared system memory, 0 output[s]
[2015.09.13-18.00.56:719][  0]LogD3D11RHI: Found D3D11 adapter 2: Microsoft Basic Render Driver (Feature Level 11_0)
[2015.09.13-18.00.56:719][  0]LogD3D11RHI: Adapter has 0MB of dedicated video memory, 0MB of dedicated system memory, and 256MB of shared system memory, 0 output[s]
[2015.09.13-18.00.56:719][  0]LogD3D11RHI: Chosen D3D11 Adapter Id = 0
[2015.09.13-18.00.56:723][  0]LogD3D11RHI: !Direct3DDevice
[2015.09.13-18.00.56:723][  0]LogRHI: Texture pool is 1361 MB (70% of 1945 MB)
[2015.09.13-18.00.56:734][  0]LogD3D11RHI: Async texture creation enabled
[2015.09.13-18.00.56:750][  0]LogShaderCompilers: Guid format shader working directory is 15 characters bigger than the processId version (D:/Data/Unreal Projects/PuppyGame/PuppySim/Intermediate/Shaders/WorkingDirectory/9584/).
[2015.09.13-18.00.56:750][  0]LogShaderCompilers: Cleaned the shader compiler working directory 'D:/Data/Unreal Projects/PuppyGame/PuppySim/Intermediate/Shaders/tmp/4800C8D943A42CBB6B59DB917AF84BA7/'.
[2015.09.13-18.00.56:750][  0]LogShaderCompilers:Display: Using Local Shader Compiler.
[2015.09.13-18.00.57:894][  0]LogTemp:Display: Loaded TP AllDesktopTargetPlatform
[2015.09.13-18.00.57:899][  0]LogTemp:Display: Loaded TP WindowsClientTargetPlatform
[2015.09.13-18.00.57:904][  0]LogTemp:Display: Loaded TP WindowsNoEditorTargetPlatform
[2015.09.13-18.00.57:909][  0]LogTemp:Display: Loaded TP WindowsServerTargetPlatform
[2015.09.13-18.00.57:916][  0]LogTemp:Display: Loaded TP WindowsTargetPlatform
[2015.09.13-18.00.57:920][  0]LogTemp:Display: Loaded TP AndroidTargetPlatform
[2015.09.13-18.00.57:923][  0]LogTemp:Display: Loaded TP Android_ASTCTargetPlatform
[2015.09.13-18.00.57:926][  0]LogTemp:Display: Loaded TP Android_ATCTargetPlatform
[2015.09.13-18.00.57:930][  0]LogTemp:Display: Loaded TP Android_DXTTargetPlatform
[2015.09.13-18.00.57:934][  0]LogTemp:Display: Loaded TP Android_ETC1TargetPlatform
[2015.09.13-18.00.57:938][  0]LogTemp:Display: Loaded TP Android_ETC2TargetPlatform
[2015.09.13-18.00.57:942][  0]LogTemp:Display: Loaded TP Android_PVRTCTargetPlatform
[2015.09.13-18.00.57:942][  0]LogTemp:Display: Loaded TP HTML5TargetPlatform
[2015.09.13-18.00.57:959][  0]LogTemp:Display: Loaded TP IOSTargetPlatform
[2015.09.13-18.00.57:962][  0]LogTemp:Display: Loaded TP LinuxNoEditorTargetPlatform
[2015.09.13-18.00.57:967][  0]LogTemp:Display: Loaded TP LinuxServerTargetPlatform
[2015.09.13-18.00.57:972][  0]LogTemp:Display: Loaded TP LinuxTargetPlatform
[2015.09.13-18.00.57:972][  0]LogTargetPlatformManager:Display: Building Assets For Windows
[2015.09.13-18.00.58:086][  0]LogDerivedDataCache:Display: Max Cache Size: 512 MB
[2015.09.13-18.00.58:136][  0]LogDerivedDataCache: Loaded boot cache 0.05s 41MB C:/Users/pault_000/AppData/Local/UnrealEngine/4.9/DerivedDataCache/Boot.ddc.
[2015.09.13-18.00.58:136][  0]LogDerivedDataCache:Display: Loaded Boot cache: C:/Users/pault_000/AppData/Local/UnrealEngine/4.9/DerivedDataCache/Boot.ddc
[2015.09.13-18.00.58:137][  0]LogDerivedDataCache: FDerivedDataBackendGraph:  Pak pak cache file D:/Data/Unreal Projects/PuppyGame/PuppySim/DerivedDataCache/DDC.ddp not found, will not use a pak cache.
[2015.09.13-18.00.58:137][  0]LogDerivedDataCache: Unable to find inner node Pak for hierarchical cache Hierarchy.
[2015.09.13-18.00.58:137][  0]LogDerivedDataCache: FDerivedDataBackendGraph:  CompressedPak pak cache file D:/Data/Unreal Projects/PuppyGame/PuppySim/DerivedDataCache/Compressed.ddp not found, will not use a pak cache.
[2015.09.13-18.00.58:137][  0]LogDerivedDataCache: Unable to find inner node CompressedPak for hierarchical cache Hierarchy.
[2015.09.13-18.00.58:290][  0]LogDerivedDataCache:Display: Pak cache opened for reading ../../../Engine/DerivedDataCache/Compressed.ddp.
[2015.09.13-18.00.58:302][  0]LogDerivedDataCache: Using Local data cache path C:/Users/pault_000/AppData/Local/UnrealEngine/Common/DerivedDataCache: Writable
[2015.09.13-18.00.58:464][  0]LogInit: Selected Device Profile: [Windows]
[2015.09.13-18.00.58:466][  0]LogContentStreaming: Texture pool size is 0.000000MB
[2015.09.13-18.00.58:589][  0]LogMeshUtilities: No automatic mesh reduction module available
[2015.09.13-18.00.58:589][  0]LogMeshUtilities: No automatic mesh merging module available
[2015.09.13-18.00.58:858][  0]LogInit: WinSock: version 1.1 (2.2), MaxSocks=32767, MaxUdp=65467
[2015.09.13-18.00.59:552][  0]UdpMessaging: Initializing bridge on interface 0.0.0.0:0 to multicast group 230.0.0.1:6666.
[2015.09.13-18.00.59:647][  0]LogAssetRegistry: FAssetRegistry took 0.0110 seconds to start up
[2015.09.13-18.00.59:813][  0]SourceControl: Info Source control is disabled
[2015.09.13-18.01.00:077][  0]LogLinker:Warning: Asset '../../../Engine/Plugins/Runtime/LeapMotionController/Content/LM_PassthroughMaterial.uasset' has been saved with empty engine version. The asset will be loaded but may be incompatible.
[2015.09.13-18.01.00:155][  0]LogObj: 28361 objects as part of root set at end of initial load.
[2015.09.13-18.01.00:155][  0]LogUObjectAllocator: 6038864 out of 0 bytes used by permanent object pool.
[2015.09.13-18.01.00:213][  0]LogEngine: Initializing Engine...
[2015.09.13-18.01.00:215][  0]LogHMD: Can't find Oculus library dev build: is proper Runtime installed? Version: 0.6.0.0
[2015.09.13-18.01.00:215][  0]LogHMD: SteamVR failed to initialize.  Err: 110
[2015.09.13-18.01.00:322][  0]LogAIModule: Creating AISystem for world NewWorld
[2015.09.13-18.01.00:326][  0]LogInit: XAudio2 using 'Speakers (Realtek High Definition Audio)' : 2 channels at 48 kHz using 32 bits per sample (channel mask 0x3)
[2015.09.13-18.01.00:466][  0]LogInit: FAudioDevice initialized.
[2015.09.13-18.01.00:486][  0]LogDerivedDataCache: Saved boot cache 0.02s 41MB C:/Users/pault_000/AppData/Local/UnrealEngine/4.9/DerivedDataCache/Boot.ddc.
[2015.09.13-18.01.00:490][  0]LogInit: Texture streaming: Enabled
[2015.09.13-18.01.00:495][  0]LogAnalytics: Creating configured Analytics provider AnalyticsET
[2015.09.13-18.01.00:495][  0]LogAnalytics: [UEEditor.Rocket.Release] APIServer = http://et2.epicgames.com/ET2/. AppVersion = 4.9.0-2672455+++depot+UE4-Releases+4.9
[2015.09.13-18.01.00:496][  0]LogAnalytics: [UEEditor.Rocket.Release] SetUserId 537121804b7cf4be510b0681ba3e9dcc|b9d68997175147afad91b4c26e41b99d|9767a706-ec85-4912-88a3-1f6ddb1dec1c
[2015.09.13-18.01.00:496][  0]LogAnalytics: [UEEditor.Rocket.Release] AnalyticsET::StartSession
[2015.09.13-18.01.00:517][  0]LogInit: Transaction tracking system initialized
[2015.09.13-18.01.00:544][  0]BlueprintLog: New page: Editor Load
[2015.09.13-18.01.00:627][  0]LocalizationService: Info Localization service is disabled
[2015.09.13-18.01.01:077][  0]LogConsoleResponse:Display: 
[2015.09.13-18.01.01:179][  0]LogCook:Display: Done creating registry. It took  0.00s.
[2015.09.13-18.01.01:265][  0]LogFileCache: Scanning file cache for directory 'D:/Data/Unreal Projects/PuppyGame/PuppySim/Content/' took 0.01s
[2015.09.13-18.01.01:265][  0]Cmd: MAP LOAD FILE="D:/Data/Unreal Projects/PuppyGame/PuppySim/Content/Maps/LevelHouse.umap" TEMPLATE=0 SHOWPROGRESS=1 FEATURELEVEL=3
[2015.09.13-18.01.01:265][  0]LightingResults: New page: Lighting Build
[2015.09.13-18.01.01:268][  0]MapCheck: New page: Map Check
[2015.09.13-18.01.01:268][  0]LightingResults: New page: Lighting Build
[2015.09.13-18.01.01:279][  0]LogParticles: Destroying 0 GPU particle simulations for FXSystem 0x0000009A6E4F4400
[2015.09.13-18.01.01:677][  0]LogLinker:Warning: Can't find file '/Game/Models/Scenery/Objects/desk1'
[2015.09.13-18.01.01:677][  0]LogLinker:Warning: Can't find file for asset '/Game/Models/Scenery/Objects/desk1' while loading D:/Data/Unreal Projects/PuppyGame/PuppySim/Content/Maps/LevelHouse.umap.
[2015.09.13-18.01.01:677][  0]LoadErrors:Error: Error /Game/Maps/LevelHouse : Can't find file for asset. /Game/Models/Scenery/Objects/desk1
[2015.09.13-18.01.01:689][  0]LogLinker:Warning: Can't find file '/Game/Models/Scenery/Objects/desk1'
[2015.09.13-18.01.01:689][  0]LogLinker:Warning: Can't find file for asset '/Game/Models/Scenery/Objects/desk1' while loading D:/Data/Unreal Projects/PuppyGame/PuppySim/Content/Maps/LevelHouse.umap.
[2015.09.13-18.01.01:689][  0]LoadErrors:Error: Error /Game/Maps/LevelHouse : Can't find file for asset. /Game/Models/Scenery/Objects/desk1
[2015.09.13-18.01.01:691][  0]LogLinker:Warning: Can't find file '/Game/Models/Scenery/Objects/desk1'
[2015.09.13-18.01.01:691][  0]LogLinker:Warning: Can't find file for asset '/Game/Models/Scenery/Objects/desk1' while loading NULL.
[2015.09.13-18.01.01:691][  0]LogLinker:Warning: Can't find file '/Game/Models/Scenery/Objects/desk1'
[2015.09.13-18.01.01:691][  0]LogLinker:Warning: Can't find file for asset '/Game/Models/Scenery/Objects/desk1' while loading NULL.
[2015.09.13-18.01.01:721][  0]LogLinker:Warning: Can't find file '/Game/Models/Scenery/Objects/desk1'
[2015.09.13-18.01.01:721][  0]LoadErrors: Info Failed to load /Game/Models/Scenery/Objects/desk1.desk1 Referenced by StaticMeshComponent0
[2015.09.13-18.01.01:721][  0]LogLinker:Warning: Can't find file for asset '/Game/Models/Scenery/Objects/desk1' while loading NULL.
[2015.09.13-18.01.01:721][  0]LoadErrors: Info Failed to load /Game/Models/Scenery/Objects/desk1.desk1 Referenced by StaticMeshComponent0
[2015.09.13-18.01.01:904][  0]LogAIModule: Creating AISystem for world LevelHouse
[2015.09.13-18.01.01:913][  0]LogEditorServer: Finished looking for orphan Actors (0.000 secs)
[2015.09.13-18.01.01:914][  0]Cmd: MAP CHECKDEP NOCLEARLOG
[2015.09.13-18.01.01:967][  0]MapCheck: Info Map check complete: 0 Error(s), 0 Warning(s), took 53.299ms to complete.
[2015.09.13-18.01.01:967][  0]LogFileHelpers: Loading map 'LevelHouse' took 0.703
[2015.09.13-18.01.02:073][  0]LogCollectionManager: Loaded 0 collections in 0.002109 seconds
[2015.09.13-18.01.02:117][  0]LogFileCache: Scanning file cache for directory 'D:/Data/Unreal Projects/PuppyGame/PuppySim/Saved/Collections/' took 0.01s
[2015.09.13-18.01.02:117][  0]LogFileCache: Scanning file cache for directory 'D:/Data/Unreal Projects/PuppyGame/PuppySim/Content/Developers/pault000/Collections/' took 0.01s
[2015.09.13-18.01.02:117][  0]LogFileCache: Scanning file cache for directory 'D:/Data/Unreal Projects/PuppyGame/PuppySim/Content/Collections/' took 0.01s
[2015.09.13-18.01.02:117][  0]LogContentBrowser: Native class hierarchy populated in 0.0103 seconds. Added 1867 classes and 333 folders.
[2015.09.13-18.01.02:123][  0]LogCollectionManager: Rebuilt the GUID cache for 0 collections in 0.000003 seconds
[2015.09.13-18.01.02:130][  0]LogContentBrowser: Native class hierarchy updated for 'WidgetCarousel' in 0.0003 seconds. Added 0 classes and 0 folders.
[2015.09.13-18.01.02:169][  0]LogContentBrowser: Native class hierarchy updated for 'AddContentDialog' in 0.0003 seconds. Added 0 classes and 0 folders.
[2015.09.13-18.01.02:172][  0]LogContentBrowser: Native class hierarchy updated for 'SceneOutliner' in 0.0003 seconds. Added 1 classes and 2 folders.
[2015.09.13-18.01.02:231][  0]LogCrashTracker: Crashtracker disabled due to settings.
[2015.09.13-18.01.02:235][  0]LogUObjectGlobals:Warning: Failed to find object 'Class None.'
[2015.09.13-18.01.02:257][  0]LogLoad: Full Startup: 6.81 seconds (BP compile: 0.16 seconds)
[2015.09.13-18.01.02:336][  0]SourceControl: Info On branch master
[2015.09.13-18.01.02:336][  0]SourceControl: Info Your branch is up-to-date with 'origin/master'.
[2015.09.13-18.01.02:336][  0]SourceControl: Info Changes to be committed:
[2015.09.13-18.01.02:336][  0]SourceControl: Info   (use "git reset HEAD <file>..." to unstage)
[2015.09.13-18.01.02:336][  0]SourceControl: Info 	new file:   PuppySim/Content/FirstPersonBP/Maps/Level1_v6test.umap
[2015.09.13-18.01.02:336][  0]SourceControl: Info 	deleted:    PuppySim/Content/Models/Puppy/Material.uasset
[2015.09.13-18.01.02:336][  0]SourceControl: Info 	deleted:    PuppySim/Content/Models/Puppy/placeholderDoge.uasset
[2015.09.13-18.01.02:336][  0]SourceControl: Info 	new file:   PuppySim/Content/Models/Scenery/Objects/Desk/AnimDesk.uasset
[2015.09.13-18.01.02:336][  0]SourceControl: Info 	deleted:    PuppySim/Content/Models/Scenery/Objects/Desk/Deskbo.uasset
[2015.09.13-18.01.02:336][  0]SourceControl: Info 	deleted:    PuppySim/Content/Models/Scenery/Objects/Desk/None_002.uasset
[2015.09.13-18.01.02:336][  0]SourceControl: Info 	new file:   PuppySim/Content/Models/Scenery/Objects/Desk/desk2.uasset
[2015.09.13-18.01.02:336][  0]SourceControl: Info 	new file:   PuppySim/Content/Models/Scenery/Objects/Fridge/Anim_Fridge.uasset
[2015.09.13-18.01.02:336][  0]SourceControl: Info 	new file:   PuppySim/Content/Models/Scenery/Objects/Fridge/Fridge.uasset
[2015.09.13-18.01.02:336][  0]SourceControl: Info 	new file:   PuppySim/Content/Models/Scenery/Objects/Fridge/Fridge3.uasset
[2015.09.13-18.01.02:336][  0]SourceControl: Info 	new file:   PuppySim/Content/Models/Scenery/Objects/Fridge/Fridge3_Anim_FridgeBones_FridgeOpen.uasset
[2015.09.13-18.01.02:336][  0]SourceControl: Info 	new file:   PuppySim/Content/Models/Scenery/Objects/Fridge/Fridge3_Anim_FridgeBones_Fridge_Idle.uasset
[2015.09.13-18.01.02:336][  0]SourceControl: Info 	new file:   PuppySim/Content/Models/Scenery/Objects/Fridge/Fridge3_PhysicsAsset.uasset
[2015.09.13-18.01.02:336][  0]SourceControl: Info 	new file:   PuppySim/Content/Models/Scenery/Objects/Fridge/Fridge3_Skeleton.uasset
[2015.09.13-18.01.02:336][  0]SourceControl: Info 	new file:   PuppySim/Content/Models/Scenery/Objects/Fridge/fridge_diffuze.uasset
[2015.09.13-18.01.02:336][  0]SourceControl: Info 	new file:   PuppySim/Content/Models/Scenery/Objects/Sink/Sink2.uasset
[2015.09.13-18.01.02:336][  0]SourceControl: Info 	new file:   PuppySim/Content/Models/Scenery/Objects/Sink/Sink3.uasset
[2015.09.13-18.01.02:336][  0]SourceControl: Info 	new file:   PuppySim/Content/Models/Scenery/Objects/Sink/sink_diffuze.uasset
[2015.09.13-18.01.02:336][  0]SourceControl: Info 	new file:   PuppySim/Content/Models/Scenery/Objects/TonsOfCabinets/Anim_Cabbynet.uasset
[2015.09.13-18.01.02:336][  0]SourceControl: Info 	new file:   PuppySim/Content/Models/Scenery/Objects/TonsOfCabinets/Cabby1.uasset
[2015.09.13-18.01.02:336][  0]SourceControl: Info 	new file:   PuppySim/Content/Models/Scenery/Objects/TonsOfCabinets/Cabby1_Anim_CabinetBones1_IdleClosed.uasset
[2015.09.13-18.01.02:336][  0]SourceControl: Info 	new file:   PuppySim/Content/Models/Scenery/Objects/TonsOfCabinets/Cabby1_Anim_CabinetBones1_Open.uasset
[2015.09.13-18.01.02:336][  0]SourceControl: Info 	new file:   PuppySim/Content/Models/Scenery/Objects/TonsOfCabinets/Cabby1_PhysicsAsset.uasset
[2015.09.13-18.01.02:336][  0]SourceControl: Info 	new file:   PuppySim/Content/Models/Scenery/Objects/TonsOfCabinets/Cabby1_Skeleton.uasset
[2015.09.13-18.01.02:336][  0]SourceControl: Info 	new file:   PuppySim/Content/Models/Scenery/Objects/TonsOfCabinets/CabinetMat.uasset
[2015.09.13-18.01.02:336][  0]SourceControl: Info 	new file:   PuppySim/Content/Models/Scenery/Objects/TonsOfCabinets/OtherCabby/Cabby2.uasset
[2015.09.13-18.01.02:336][  0]SourceControl: Info 	new file:   PuppySim/Content/Models/Scenery/Objects/TonsOfCabinets/OtherCabby/Cabby2_PhysicsAsset.uasset
[2015.09.13-18.01.02:336][  0]SourceControl: Info 	new file:   PuppySim/Content/Models/Scenery/Objects/TonsOfCabinets/OtherCabby/Cabby3.uasset
[2015.09.13-18.01.02:336][  0]SourceControl: Info 	new file:   PuppySim/Content/Models/Scenery/Objects/TonsOfCabinets/OtherCabby/Cabby3_PhysicsAsset.uasset
[2015.09.13-18.01.02:336][  0]SourceControl: Info 	new file:   PuppySim/Content/Models/Scenery/Objects/TonsOfCabinets/OtherCabby/Cabby4.uasset
[2015.09.13-18.01.02:336][  0]SourceControl: Info 	new file:   PuppySim/Content/Models/Scenery/Objects/TonsOfCabinets/OtherCabby/Cabby4_PhysicsAsset.uasset
[2015.09.13-18.01.02:336][  0]SourceControl: Info 	new file:   PuppySim/Content/Models/Scenery/Objects/TonsOfCabinets/OtherCabby/Cabby5.uasset
[2015.09.13-18.01.02:336][  0]SourceControl: Info 	new file:   PuppySim/Content/Models/Scenery/Objects/TonsOfCabinets/OtherCabby/Cabby5_PhysicsAsset.uasset
[2015.09.13-18.01.02:336][  0]SourceControl: Info 	new file:   PuppySim/Content/Models/Scenery/Objects/TonsOfCabinets/OtherCabby/Cabby6.uasset
[2015.09.13-18.01.02:337][  0]SourceControl: Info 	new file:   PuppySim/Content/Models/Scenery/Objects/TonsOfCabinets/OtherCabby/Cabby6_PhysicsAsset.uasset
[2015.09.13-18.01.02:337][  0]SourceControl: Info 	new file:   PuppySim/Content/Models/Scenery/Objects/TonsOfCabinets/OtherCabby/Cabby7.uasset
[2015.09.13-18.01.02:337][  0]SourceControl: Info 	new file:   PuppySim/Content/Models/Scenery/Objects/TonsOfCabinets/OtherCabby/Cabby7_PhysicsAsset.uasset
[2015.09.13-18.01.02:337][  0]SourceControl: Info 	new file:   PuppySim/Content/Models/Scenery/Objects/TonsOfCabinets/OtherCabby/Cabby8.uasset
[2015.09.13-18.01.02:337][  0]SourceControl: Info 	new file:   PuppySim/Content/Models/Scenery/Objects/TonsOfCabinets/OtherCabby/Cabby8_PhysicsAsset.uasset
[2015.09.13-18.01.02:337][  0]SourceControl: Info 	new file:   PuppySim/Content/Models/Scenery/Objects/counter/countertop_diff.uasset
[2015.09.13-18.01.02:337][  0]SourceControl: Info 	new file:   PuppySim/Content/Models/Scenery/Objects/counter/newcounterTest.uasset
[2015.09.13-18.01.02:337][  0]SourceControl: Info 	deleted:    PuppySim/Content/Models/Scenery/Objects/desk1.uasset
[2015.09.13-18.01.02:337][  0]SourceControl: Info 	deleted:    PuppySim/Content/Models/Scenery/Objects/kitche_chair.uasset
[2015.09.13-18.01.02:337][  0]SourceControl: Info Changes not staged for commit:
[2015.09.13-18.01.02:337][  0]SourceControl: Info   (use "git add <file>..." to update what will be committed)
[2015.09.13-18.01.02:337][  0]SourceControl: Info   (use "git checkout -- <file>..." to discard changes in working directory)
[2015.09.13-18.01.02:337][  0]SourceControl: Info 	modified:   PuppySim/Content/FirstPersonBP/Maps/Level1_v6test.umap
[2015.09.13-18.01.02:337][  0]SourceControl: Info 	modified:   PuppySim/Content/Models/Puppy/doge6Push.uasset
[2015.09.13-18.01.02:337][  0]SourceControl: Info 	modified:   PuppySim/Content/Models/Scenery/Objects/Desk/AnimDesk.uasset
[2015.09.13-18.01.02:337][  0]SourceControl: Info 	modified:   PuppySim/Content/Models/Scenery/Objects/Desk/DeskMat.uasset
[2015.09.13-18.01.02:337][  0]SourceControl: Info 	modified:   PuppySim/Content/Models/Scenery/Objects/Sink/Sink2.uasset
[2015.09.13-18.01.02:337][  0]SourceControl: Info 	modified:   PuppySim/Content/Models/Scenery/Objects/TonsOfCabinets/Cabby1.uasset
[2015.09.13-18.01.02:337][  0]SourceControl: Info 	modified:   PuppySim/Content/Models/Scenery/Objects/counter/KitchenCounter.uasset
[2015.09.13-18.01.02:337][  0]SourceControl: Info 	modified:   PuppySim/Intermediate/CachedAssetRegistry.bin
[2015.09.13-18.01.02:337][  0]SourceControl: Info 	modified:   PuppySim/Intermediate/Config/CoalescedSourceConfigs/Engine.ini
[2015.09.13-18.01.02:337][  0]SourceControl: Info 	modified:   PuppySim/Intermediate/Config/CoalescedSourceConfigs/Game.ini
[2015.09.13-18.01.02:337][  0]SourceControl: Info 	modified:   PuppySim/Saved/Config/Windows/Editor.ini
[2015.09.13-18.01.02:337][  0]SourceControl: Info 	modified:   PuppySim/Saved/Config/Windows/EditorPerProjectUserSettings.ini
[2015.09.13-18.01.02:337][  0]SourceControl: Info 	modified:   PuppySim/Saved/Config/Windows/Engine.ini
[2015.09.13-18.01.02:337][  0]SourceControl: Info 	modified:   PuppySim/Saved/Logs/PuppySim.log
[2015.09.13-18.01.02:337][  0]LogContentStreaming: Texture pool size now 700 MB
[2015.09.13-18.01.02:489][  0]LogRenderer: Reallocating scene render targets to support 764x448 (Frame:2).
[2015.09.13-18.01.02:859][  7]LogAssetRegistry: Asset discovery search completed in 3.2231 seconds
[2015.09.13-18.01.02:860][  7]LogCollectionManager: Rebuilt the object cache for 0 collections in 0.000001 seconds (found 0 objects)
[2015.09.13-18.01.02:860][  7]LogCollectionManager: Fixed up redirectors for 0 collections in 0.000028 seconds (updated 0 objects)
[2015.09.13-18.01.26:825][148]LogMaterial: Missing cached shader map for material KitchenCounter2, compiling. 
[2015.09.13-18.01.26:930][148]LogAIModule: Creating AISystem for world Level1_v6test
[2015.09.13-18.01.26:941][148]LogActorComponent: UnregisterComponent: (/Engine/Transient.CharMoveComp) Not registered. Aborting.
[2015.09.13-18.01.26:983][148]Cmd: MAP LOAD FILE="D:/Data/Unreal Projects/PuppyGame/PuppySim/Content/FirstPersonBP/Maps/Level1_v6test.umap" TEMPLATE=0 SHOWPROGRESS=1 FEATURELEVEL=3
[2015.09.13-18.01.26:983][148]LightingResults: New page: Lighting Build
[2015.09.13-18.01.27:003][148]LoadErrors: New page: Loading map: Level1_v6test.umap
[2015.09.13-18.01.27:003][148]MapCheck: New page: Map Check
[2015.09.13-18.01.27:003][148]LightingResults: New page: Lighting Build
[2015.09.13-18.01.27:016][148]LogParticles: Destroying 0 GPU particle simulations for FXSystem 0x0000009A6DB09B20
[2015.09.13-18.01.27:071][148]LogEditorServer: Finished looking for orphan Actors (0.000 secs)
[2015.09.13-18.01.27:115][148]Cmd: MAP CHECKDEP NOCLEARLOG
[2015.09.13-18.01.27:190][148]MapCheck: Info Map check complete: 0 Error(s), 0 Warning(s), took 74.862ms to complete.
[2015.09.13-18.01.27:191][148]LogFileHelpers: Loading map 'Level1_v6test' took 0.209
[2015.09.13-18.01.55:121][579]LogEditorViewport: Clicking on Actor (LMB): StaticMeshActor (WallFloor2)
[2015.09.13-18.01.56:104][627]LogActorComponent: UnregisterComponent: (/Engine/Transient.CharMoveComp) Not registered. Aborting.
[2015.09.13-18.02.01:490][843]SourceControl: Info fatal: C:/Program Files/Epic Games/4.9/Engine/Content/ArtTools/RenderToTexture/Blueprints/PhysMesh.uasset: 'C:/Program Files/Epic Games/4.9/Engine/Content/ArtTools/RenderToTexture/Blueprints/PhysMesh.uasset' is outside repository
[2015.09.13-18.02.01:490][843]SourceControl: Info fatal: C:/Program Files/Epic Games/4.9/Engine/Content/ArtTools/RenderToTexture/Enums/EFloatTypes.uasset: 'C:/Program Files/Epic Games/4.9/Engine/Content/ArtTools/RenderToTexture/Enums/EFloatTypes.uasset' is outside repository
[2015.09.13-18.02.01:490][843]SourceControl: Info fatal: C:/Program Files/Epic Games/4.9/Engine/Content/ArtTools/RenderToTexture/Macros/RenderToTextureMacros.uasset: 'C:/Program Files/Epic Games/4.9/Engine/Content/ArtTools/RenderToTexture/Macros/RenderToTextureMacros.uasset' is outside repository
[2015.09.13-18.02.01:490][843]SourceControl: Info fatal: C:/Program Files/Epic Games/4.9/Engine/Content/ArtTools/RenderToTexture/MaterialFunctions/BoundingSphereBased_0-1_UVW.uasset: 'C:/Program Files/Epic Games/4.9/Engine/Content/ArtTools/RenderToTexture/MaterialFunctions/BoundingSphereBased_0-1_UVW.uasset' is outside repository
[2015.09.13-18.02.01:490][843]SourceControl: Info fatal: C:/Program Files/Epic Games/4.9/Engine/Content/ArtTools/RenderToTexture/Materials/MPC_R2T.uasset: 'C:/Program Files/Epic Games/4.9/Engine/Content/ArtTools/RenderToTexture/Materials/MPC_R2T.uasset' is outside repository
[2015.09.13-18.02.01:490][843]SourceControl: Info fatal: C:/Program Files/Epic Games/4.9/Engine/Content/ArtTools/RenderToTexture/Materials/Debug/M_2sidedLit.uasset: 'C:/Program Files/Epic Games/4.9/Engine/Content/ArtTools/RenderToTexture/Materials/Debug/M_2sidedLit.uasset' is outside repository
[2015.09.13-18.02.01:490][843]SourceControl: Info fatal: C:/Program Files/Epic Games/4.9/Engine/Content/ArtTools/RenderToTexture/Materials/Flipbooks/M_FlipBookCounter_01.uasset: 'C:/Program Files/Epic Games/4.9/Engine/Content/ArtTools/RenderToTexture/Materials/Flipbooks/M_FlipBookCounter_01.uasset' is outside repository
[2015.09.13-18.02.01:490][843]SourceControl: Info fatal: C:/Program Files/Epic Games/4.9/Engine/Content/ArtTools/RenderToTexture/Materials/Imposters/M_ImposterTest_01.uasset: 'C:/Program Files/Epic Games/4.9/Engine/Content/ArtTools/RenderToTexture/Materials/Imposters/M_ImposterTest_01.uasset' is outside repository
[2015.09.13-18.02.01:490][843]SourceControl: Info fatal: C:/Program Files/Epic Games/4.9/Engine/Content/ArtTools/RenderToTexture/Meshes/ShadowTestMesh.uasset: 'C:/Program Files/Epic Games/4.9/Engine/Content/ArtTools/RenderToTexture/Meshes/ShadowTestMesh.uasset' is outside repository
[2015.09.13-18.02.01:490][843]SourceControl: Info fatal: C:/Program Files/Epic Games/4.9/Engine/Content/ArtTools/RenderToTexture/Textures/127grey.uasset: 'C:/Program Files/Epic Games/4.9/Engine/Content/ArtTools/RenderToTexture/Textures/127grey.uasset' is outside repository
[2015.09.13-18.02.01:491][843]SourceControl: Info fatal: C:/Program Files/Epic Games/4.9/Engine/Content/ArtTools/RenderToTexture/Textures/FlipbookMotionVectors/Position1.uasset: 'C:/Program Files/Epic Games/4.9/Engine/Content/ArtTools/RenderToTexture/Textures/FlipbookMotionVectors/Position1.uasset' is outside repository
[2015.09.13-18.02.01:491][843]SourceControl: Info fatal: C:/Program Files/Epic Games/4.9/Engine/Content/BasicShapes/BasicShapeMaterial.uasset: 'C:/Program Files/Epic Games/4.9/Engine/Content/BasicShapes/BasicShapeMaterial.uasset' is outside repository
[2015.09.13-18.02.01:491][843]SourceControl: Info fatal: C:/Program Files/Epic Games/4.9/Engine/Content/BufferVisualization/AmbientOcclusion.uasset: 'C:/Program Files/Epic Games/4.9/Engine/Content/BufferVisualization/AmbientOcclusion.uasset' is outside repository
[2015.09.13-18.02.01:491][843]SourceControl: Info fatal: C:/Program Files/Epic Games/4.9/Engine/Content/Editor/Slate/Icons/AssetIcons/Cone_16x.uasset: 'C:/Program Files/Epic Games/4.9/Engine/Content/Editor/Slate/Icons/AssetIcons/Cone_16x.uasset' is outside repository
[2015.09.13-18.02.01:491][843]SourceControl: Info fatal: C:/Program Files/Epic Games/4.9/Engine/Content/EditorBlueprintResources/ActorMacros.uasset: 'C:/Program Files/Epic Games/4.9/Engine/Content/EditorBlueprintResources/ActorMacros.uasset' is outside repository
[2015.09.13-18.02.01:491][843]SourceControl: Info fatal: C:/Program Files/Epic Games/4.9/Engine/Content/EditorKismetResources/StandardMacros.uasset: 'C:/Program Files/Epic Games/4.9/Engine/Content/EditorKismetResources/StandardMacros.uasset' is outside repository
[2015.09.13-18.02.01:491][843]SourceControl: Info fatal: C:/Program Files/Epic Games/4.9/Engine/Content/EditorLandscapeResources/AlphaBrushMaterial.uasset: 'C:/Program Files/Epic Games/4.9/Engine/Content/EditorLandscapeResources/AlphaBrushMaterial.uasset' is outside repository
[2015.09.13-18.02.01:491][843]SourceControl: Info fatal: C:/Program Files/Epic Games/4.9/Engine/Content/EditorMaterials/Anchor.uasset: 'C:/Program Files/Epic Games/4.9/Engine/Content/EditorMaterials/Anchor.uasset' is outside repository
[2015.09.13-18.02.01:491][843]SourceControl: Info fatal: C:/Program Files/Epic Games/4.9/Engine/Content/EditorMaterials/TreeArrow_ExpandedRealtimePreview.uasset: 'C:/Program Files/Epic Games/4.9/Engine/Content/EditorMaterials/TreeArrow_ExpandedRealtimePreview.uasset' is outside repository
[2015.09.13-18.02.01:491][843]SourceControl: Info fatal: C:/Program Files/Epic Games/4.9/Engine/Content/EditorMaterials/Cascade/CASC_BackgroundCube_MAT.uasset: 'C:/Program Files/Epic Games/4.9/Engine/Content/EditorMaterials/Cascade/CASC_BackgroundCube_MAT.uasset' is outside repository
[2015.09.13-18.02.01:491][843]SourceControl: Info fatal: C:/Program Files/Epic Games/4.9/Engine/Content/EditorMaterials/Matinee/MAT_EnableTrack_Mat.uasset: 'C:/Program Files/Epic Games/4.9/Engine/Content/EditorMaterials/Matinee/MAT_EnableTrack_Mat.uasset' is outside repository
[2015.09.13-18.02.01:492][843]SourceControl: Info fatal: C:/Program Files/Epic Games/4.9/Engine/Content/EditorMaterials/MatineeGroups/MAT_ColorTrack.uasset: 'C:/Program Files/Epic Games/4.9/Engine/Content/EditorMaterials/MatineeGroups/MAT_ColorTrack.uasset' is outside repository
[2015.09.13-18.02.01:492][843]SourceControl: Info fatal: C:/Program Files/Epic Games/4.9/Engine/Content/EditorMaterials/ParticleSystems/PSysThumbnail_NoImage.uasset: 'C:/Program Files/Epic Games/4.9/Engine/Content/EditorMaterials/ParticleSystems/PSysThumbnail_NoImage.uasset' is outside repository
[2015.09.13-18.02.01:492][843]SourceControl: Info fatal: C:/Program Files/Epic Games/4.9/Engine/Content/EditorMaterials/Thumbnails/FloorPlaneMaterial.uasset: 'C:/Program Files/Epic Games/4.9/Engine/Content/EditorMaterials/Thumbnails/FloorPlaneMaterial.uasset' is outside repository
[2015.09.13-18.02.01:492][843]SourceControl: Info fatal: C:/Program Files/Epic Games/4.9/Engine/Content/EditorMaterials/Utilities/ImageReflectionPreview.uasset: 'C:/Program Files/Epic Games/4.9/Engine/Content/EditorMaterials/Utilities/ImageReflectionPreview.uasset' is outside repository
[2015.09.13-18.02.01:492][843]SourceControl: Info fatal: C:/Program Files/Epic Games/4.9/Engine/Content/EditorMeshes/AnimTreeEd_PreviewFloor.uasset: 'C:/Program Files/Epic Games/4.9/Engine/Content/EditorMeshes/AnimTreeEd_PreviewFloor.uasset' is outside repository
[2015.09.13-18.02.01:492][843]SourceControl: Info fatal: C:/Program Files/Epic Games/4.9/Engine/Content/EditorMeshes/Cascade/BackgroundCube.uasset: 'C:/Program Files/Epic Games/4.9/Engine/Content/EditorMeshes/Cascade/BackgroundCube.uasset' is outside repository
[2015.09.13-18.02.01:492][843]SourceControl: Info fatal: C:/Program Files/Epic Games/4.9/Engine/Content/EditorMeshes/ColorCalibrator/M_ChromeBall.uasset: 'C:/Program Files/Epic Games/4.9/Engine/Content/EditorMeshes/ColorCalibrator/M_ChromeBall.uasset' is outside repository
[2015.09.13-18.02.01:492][843]SourceControl: Info fatal: C:/Program Files/Epic Games/4.9/Engine/Content/EditorMeshes/SkeletalMesh/DefaultSkeletalMesh.uasset: 'C:/Program Files/Epic Games/4.9/Engine/Content/EditorMeshes/SkeletalMesh/DefaultSkeletalMesh.uasset' is outside repository
[2015.09.13-18.02.01:492][843]SourceControl: Info fatal: C:/Program Files/Epic Games/4.9/Engine/Content/EditorResources/Ai_Spawnpoint.uasset: 'C:/Program Files/Epic Games/4.9/Engine/Content/EditorResources/Ai_Spawnpoint.uasset' is outside repository
[2015.09.13-18.02.01:492][843]SourceControl: Info fatal: C:/Program Files/Epic Games/4.9/Engine/Content/EditorResources/S_Trigger.uasset: 'C:/Program Files/Epic Games/4.9/Engine/Content/EditorResources/S_Trigger.uasset' is outside repository
[2015.09.13-18.02.01:492][843]SourceControl: Info fatal: C:/Program Files/Epic Games/4.9/Engine/Content/EditorResources/AI/S_NavLink.uasset: 'C:/Program Files/Epic Games/4.9/Engine/Content/EditorResources/AI/S_NavLink.uasset' is outside repository
[2015.09.13-18.02.01:492][843]SourceControl: Info fatal: C:/Program Files/Epic Games/4.9/Engine/Content/EditorResources/AudioIcons/S_Ambient_Sound_Moveable.uasset: 'C:/Program Files/Epic Games/4.9/Engine/Content/EditorResources/AudioIcons/S_Ambient_Sound_Moveable.uasset' is outside repository
[2015.09.13-18.02.01:492][843]SourceControl: Info fatal: C:/Program Files/Epic Games/4.9/Engine/Content/EditorResources/Crowd/T_Crowd_Spline.uasset: 'C:/Program Files/Epic Games/4.9/Engine/Content/EditorResources/Crowd/T_Crowd_Spline.uasset' is outside repository
[2015.09.13-18.02.01:493][843]SourceControl: Info fatal: C:/Program Files/Epic Games/4.9/Engine/Content/EditorResources/LightIcons/Light_Point_Stationary_Statics.uasset: 'C:/Program Files/Epic Games/4.9/Engine/Content/EditorResources/LightIcons/Light_Point_Stationary_Statics.uasset' is outside repository
[2015.09.13-18.02.01:493][843]SourceControl: Info fatal: C:/Program Files/Epic Games/4.9/Engine/Content/EditorResources/Spline/T_Loft_Spline.uasset: 'C:/Program Files/Epic Games/4.9/Engine/Content/EditorResources/Spline/T_Loft_Spline.uasset' is outside repository
[2015.09.13-18.02.01:493][843]SourceControl: Info fatal: C:/Program Files/Epic Games/4.9/Engine/Content/EditorShapes/Materials/MI_ShapeInstance.uasset: 'C:/Program Files/Epic Games/4.9/Engine/Content/EditorShapes/Materials/MI_ShapeInstance.uasset' is outside repository
[2015.09.13-18.02.01:493][843]SourceControl: Info fatal: C:/Program Files/Epic Games/4.9/Engine/Content/EditorShapes/Textures/T_ShapeDiffuse.uasset: 'C:/Program Files/Epic Games/4.9/Engine/Content/EditorShapes/Textures/T_ShapeDiffuse.uasset' is outside repository
[2015.09.13-18.02.01:493][843]SourceControl: Info fatal: C:/Program Files/Epic Games/4.9/Engine/Content/EditorShellMaterials/MI_BaseFlat.uasset: 'C:/Program Files/Epic Games/4.9/Engine/Content/EditorShellMaterials/MI_BaseFlat.uasset' is outside repository
[2015.09.13-18.02.01:493][843]SourceControl: Info fatal: C:/Program Files/Epic Games/4.9/Engine/Content/EditorShellMaterials/ManualUVs/MI_BaseGrid_MUV.uasset: 'C:/Program Files/Epic Games/4.9/Engine/Content/EditorShellMaterials/ManualUVs/MI_BaseGrid_MUV.uasset' is outside repository
[2015.09.13-18.02.01:493][843]SourceControl: Info fatal: C:/Program Files/Epic Games/4.9/Engine/Content/EditorShellMaterials/SketchUp/MI_BaseGrid_WUV_SketchUp.uasset: 'C:/Program Files/Epic Games/4.9/Engine/Content/EditorShellMaterials/SketchUp/MI_BaseGrid_WUV_SketchUp.uasset' is outside repository
[2015.09.13-18.02.01:493][843]SourceControl: Info fatal: C:/Program Files/Epic Games/4.9/Engine/Content/EditorShellMaterials/WorldUVs/MI_BaseGrid_WUV.uasset: 'C:/Program Files/Epic Games/4.9/Engine/Content/EditorShellMaterials/WorldUVs/MI_BaseGrid_WUV.uasset' is outside repository
[2015.09.13-18.02.01:493][843]SourceControl: Info fatal: C:/Program Files/Epic Games/4.9/Engine/Content/EditorSounds/GamePreview/EjectFromPlayer.uasset: 'C:/Program Files/Epic Games/4.9/Engine/Content/EditorSounds/GamePreview/EjectFromPlayer.uasset' is outside repository
[2015.09.13-18.02.01:494][843]SourceControl: Info fatal: C:/Program Files/Epic Games/4.9/Engine/Content/EditorSounds/Notifications/CompileFailed.uasset: 'C:/Program Files/Epic Games/4.9/Engine/Content/EditorSounds/Notifications/CompileFailed.uasset' is outside repository
[2015.09.13-18.02.01:494][843]SourceControl: Info fatal: C:/Program Files/Epic Games/4.9/Engine/Content/EngineAnimNotifies/AnimNotify_PlayParticleEffect.uasset: 'C:/Program Files/Epic Games/4.9/Engine/Content/EngineAnimNotifies/AnimNotify_PlayParticleEffect.uasset' is outside repository
[2015.09.13-18.02.01:494][843]SourceControl: Info fatal: C:/Program Files/Epic Games/4.9/Engine/Content/EngineDamageTypes/DmgTypeBP_Environmental.uasset: 'C:/Program Files/Epic Games/4.9/Engine/Content/EngineDamageTypes/DmgTypeBP_Environmental.uasset' is outside repository
[2015.09.13-18.02.01:494][843]SourceControl: Info fatal: C:/Program Files/Epic Games/4.9/Engine/Content/EngineDebugMaterials/BlackUnlitMaterial.uasset: 'C:/Program Files/Epic Games/4.9/Engine/Content/EngineDebugMaterials/BlackUnlitMaterial.uasset' is outside repository
[2015.09.13-18.02.01:494][843]SourceControl: Info fatal: C:/Program Files/Epic Games/4.9/Engine/Content/EngineDebugMaterials/LightingModels/M_TextureDefinedSpecularReflecti.uasset: 'C:/Program Files/Epic Games/4.9/Engine/Content/EngineDebugMaterials/LightingModels/M_TextureDefinedSpecularReflecti.uasset' is outside repository
[2015.09.13-18.02.01:494][843]SourceControl: Info fatal: C:/Program Files/Epic Games/4.9/Engine/Content/EngineFonts/Roboto.uasset: 'C:/Program Files/Epic Games/4.9/Engine/Content/EngineFonts/Roboto.uasset' is outside repository
[2015.09.13-18.02.01:494][843]SourceControl: Info fatal: C:/Program Files/Epic Games/4.9/Engine/Content/EngineLightProfiles/180Degree_IES.uasset: 'C:/Program Files/Epic Games/4.9/Engine/Content/EngineLightProfiles/180Degree_IES.uasset' is outside repository
[2015.09.13-18.02.01:494][843]SourceControl: Info fatal: C:/Program Files/Epic Games/4.9/Engine/Content/EngineMaterials/AntiAliasedTextMaterialTranslucent.uasset: 'C:/Program Files/Epic Games/4.9/Engine/Content/EngineMaterials/AntiAliasedTextMaterialTranslucent.uasset' is outside repository
[2015.09.13-18.02.01:494][843]SourceControl: Info fatal: C:/Program Files/Epic Games/4.9/Engine/Content/EngineMaterials/RandomMirrorDisc.uasset: 'C:/Program Files/Epic Games/4.9/Engine/Content/EngineMaterials/RandomMirrorDisc.uasset' is outside repository
[2015.09.13-18.02.01:494][843]SourceControl: Info fatal: C:/Program Files/Epic Games/4.9/Engine/Content/EngineMeshes/BackgroundCube.uasset: 'C:/Program Files/Epic Games/4.9/Engine/Content/EngineMeshes/BackgroundCube.uasset' is outside repository
[2015.09.13-18.02.01:494][843]SourceControl: Info fatal: C:/Program Files/Epic Games/4.9/Engine/Content/EngineProduction/ReferenceNormalMap.uasset: 'C:/Program Files/Epic Games/4.9/Engine/Content/EngineProduction/ReferenceNormalMap.uasset' is outside repository
[2015.09.13-18.02.01:494][843]SourceControl: Info fatal: C:/Program Files/Epic Games/4.9/Engine/Content/EngineResources/AICON-Green.uasset: 'C:/Program Files/Epic Games/4.9/Engine/Content/EngineResources/AICON-Green.uasset' is outside repository
[2015.09.13-18.02.01:495][843]SourceControl: Info fatal: C:/Program Files/Epic Games/4.9/Engine/Content/EngineResources/Cursors/Arrow.uasset: 'C:/Program Files/Epic Games/4.9/Engine/Content/EngineResources/Cursors/Arrow.uasset' is outside repository
[2015.09.13-18.02.01:495][843]SourceControl: Info fatal: C:/Program Files/Epic Games/4.9/Engine/Content/EngineSky/BP_Sky_Shere.uasset: 'C:/Program Files/Epic Games/4.9/Engine/Content/EngineSky/BP_Sky_Shere.uasset' is outside repository
[2015.09.13-18.02.01:495][843]SourceControl: Info fatal: C:/Program Files/Epic Games/4.9/Engine/Content/EngineSounds/Duck_Normal_Attack_MixMod.uasset: 'C:/Program Files/Epic Games/4.9/Engine/Content/EngineSounds/Duck_Normal_Attack_MixMod.uasset' is outside repository
[2015.09.13-18.02.01:495][843]SourceControl: Info fatal: C:/Program Files/Epic Games/4.9/Engine/Content/EngineSounds/ReverbSettings/Alley.uasset: 'C:/Program Files/Epic Games/4.9/Engine/Content/EngineSounds/ReverbSettings/Alley.uasset' is outside repository
[2015.09.13-18.02.01:495][843]SourceControl: Info fatal: C:/Program Files/Epic Games/4.9/Engine/Content/EngineTireTypes/DefaultTireType.uasset: 'C:/Program Files/Epic Games/4.9/Engine/Content/EngineTireTypes/DefaultTireType.uasset' is outside repository
[2015.09.13-18.02.01:495][843]SourceControl: Info fatal: C:/Program Files/Epic Games/4.9/Engine/Content/EngineVolumetrics/FalloffSphere/Materials/M_EV_FalloffSphere_Master_01.uasset: 'C:/Program Files/Epic Games/4.9/Engine/Content/EngineVolumetrics/FalloffSphere/Materials/M_EV_FalloffSphere_Master_01.uasset' is outside repository
[2015.09.13-18.02.01:495][843]SourceControl: Info fatal: C:/Program Files/Epic Games/4.9/Engine/Content/EngineVolumetrics/FalloffSphere/Mesh/S_EV_FalloffSphere_Mesh_01.uasset: 'C:/Program Files/Epic Games/4.9/Engine/Content/EngineVolumetrics/FalloffSphere/Mesh/S_EV_FalloffSphere_Mesh_01.uasset' is outside repository
[2015.09.13-18.02.01:495][843]SourceControl: Info fatal: C:/Program Files/Epic Games/4.9/Engine/Content/EngineVolumetrics/FogEnvironment/Materials/M_EV_FogEnvironment_Master_01.uasset: 'C:/Program Files/Epic Games/4.9/Engine/Content/EngineVolumetrics/FogEnvironment/Materials/M_EV_FogEnvironment_Master_01.uasset' is outside repository
[2015.09.13-18.02.01:495][843]SourceControl: Info fatal: C:/Program Files/Epic Games/4.9/Engine/Content/EngineVolumetrics/FogEnvironment/Mesh/S_EV_FogEnvironment_01_Mesh.uasset: 'C:/Program Files/Epic Games/4.9/Engine/Content/EngineVolumetrics/FogEnvironment/Mesh/S_EV_FogEnvironment_01_Mesh.uasset' is outside repository
[2015.09.13-18.02.01:495][843]SourceControl: Info fatal: C:/Program Files/Epic Games/4.9/Engine/Content/EngineVolumetrics/Fogsheet/T_EV_Fogsheet_FlareColors_01.uasset: 'C:/Program Files/Epic Games/4.9/Engine/Content/EngineVolumetrics/Fogsheet/T_EV_Fogsheet_FlareColors_01.uasset' is outside repository
[2015.09.13-18.02.01:495][843]SourceControl: Info fatal: C:/Program Files/Epic Games/4.9/Engine/Content/EngineVolumetrics/Fogsheet/Materials/M_EV_FogSheet_1sided_Master_01.uasset: 'C:/Program Files/Epic Games/4.9/Engine/Content/EngineVolumetrics/Fogsheet/Materials/M_EV_FogSheet_1sided_Master_01.uasset' is outside repository
[2015.09.13-18.02.01:495][843]SourceControl: Info fatal: C:/Program Files/Epic Games/4.9/Engine/Content/EngineVolumetrics/Fogsheet/Mesh/MI_Fogsheet_HideClose.uasset: 'C:/Program Files/Epic Games/4.9/Engine/Content/EngineVolumetrics/Fogsheet/Mesh/MI_Fogsheet_HideClose.uasset' is outside repository
[2015.09.13-18.02.01:496][843]SourceControl: Info fatal: C:/Program Files/Epic Games/4.9/Engine/Content/EngineVolumetrics/LightBeam/Materials/M_EV_Lightbeam_Master_01.uasset: 'C:/Program Files/Epic Games/4.9/Engine/Content/EngineVolumetrics/LightBeam/Materials/M_EV_Lightbeam_Master_01.uasset' is outside repository
[2015.09.13-18.02.01:496][843]SourceControl: Info fatal: C:/Program Files/Epic Games/4.9/Engine/Content/EngineVolumetrics/LightBeam/Mesh/S_EV_SimpleLightBeam_01.uasset: 'C:/Program Files/Epic Games/4.9/Engine/Content/EngineVolumetrics/LightBeam/Mesh/S_EV_SimpleLightBeam_01.uasset' is outside repository
[2015.09.13-18.02.01:496][843]SourceControl: Info fatal: C:/Program Files/Epic Games/4.9/Engine/Content/Engine_MI_Shaders/MI_Shader_BaseTileEx.uasset: 'C:/Program Files/Epic Games/4.9/Engine/Content/Engine_MI_Shaders/MI_Shader_BaseTileEx.uasset' is outside repository
[2015.09.13-18.02.01:496][843]SourceControl: Info fatal: C:/Program Files/Epic Games/4.9/Engine/Content/Engine_MI_Shaders/Instances/M_ES_Phong_Opaque_INST_01.uasset: 'C:/Program Files/Epic Games/4.9/Engine/Content/Engine_MI_Shaders/Instances/M_ES_Phong_Opaque_INST_01.uasset' is outside repository
[2015.09.13-18.02.01:496][843]SourceControl: Info fatal: C:/Program Files/Epic Games/4.9/Engine/Content/Engine_MI_Shaders/Textures/Bokeh.uasset: 'C:/Program Files/Epic Games/4.9/Engine/Content/Engine_MI_Shaders/Textures/Bokeh.uasset' is outside repository
[2015.09.13-18.02.01:496][843]SourceControl: Info fatal: C:/Program Files/Epic Games/4.9/Engine/Content/FunctionalTesting/Blueprints/AITesting_MoveGoal.uasset: 'C:/Program Files/Epic Games/4.9/Engine/Content/FunctionalTesting/Blueprints/AITesting_MoveGoal.uasset' is outside repository
[2015.09.13-18.02.01:496][843]SourceControl: Info fatal: C:/Program Files/Epic Games/4.9/Engine/Content/Functions/DistanceFields/Combiners/DistanceField_Intersection.uasset: 'C:/Program Files/Epic Games/4.9/Engine/Content/Functions/DistanceFields/Combiners/DistanceField_Intersection.uasset' is outside repository
[2015.09.13-18.02.01:496][843]SourceControl: Info fatal: C:/Program Files/Epic Games/4.9/Engine/Content/Functions/DistanceFields/Shapes/DistanceField_Capsule.uasset: 'C:/Program Files/Epic Games/4.9/Engine/Content/Functions/DistanceFields/Shapes/DistanceField_Capsule.uasset' is outside repository
[2015.09.13-18.02.01:496][843]SourceControl: Info fatal: C:/Program Files/Epic Games/4.9/Engine/Content/Functions/Engine_MaterialFunctions01/AlphaBlend/World_Aligned_Blend.uasset: 'C:/Program Files/Epic Games/4.9/Engine/Content/Functions/Engine_MaterialFunctions01/AlphaBlend/World_Aligned_Blend.uasset' is outside repository
[2015.09.13-18.02.01:496][843]SourceControl: Info fatal: C:/Program Files/Epic Games/4.9/Engine/Content/Functions/Engine_MaterialFunctions01/Coordinates/DrawLine-2D.uasset: 'C:/Program Files/Epic Games/4.9/Engine/Content/Functions/Engine_MaterialFunctions01/Coordinates/DrawLine-2D.uasset' is outside repository
[2015.09.13-18.02.01:496][843]SourceControl: Info fatal: C:/Program Files/Epic Games/4.9/Engine/Content/Functions/Engine_MaterialFunctions01/Debug/FunctionGraphSetup.uasset: 'C:/Program Files/Epic Games/4.9/Engine/Content/Functions/Engine_MaterialFunctions01/Debug/FunctionGraphSetup.uasset' is outside repository
[2015.09.13-18.02.01:496][843]SourceControl: Info fatal: C:/Program Files/Epic Games/4.9/Engine/Content/Functions/Engine_MaterialFunctions01/Density/ExponentialDensity.uasset: 'C:/Program Files/Epic Games/4.9/Engine/Content/Functions/Engine_MaterialFunctions01/Density/ExponentialDensity.uasset' is outside repository
[2015.09.13-18.02.01:497][843]SourceControl: Info fatal: C:/Program Files/Epic Games/4.9/Engine/Content/Functions/Engine_MaterialFunctions01/Gradient/BellCurve.uasset: 'C:/Program Files/Epic Games/4.9/Engine/Content/Functions/Engine_MaterialFunctions01/Gradient/BellCurve.uasset' is outside repository
[2015.09.13-18.02.01:497][843]SourceControl: Info fatal: C:/Program Files/Epic Games/4.9/Engine/Content/Functions/Engine_MaterialFunctions01/ImageAdjustment/3ColorBlend.uasset: 'C:/Program Files/Epic Games/4.9/Engine/Content/Functions/Engine_MaterialFunctions01/ImageAdjustment/3ColorBlend.uasset' is outside repository
[2015.09.13-18.02.01:497][843]SourceControl: Info fatal: C:/Program Files/Epic Games/4.9/Engine/Content/Functions/Engine_MaterialFunctions01/Lighting/PixelDepthOffset_Foliage.uasset: 'C:/Program Files/Epic Games/4.9/Engine/Content/Functions/Engine_MaterialFunctions01/Lighting/PixelDepthOffset_Foliage.uasset' is outside repository
[2015.09.13-18.02.01:497][843]SourceControl: Info fatal: C:/Program Files/Epic Games/4.9/Engine/Content/Functions/Engine_MaterialFunctions01/Opacity/AlphaOffset.uasset: 'C:/Program Files/Epic Games/4.9/Engine/Content/Functions/Engine_MaterialFunctions01/Opacity/AlphaOffset.uasset' is outside repository
[2015.09.13-18.02.01:497][843]SourceControl: Info fatal: C:/Program Files/Epic Games/4.9/Engine/Content/Functions/Engine_MaterialFunctions01/Reflections/ReflectionVectorSoft.uasset: 'C:/Program Files/Epic Games/4.9/Engine/Content/Functions/Engine_MaterialFunctions01/Reflections/ReflectionVectorSoft.uasset' is outside repository
[2015.09.13-18.02.01:497][843]SourceControl: Info fatal: C:/Program Files/Epic Games/4.9/Engine/Content/Functions/Engine_MaterialFunctions01/Shading/CalcLightsourceAngle.uasset: 'C:/Program Files/Epic Games/4.9/Engine/Content/Functions/Engine_MaterialFunctions01/Shading/CalcLightsourceAngle.uasset' is outside repository
[2015.09.13-18.02.01:497][843]SourceControl: Info fatal: C:/Program Files/Epic Games/4.9/Engine/Content/Functions/Engine_MaterialFunctions01/SpeedTree/SpeedTreeColorVariation.uasset: 'C:/Program Files/Epic Games/4.9/Engine/Content/Functions/Engine_MaterialFunctions01/SpeedTree/SpeedTreeColorVariation.uasset' is outside repository
[2015.09.13-18.02.01:497][843]SourceControl: Info fatal: C:/Program Files/Epic Games/4.9/Engine/Content/Functions/Engine_MaterialFunctions01/Texturing/BakedDisplacement.uasset: 'C:/Program Files/Epic Games/4.9/Engine/Content/Functions/Engine_MaterialFunctions01/Texturing/BakedDisplacement.uasset' is outside repository
[2015.09.13-18.02.01:497][843]SourceControl: Info fatal: C:/Program Files/Epic Games/4.9/Engine/Content/Functions/Engine_MaterialFunctions01/Vectors/MF_RotateVector_90.uasset: 'C:/Program Files/Epic Games/4.9/Engine/Content/Functions/Engine_MaterialFunctions01/Vectors/MF_RotateVector_90.uasset' is outside repository
[2015.09.13-18.02.01:497][843]SourceControl: Info fatal: C:/Program Files/Epic Games/4.9/Engine/Content/Functions/Engine_MaterialFunctions01/WorldPositionOffset/ConstantScalebyDistance.uasset: 'C:/Program Files/Epic Games/4.9/Engine/Content/Functions/Engine_MaterialFunctions01/WorldPositionOffset/ConstantScalebyDistance.uasset' is outside repository
[2015.09.13-18.02.01:497][843]SourceControl: Info fatal: C:/Program Files/Epic Games/4.9/Engine/Content/Functions/Engine_MaterialFunctions02/3PointLevels.uasset: 'C:/Program Files/Epic Games/4.9/Engine/Content/Functions/Engine_MaterialFunctions02/3PointLevels.uasset' is outside repository
[2015.09.13-18.02.01:498][843]SourceControl: Info fatal: C:/Program Files/Epic Games/4.9/Engine/Content/Functions/Engine_MaterialFunctions02/ExampleContent/3dParticleOpacityInstance.uasset: 'C:/Program Files/Epic Games/4.9/Engine/Content/Functions/Engine_MaterialFunctions02/ExampleContent/3dParticleOpacityInstance.uasset' is outside repository
[2015.09.13-18.02.01:498][843]SourceControl: Info fatal: C:/Program Files/Epic Games/4.9/Engine/Content/Functions/Engine_MaterialFunctions02/ExampleContent/MacroUVs/MacroUVs.uasset: 'C:/Program Files/Epic Games/4.9/Engine/Content/Functions/Engine_MaterialFunctions02/ExampleContent/MacroUVs/MacroUVs.uasset' is outside repository
[2015.09.13-18.02.01:498][843]SourceControl: Info fatal: C:/Program Files/Epic Games/4.9/Engine/Content/Functions/Engine_MaterialFunctions02/ExampleContent/TextureBasedWPO/DemoBox.uasset: 'C:/Program Files/Epic Games/4.9/Engine/Content/Functions/Engine_MaterialFunctions02/ExampleContent/TextureBasedWPO/DemoBox.uasset' is outside repository
[2015.09.13-18.02.01:498][843]SourceControl: Info fatal: C:/Program Files/Epic Games/4.9/Engine/Content/Functions/Engine_MaterialFunctions02/ExampleContent/Textures/DebugNumberPeriod.uasset: 'C:/Program Files/Epic Games/4.9/Engine/Content/Functions/Engine_MaterialFunctions02/ExampleContent/Textures/DebugNumberPeriod.uasset' is outside repository
[2015.09.13-18.02.01:498][843]SourceControl: Info fatal: C:/Program Files/Epic Games/4.9/Engine/Content/Functions/Engine_MaterialFunctions02/Gradients/GradientMap_Multi.uasset: 'C:/Program Files/Epic Games/4.9/Engine/Content/Functions/Engine_MaterialFunctions02/Gradients/GradientMap_Multi.uasset' is outside repository
[2015.09.13-18.02.01:498][843]SourceControl: Info fatal: C:/Program Files/Epic Games/4.9/Engine/Content/Functions/Engine_MaterialFunctions02/Math/AddComponents.uasset: 'C:/Program Files/Epic Games/4.9/Engine/Content/Functions/Engine_MaterialFunctions02/Math/AddComponents.uasset' is outside repository
[2015.09.13-18.02.01:498][843]SourceControl: Info fatal: C:/Program Files/Epic Games/4.9/Engine/Content/Functions/Engine_MaterialFunctions02/MAXScripts/MeshSequenceFlipbook_Script.uasset: 'C:/Program Files/Epic Games/4.9/Engine/Content/Functions/Engine_MaterialFunctions02/MAXScripts/MeshSequenceFlipbook_Script.uasset' is outside repository
[2015.09.13-18.02.01:498][843]SourceControl: Info fatal: C:/Program Files/Epic Games/4.9/Engine/Content/Functions/Engine_MaterialFunctions02/Normals/RotateNormalWhileMasking.uasset: 'C:/Program Files/Epic Games/4.9/Engine/Content/Functions/Engine_MaterialFunctions02/Normals/RotateNormalWhileMasking.uasset' is outside repository
[2015.09.13-18.02.01:498][843]SourceControl: Info fatal: C:/Program Files/Epic Games/4.9/Engine/Content/Functions/Engine_MaterialFunctions02/NotInUse/WorldAlignedNormals_HighQuality_optimizationAttempt.uasset: 'C:/Program Files/Epic Games/4.9/Engine/Content/Functions/Engine_MaterialFunctions02/NotInUse/WorldAlignedNormals_HighQuality_optimizationAttempt.uasset' is outside repository
[2015.09.13-18.02.01:498][843]SourceControl: Info fatal: C:/Program Files/Epic Games/4.9/Engine/Content/Functions/Engine_MaterialFunctions02/PivotPainter/PivotPainter_HierarchyData.uasset: 'C:/Program Files/Epic Games/4.9/Engine/Content/Functions/Engine_MaterialFunctions02/PivotPainter/PivotPainter_HierarchyData.uasset' is outside repository
[2015.09.13-18.02.01:498][843]SourceControl: Info fatal: C:/Program Files/Epic Games/4.9/Engine/Content/Functions/Engine_MaterialFunctions02/Texturing/3dParticleOpacity.uasset: 'C:/Program Files/Epic Games/4.9/Engine/Content/Functions/Engine_MaterialFunctions02/Texturing/3dParticleOpacity.uasset' is outside repository
[2015.09.13-18.02.01:499][843]SourceControl: Info fatal: C:/Program Files/Epic Games/4.9/Engine/Content/Functions/Engine_MaterialFunctions02/Utility/Append4.uasset: 'C:/Program Files/Epic Games/4.9/Engine/Content/Functions/Engine_MaterialFunctions02/Utility/Append4.uasset' is outside repository
[2015.09.13-18.02.01:499][843]SourceControl: Info fatal: C:/Program Files/Epic Games/4.9/Engine/Content/Functions/Engine_MaterialFunctions02/UVs/BoundingBoxBased_0-1_UVW.uasset: 'C:/Program Files/Epic Games/4.9/Engine/Content/Functions/Engine_MaterialFunctions02/UVs/BoundingBoxBased_0-1_UVW.uasset' is outside repository
[2015.09.13-18.02.01:499][843]SourceControl: Info fatal: C:/Program Files/Epic Games/4.9/Engine/Content/Functions/Engine_MaterialFunctions02/WorldPositionOffset/AdjustNormalsToCompensateForRotateAboutAxisOffset.uasset: 'C:/Program Files/Epic Games/4.9/Engine/Content/Functions/Engine_MaterialFunctions02/WorldPositionOffset/AdjustNormalsToCompensateForRotateAboutAxisOffset.uasset' is outside repository
[2015.09.13-18.02.01:499][843]SourceControl: Info fatal: C:/Program Files/Epic Games/4.9/Engine/Content/Functions/Engine_MaterialFunctions03/Blends/Blend_ColorBurn.uasset: 'C:/Program Files/Epic Games/4.9/Engine/Content/Functions/Engine_MaterialFunctions03/Blends/Blend_ColorBurn.uasset' is outside repository
[2015.09.13-18.02.01:499][843]SourceControl: Info fatal: C:/Program Files/Epic Games/4.9/Engine/Content/Functions/Engine_MaterialFunctions03/ComplexMotion/Motion_4WayChaos.uasset: 'C:/Program Files/Epic Games/4.9/Engine/Content/Functions/Engine_MaterialFunctions03/ComplexMotion/Motion_4WayChaos.uasset' is outside repository
[2015.09.13-18.02.01:499][843]SourceControl: Info fatal: C:/Program Files/Epic Games/4.9/Engine/Content/Functions/Engine_MaterialFunctions03/Particles/Distance_Blend.uasset: 'C:/Program Files/Epic Games/4.9/Engine/Content/Functions/Engine_MaterialFunctions03/Particles/Distance_Blend.uasset' is outside repository
[2015.09.13-18.02.01:499][843]SourceControl: Info fatal: C:/Program Files/Epic Games/4.9/Engine/Content/Functions/Engine_MaterialFunctions03/Procedurals/ComputeFilterWidth.uasset: 'C:/Program Files/Epic Games/4.9/Engine/Content/Functions/Engine_MaterialFunctions03/Procedurals/ComputeFilterWidth.uasset' is outside repository
[2015.09.13-18.02.01:499][843]SourceControl: Info fatal: C:/Program Files/Epic Games/4.9/Engine/Content/Functions/Engine_MaterialFunctions03/Texturing/CameraWorldBlend.uasset: 'C:/Program Files/Epic Games/4.9/Engine/Content/Functions/Engine_MaterialFunctions03/Texturing/CameraWorldBlend.uasset' is outside repository
[2015.09.13-18.02.01:499][843]SourceControl: Info fatal: C:/Program Files/Epic Games/4.9/Engine/Content/Functions/GetPostProcessFunctions/GetAmbientCubemapIntensity.uasset: 'C:/Program Files/Epic Games/4.9/Engine/Content/Functions/GetPostProcessFunctions/GetAmbientCubemapIntensity.uasset' is outside repository
[2015.09.13-18.02.01:499][843]SourceControl: Info fatal: C:/Program Files/Epic Games/4.9/Engine/Content/Functions/MaterialLayerFunctions/MatLayerBlend_AddWorldPositionOffset.uasset: 'C:/Program Files/Epic Games/4.9/Engine/Content/Functions/MaterialLayerFunctions/MatLayerBlend_AddWorldPositionOffset.uasset' is outside repository
[2015.09.13-18.02.01:499][843]SourceControl: Info fatal: C:/Program Files/Epic Games/4.9/Engine/Content/Maps/Entry.umap: 'C:/Program Files/Epic Games/4.9/Engine/Content/Maps/Entry.umap' is outside repository
[2015.09.13-18.02.01:499][843]SourceControl: Info fatal: C:/Program Files/Epic Games/4.9/Engine/Content/Maps/Templates/Template_Default.umap: 'C:/Program Files/Epic Games/4.9/Engine/Content/Maps/Templates/Template_Default.umap' is outside repository
[2015.09.13-18.02.01:500][843]SourceControl: Info fatal: C:/Program Files/Epic Games/4.9/Engine/Content/Maps/Templates/Thumbnails/Default.uasset: 'C:/Program Files/Epic Games/4.9/Engine/Content/Maps/Templates/Thumbnails/Default.uasset' is outside repository
[2015.09.13-18.02.01:500][843]SourceControl: Info fatal: C:/Program Files/Epic Games/4.9/Engine/Content/MapTemplates/Bokeh_5Sides.uasset: 'C:/Program Files/Epic Games/4.9/Engine/Content/MapTemplates/Bokeh_5Sides.uasset' is outside repository
[2015.09.13-18.02.01:500][843]SourceControl: Info fatal: C:/Program Files/Epic Games/4.9/Engine/Content/MapTemplates/lut/LUT_Afternoon.uasset: 'C:/Program Files/Epic Games/4.9/Engine/Content/MapTemplates/lut/LUT_Afternoon.uasset' is outside repository
[2015.09.13-18.02.01:500][843]SourceControl: Info fatal: C:/Program Files/Epic Games/4.9/Engine/Content/MapTemplates/Materials/BasicAsset01.uasset: 'C:/Program Files/Epic Games/4.9/Engine/Content/MapTemplates/Materials/BasicAsset01.uasset' is outside repository
[2015.09.13-18.02.01:500][843]SourceControl: Info fatal: C:/Program Files/Epic Games/4.9/Engine/Content/MapTemplates/Sky/DaylightAmbientCubemap.uasset: 'C:/Program Files/Epic Games/4.9/Engine/Content/MapTemplates/Sky/DaylightAmbientCubemap.uasset' is outside repository
[2015.09.13-18.02.01:500][843]SourceControl: Info fatal: C:/Program Files/Epic Games/4.9/Engine/Content/MaterialTemplates/Gradients/Gradient_Linear.uasset: 'C:/Program Files/Epic Games/4.9/Engine/Content/MaterialTemplates/Gradients/Gradient_Linear.uasset' is outside repository
[2015.09.13-18.02.01:500][843]SourceControl: Info fatal: C:/Program Files/Epic Games/4.9/Engine/Content/MaterialTemplates/PerfTricks/MultiChannelMask.uasset: 'C:/Program Files/Epic Games/4.9/Engine/Content/MaterialTemplates/PerfTricks/MultiChannelMask.uasset' is outside repository
[2015.09.13-18.02.01:500][843]SourceControl: Info fatal: C:/Program Files/Epic Games/4.9/Engine/Content/MaterialTemplates/Textures/T_multiMask.uasset: 'C:/Program Files/Epic Games/4.9/Engine/Content/MaterialTemplates/Textures/T_multiMask.uasset' is outside repository
[2015.09.13-18.02.01:500][843]SourceControl: Info fatal: C:/Program Files/Epic Games/4.9/Engine/Content/MaterialTemplates/VertexAnimation/AdvancedFlag.uasset: 'C:/Program Files/Epic Games/4.9/Engine/Content/MaterialTemplates/VertexAnimation/AdvancedFlag.uasset' is outside repository
[2015.09.13-18.02.01:500][843]SourceControl: Info fatal: C:/Program Files/Epic Games/4.9/Engine/Content/MobileResources/T_MobileControls_texture.uasset: 'C:/Program Files/Epic Games/4.9/Engine/Content/MobileResources/T_MobileControls_texture.uasset' is outside repository
[2015.09.13-18.02.01:500][843]SourceControl: Info fatal: C:/Program Files/Epic Games/4.9/Engine/Content/MobileResources/HUD/AnalogHat.uasset: 'C:/Program Files/Epic Games/4.9/Engine/Content/MobileResources/HUD/AnalogHat.uasset' is outside repository
[2015.09.13-18.02.01:500][843]SourceControl: Info fatal: C:/Program Files/Epic Games/4.9/Engine/Content/TemplateResources/MI_Template_BaseBlue.uasset: 'C:/Program Files/Epic Games/4.9/Engine/Content/TemplateResources/MI_Template_BaseBlue.uasset' is outside repository
[2015.09.13-18.02.01:501][843]SourceControl: Info fatal: C:/Program Files/Epic Games/4.9/Engine/Content/Tutorial/ContentIntroCurve.uasset: 'C:/Program Files/Epic Games/4.9/Engine/Content/Tutorial/ContentIntroCurve.uasset' is outside repository
[2015.09.13-18.02.01:501][843]SourceControl: Info fatal: C:/Program Files/Epic Games/4.9/Engine/Content/Tutorial/Audio/Audience.uasset: 'C:/Program Files/Epic Games/4.9/Engine/Content/Tutorial/Audio/Audience.uasset' is outside repository
[2015.09.13-18.02.01:501][843]SourceControl: Info fatal: C:/Program Files/Epic Games/4.9/Engine/Content/Tutorial/Basics/ContentBrowserOverview.uasset: 'C:/Program Files/Epic Games/4.9/Engine/Content/Tutorial/Basics/ContentBrowserOverview.uasset' is outside repository
[2015.09.13-18.02.01:501][843]SourceControl: Info fatal: C:/Program Files/Epic Games/4.9/Engine/Content/Tutorial/Basics/TutorialAssets/CameraActor_64x.uasset: 'C:/Program Files/Epic Games/4.9/Engine/Content/Tutorial/Basics/TutorialAssets/CameraActor_64x.uasset' is outside repository
[2015.09.13-18.02.01:501][843]SourceControl: Info fatal: C:/Program Files/Epic Games/4.9/Engine/Content/Tutorial/BlueprintTutorials/BlueprintEditorTutorial.uasset: 'C:/Program Files/Epic Games/4.9/Engine/Content/Tutorial/BlueprintTutorials/BlueprintEditorTutorial.uasset' is outside repository
[2015.09.13-18.02.01:501][843]SourceControl: Info fatal: C:/Program Files/Epic Games/4.9/Engine/Content/Tutorial/BlueprintTutorials/TutorialAssets/BlueprintFunctionLibrary_64x.uasset: 'C:/Program Files/Epic Games/4.9/Engine/Content/Tutorial/BlueprintTutorials/TutorialAssets/BlueprintFunctionLibrary_64x.uasset' is outside repository
[2015.09.13-18.02.01:501][843]SourceControl: Info fatal: C:/Program Files/Epic Games/4.9/Engine/Content/Tutorial/Code/AddingCode.uasset: 'C:/Program Files/Epic Games/4.9/Engine/Content/Tutorial/Code/AddingCode.uasset' is outside repository
[2015.09.13-18.02.01:501][843]SourceControl: Info fatal: C:/Program Files/Epic Games/4.9/Engine/Content/Tutorial/Foliage/FoliageWalkThrough.uasset: 'C:/Program Files/Epic Games/4.9/Engine/Content/Tutorial/Foliage/FoliageWalkThrough.uasset' is outside repository
[2015.09.13-18.02.01:501][843]SourceControl: Info fatal: C:/Program Files/Epic Games/4.9/Engine/Content/Tutorial/Foliage/TutorialAssets/Foliage.uasset: 'C:/Program Files/Epic Games/4.9/Engine/Content/Tutorial/Foliage/TutorialAssets/Foliage.uasset' is outside repository
[2015.09.13-18.02.01:501][843]SourceControl: Info fatal: C:/Program Files/Epic Games/4.9/Engine/Content/Tutorial/Installation/InstallingVisualStudioTutorial.uasset: 'C:/Program Files/Epic Games/4.9/Engine/Content/Tutorial/Installation/InstallingVisualStudioTutorial.uasset' is outside repository
[2015.09.13-18.02.01:501][843]SourceControl: Info fatal: C:/Program Files/Epic Games/4.9/Engine/Content/Tutorial/InWorldBlueprintEditing/IWBE_Tutorial.uasset: 'C:/Program Files/Epic Games/4.9/Engine/Content/Tutorial/InWorldBlueprintEditing/IWBE_Tutorial.uasset' is outside repository
[2015.09.13-18.02.01:501][843]SourceControl: Info fatal: C:/Program Files/Epic Games/4.9/Engine/Content/Tutorial/InWorldBlueprintEditing/TutorialAssets/IWBE_Blutility.uasset: 'C:/Program Files/Epic Games/4.9/Engine/Content/Tutorial/InWorldBlueprintEditing/TutorialAssets/IWBE_Blutility.uasset' is outside repository
[2015.09.13-18.02.01:502][843]SourceControl: Info fatal: C:/Program Files/Epic Games/4.9/Engine/Content/Tutorial/Landscape/LandscapeWalkThrough.uasset: 'C:/Program Files/Epic Games/4.9/Engine/Content/Tutorial/Landscape/LandscapeWalkThrough.uasset' is outside repository
[2015.09.13-18.02.01:502][843]SourceControl: Info fatal: C:/Program Files/Epic Games/4.9/Engine/Content/Tutorial/Landscape/TutorialAssets/Landscape.uasset: 'C:/Program Files/Epic Games/4.9/Engine/Content/Tutorial/Landscape/TutorialAssets/Landscape.uasset' is outside repository
[2015.09.13-18.02.01:502][843]SourceControl: Info fatal: C:/Program Files/Epic Games/4.9/Engine/Content/Tutorial/Mobile/CreatingSigningCertAndProvisionTutorial.uasset: 'C:/Program Files/Epic Games/4.9/Engine/Content/Tutorial/Mobile/CreatingSigningCertAndProvisionTutorial.uasset' is outside repository
[2015.09.13-18.02.01:502][843]SourceControl: Info fatal: C:/Program Files/Epic Games/4.9/Engine/Content/Tutorial/Mobile/TutorialAssets/android_Icon.uasset: 'C:/Program Files/Epic Games/4.9/Engine/Content/Tutorial/Mobile/TutorialAssets/android_Icon.uasset' is outside repository
[2015.09.13-18.02.01:502][843]SourceControl: Info fatal: C:/Program Files/Epic Games/4.9/Engine/Content/Tutorial/Paper2D/FlipbookEditorTutorial.uasset: 'C:/Program Files/Epic Games/4.9/Engine/Content/Tutorial/Paper2D/FlipbookEditorTutorial.uasset' is outside repository
[2015.09.13-18.02.01:502][843]SourceControl: Info fatal: C:/Program Files/Epic Games/4.9/Engine/Content/Tutorial/Paper2D/TutorialAssets/Paper2DFlipbook_TutorialIcon.uasset: 'C:/Program Files/Epic Games/4.9/Engine/Content/Tutorial/Paper2D/TutorialAssets/Paper2DFlipbook_TutorialIcon.uasset' is outside repository
[2015.09.13-18.02.01:502][843]SourceControl: Info fatal: C:/Program Files/Epic Games/4.9/Engine/Content/Tutorial/SubEditors/DestructibleMeshEditorTutorial.uasset: 'C:/Program Files/Epic Games/4.9/Engine/Content/Tutorial/SubEditors/DestructibleMeshEditorTutorial.uasset' is outside repository
[2015.09.13-18.02.01:502][843]SourceControl: Info fatal: C:/Program Files/Epic Games/4.9/Engine/Content/Tutorial/SubEditors/TutorialAssets/icon_Editor_Preferences_General_40x.uasset: 'C:/Program Files/Epic Games/4.9/Engine/Content/Tutorial/SubEditors/TutorialAssets/icon_Editor_Preferences_General_40x.uasset' is outside repository
[2015.09.13-18.02.01:502][843]SourceControl: Info fatal: C:/Program Files/Epic Games/4.9/Engine/Content/Tutorial/SubEditors/TutorialAssets/Character/NewBlendSpace1D.uasset: 'C:/Program Files/Epic Games/4.9/Engine/Content/Tutorial/SubEditors/TutorialAssets/Character/NewBlendSpace1D.uasset' is outside repository
[2015.09.13-18.02.01:502][843]SourceControl: Info fatal: C:/Program Files/Epic Games/4.9/Engine/Plugins/2D/Paper2D/Content/DefaultLitSpriteMaterial.uasset: 'C:/Program Files/Epic Games/4.9/Engine/Plugins/2D/Paper2D/Content/DefaultLitSpriteMaterial.uasset' is outside repository
[2015.09.13-18.02.01:502][843]SourceControl: Info fatal: C:/Program Files/Epic Games/4.9/Engine/Plugins/2D/Paper2D/Content/PlaceholderTextures/DummySpriteTexture.uasset: 'C:/Program Files/Epic Games/4.9/Engine/Plugins/2D/Paper2D/Content/PlaceholderTextures/DummySpriteTexture.uasset' is outside repository
[2015.09.13-18.02.01:502][843]SourceControl: Info fatal: C:/Program Files/Epic Games/4.9/Engine/Plugins/Runtime/LeapMotionController/Content/LM_CapsuleMesh.uasset: 'C:/Program Files/Epic Games/4.9/Engine/Plugins/Runtime/LeapMotionController/Content/LM_CapsuleMesh.uasset' is outside repository
[2015.09.13-18.02.01:502][843]SourceControl: Info fatal: C:/Program Files/Epic Games/4.9/Engine/Content/: 'C:/Program Files/Epic Games/4.9/Engine/Content/' is outside repository
[2015.09.13-18.02.19:286][843]LogSourceControl: FGitCheckInWorker: commit successful
[2015.09.13-18.02.19:396][843]SourceControl: Info [master 3b817c8] new materials and scenery files and anim_blueprints for cabinets
[2015.09.13-18.02.19:396][843]SourceControl: Info  40 files changed, 0 insertions(+), 0 deletions(-)
[2015.09.13-18.02.19:396][843]SourceControl: Info  create mode 100644 PuppySim/Content/FirstPersonBP/Maps/Level1_v6test.umap
[2015.09.13-18.02.19:396][843]SourceControl: Info  create mode 100644 PuppySim/Content/Models/Scenery/Objects/Desk/AnimDesk.uasset
[2015.09.13-18.02.19:396][843]SourceControl: Info  rewrite PuppySim/Content/Models/Scenery/Objects/Desk/DeskMat.uasset (91%)
[2015.09.13-18.02.19:396][843]SourceControl: Info  create mode 100644 PuppySim/Content/Models/Scenery/Objects/Desk/desk2.uasset
[2015.09.13-18.02.19:396][843]SourceControl: Info  create mode 100644 PuppySim/Content/Models/Scenery/Objects/Fridge/Anim_Fridge.uasset
[2015.09.13-18.02.19:396][843]SourceControl: Info  create mode 100644 PuppySim/Content/Models/Scenery/Objects/Fridge/Fridge.uasset
[2015.09.13-18.02.19:396][843]SourceControl: Info  create mode 100644 PuppySim/Content/Models/Scenery/Objects/Fridge/Fridge3.uasset
[2015.09.13-18.02.19:396][843]SourceControl: Info  create mode 100644 PuppySim/Content/Models/Scenery/Objects/Fridge/Fridge3_Anim_FridgeBones_FridgeOpen.uasset
[2015.09.13-18.02.19:396][843]SourceControl: Info  create mode 100644 PuppySim/Content/Models/Scenery/Objects/Fridge/Fridge3_Anim_FridgeBones_Fridge_Idle.uasset
[2015.09.13-18.02.19:396][843]SourceControl: Info  create mode 100644 PuppySim/Content/Models/Scenery/Objects/Fridge/Fridge3_PhysicsAsset.uasset
[2015.09.13-18.02.19:396][843]SourceControl: Info  create mode 100644 PuppySim/Content/Models/Scenery/Objects/Fridge/Fridge3_Skeleton.uasset
[2015.09.13-18.02.19:396][843]SourceControl: Info  create mode 100644 PuppySim/Content/Models/Scenery/Objects/Fridge/fridge_diffuze.uasset
[2015.09.13-18.02.19:396][843]SourceControl: Info  create mode 100644 PuppySim/Content/Models/Scenery/Objects/Sink/Sink2.uasset
[2015.09.13-18.02.19:396][843]SourceControl: Info  create mode 100644 PuppySim/Content/Models/Scenery/Objects/Sink/Sink3.uasset
[2015.09.13-18.02.19:396][843]SourceControl: Info  create mode 100644 PuppySim/Content/Models/Scenery/Objects/Sink/sink_diffuze.uasset
[2015.09.13-18.02.19:396][843]SourceControl: Info  create mode 100644 PuppySim/Content/Models/Scenery/Objects/TonsOfCabinets/Anim_Cabbynet.uasset
[2015.09.13-18.02.19:396][843]SourceControl: Info  create mode 100644 PuppySim/Content/Models/Scenery/Objects/TonsOfCabinets/Cabby1.uasset
[2015.09.13-18.02.19:396][843]SourceControl: Info  create mode 100644 PuppySim/Content/Models/Scenery/Objects/TonsOfCabinets/Cabby1_Anim_CabinetBones1_IdleClosed.uasset
[2015.09.13-18.02.19:396][843]SourceControl: Info  create mode 100644 PuppySim/Content/Models/Scenery/Objects/TonsOfCabinets/Cabby1_Anim_CabinetBones1_Open.uasset
[2015.09.13-18.02.19:396][843]SourceControl: Info  create mode 100644 PuppySim/Content/Models/Scenery/Objects/TonsOfCabinets/Cabby1_PhysicsAsset.uasset
[2015.09.13-18.02.19:396][843]SourceControl: Info  create mode 100644 PuppySim/Content/Models/Scenery/Objects/TonsOfCabinets/Cabby1_Skeleton.uasset
[2015.09.13-18.02.19:396][843]SourceControl: Info  create mode 100644 PuppySim/Content/Models/Scenery/Objects/TonsOfCabinets/CabinetMat.uasset
[2015.09.13-18.02.19:396][843]SourceControl: Info  create mode 100644 PuppySim/Content/Models/Scenery/Objects/TonsOfCabinets/OtherCabby/Cabby2.uasset
[2015.09.13-18.02.19:396][843]SourceControl: Info  create mode 100644 PuppySim/Content/Models/Scenery/Objects/TonsOfCabinets/OtherCabby/Cabby2_PhysicsAsset.uasset
[2015.09.13-18.02.19:396][843]SourceControl: Info  create mode 100644 PuppySim/Content/Models/Scenery/Objects/TonsOfCabinets/OtherCabby/Cabby3.uasset
[2015.09.13-18.02.19:396][843]SourceControl: Info  create mode 100644 PuppySim/Content/Models/Scenery/Objects/TonsOfCabinets/OtherCabby/Cabby3_PhysicsAsset.uasset
[2015.09.13-18.02.19:396][843]SourceControl: Info  create mode 100644 PuppySim/Content/Models/Scenery/Objects/TonsOfCabinets/OtherCabby/Cabby4.uasset
[2015.09.13-18.02.19:396][843]SourceControl: Info  create mode 100644 PuppySim/Content/Models/Scenery/Objects/TonsOfCabinets/OtherCabby/Cabby4_PhysicsAsset.uasset
[2015.09.13-18.02.19:397][843]SourceControl: Info  create mode 100644 PuppySim/Content/Models/Scenery/Objects/TonsOfCabinets/OtherCabby/Cabby5.uasset
[2015.09.13-18.02.19:397][843]SourceControl: Info  create mode 100644 PuppySim/Content/Models/Scenery/Objects/TonsOfCabinets/OtherCabby/Cabby5_PhysicsAsset.uasset
[2015.09.13-18.02.19:397][843]SourceControl: Info  create mode 100644 PuppySim/Content/Models/Scenery/Objects/TonsOfCabinets/OtherCabby/Cabby6.uasset
[2015.09.13-18.02.19:397][843]SourceControl: Info  create mode 100644 PuppySim/Content/Models/Scenery/Objects/TonsOfCabinets/OtherCabby/Cabby6_PhysicsAsset.uasset
[2015.09.13-18.02.19:397][843]SourceControl: Info  create mode 100644 PuppySim/Content/Models/Scenery/Objects/TonsOfCabinets/OtherCabby/Cabby7.uasset
[2015.09.13-18.02.19:397][843]SourceControl: Info  create mode 100644 PuppySim/Content/Models/Scenery/Objects/TonsOfCabinets/OtherCabby/Cabby7_PhysicsAsset.uasset
[2015.09.13-18.02.19:397][843]SourceControl: Info  create mode 100644 PuppySim/Content/Models/Scenery/Objects/TonsOfCabinets/OtherCabby/Cabby8.uasset
[2015.09.13-18.02.19:397][843]SourceControl: Info  create mode 100644 PuppySim/Content/Models/Scenery/Objects/TonsOfCabinets/OtherCabby/Cabby8_PhysicsAsset.uasset
[2015.09.13-18.02.19:397][843]SourceControl: Info  rewrite PuppySim/Content/Models/Scenery/Objects/counter/KitchenCounter.uasset (91%)
[2015.09.13-18.02.19:397][843]SourceControl: Info  create mode 100644 PuppySim/Content/Models/Scenery/Objects/counter/countertop_diff.uasset
[2015.09.13-18.02.19:397][843]SourceControl: Info  create mode 100644 PuppySim/Content/Models/Scenery/Objects/counter/newcounterTest.uasset
[2015.09.13-18.02.19:400][843]SourceControl: Info Commited [master 3b817c8] new materials and scenery files and anim_blueprints for cabinets.
[2015.09.13-18.02.28:816][240]LogWindowsTextInputMethodSystem:Display: IME system now deactivated.
[2015.09.13-18.02.29:093][241]Cmd: QUIT_EDITOR
[2015.09.13-18.02.29:369][241]LogExit: Preparing to exit.
[2015.09.13-18.02.29:664][241]LogExit: Editor shut down
[2015.09.13-18.02.29:665][241]LogExit: Transaction tracking system shut down
[2015.09.13-18.02.29:665][241]LogParticles: Destroying 0 GPU particle simulations for FXSystem 0x0000009A5B6289A0
[2015.09.13-18.02.29:665][241]LogParticles: Destroying 0 GPU particle simulations for FXSystem 0x0000009A5B62BE20
[2015.09.13-18.02.29:666][241]LogParticles: Destroying 0 GPU particle simulations for FXSystem 0x0000009A759BB880
[2015.09.13-18.02.29:666][241]LogParticles: Destroying 0 GPU particle simulations for FXSystem 0x0000009A5D5E7CE0
[2015.09.13-18.02.29:667][241]LogParticles: Destroying 0 GPU particle simulations for FXSystem 0x0000009A6DB0AAC0
[2015.09.13-18.02.29:797][241]LogExit: Object subsystem successfully closed.
[2015.09.13-18.02.29:816][241]LogD3D11RHI: Shutdown
[2015.09.13-18.02.29:816][241]LogD3D11RHI: CleanupD3DDevice
[2015.09.13-18.02.29:858][241]LogD3D11RHI: ~FD3D11DynamicRHI
[2015.09.13-18.02.29:873][241]LogModuleManager: Shutting down and abandoning module CrashTracker (197)
[2015.09.13-18.02.29:873][241]LogModuleManager: Shutting down and abandoning module SceneOutliner (196)
[2015.09.13-18.02.29:873][241]LogModuleManager: Shutting down and abandoning module SuperSearch (195)
[2015.09.13-18.02.29:873][241]LogModuleManager: Shutting down and abandoning module WidgetCarousel (194)
[2015.09.13-18.02.29:873][241]LogModuleManager: Shutting down and abandoning module AddContentDialog (193)
[2015.09.13-18.02.29:874][241]LogModuleManager: Shutting down and abandoning module EditorWidgets (192)
[2015.09.13-18.02.29:874][241]LogModuleManager: Shutting down and abandoning module CollectionManager (191)
[2015.09.13-18.02.29:875][241]LogModuleManager: Shutting down and abandoning module StatsViewer (190)
[2015.09.13-18.02.29:875][241]LogModuleManager: Shutting down and abandoning module FoliageEdit (189)
[2015.09.13-18.02.29:875][241]LogModuleManager: Shutting down and abandoning module LandscapeEditor (188)
[2015.09.13-18.02.29:875][241]LogModuleManager: Shutting down and abandoning module ActorPickerMode (187)
[2015.09.13-18.02.29:875][241]LogModuleManager: Shutting down and abandoning module GeometryMode (186)
[2015.09.13-18.02.29:875][241]LogModuleManager: Shutting down and abandoning module TextureAlignMode (185)
[2015.09.13-18.02.29:875][241]LogModuleManager: Shutting down and abandoning module BspMode (184)
[2015.09.13-18.02.29:875][241]LogModuleManager: Shutting down and abandoning module PlacementMode (183)
[2015.09.13-18.02.29:875][241]LogModuleManager: Shutting down and abandoning module AutomationWorker (182)
[2015.09.13-18.02.29:875][241]LogModuleManager: Shutting down and abandoning module CharacterAI (181)
[2015.09.13-18.02.29:875][241]LogModuleManager: Shutting down and abandoning module SmartSnapping (180)
[2015.09.13-18.02.29:875][241]LogModuleManager: Shutting down and abandoning module ViewportSnapping (179)
[2015.09.13-18.02.29:875][241]LogModuleManager: Shutting down and abandoning module LogVisualizer (178)
[2015.09.13-18.02.29:875][241]LogModuleManager: Shutting down and abandoning module GameProjectGeneration (177)
[2015.09.13-18.02.29:875][241]LogModuleManager: Shutting down and abandoning module IntroTutorials (176)
[2015.09.13-18.02.29:875][241]LogModuleManager: Shutting down and abandoning module EditorLiveStreaming (175)
[2015.09.13-18.02.29:875][241]LogModuleManager: Shutting down and abandoning module IOSPlatformEditor (174)
[2015.09.13-18.02.29:875][241]LogModuleManager: Shutting down and abandoning module HTML5PlatformEditor (173)
[2015.09.13-18.02.29:875][241]LogModuleManager: Shutting down and abandoning module AndroidDeviceDetection (172)
[2015.09.13-18.02.29:896][241]LogModuleManager: Shutting down and abandoning module AndroidPlatformEditor (171)
[2015.09.13-18.02.29:896][241]LogModuleManager: Shutting down and abandoning module IOSRuntimeSettings (170)
[2015.09.13-18.02.29:896][241]LogModuleManager: Shutting down and abandoning module AndroidRuntimeSettings (169)
[2015.09.13-18.02.29:896][241]LogModuleManager: Shutting down and abandoning module MergeActors (168)
[2015.09.13-18.02.29:896][241]LogModuleManager: Shutting down and abandoning module SizeMap (167)
[2015.09.13-18.02.29:896][241]LogModuleManager: Shutting down and abandoning module TreeMap (166)
[2015.09.13-18.02.29:896][241]LogModuleManager: Shutting down and abandoning module ReferenceViewer (165)
[2015.09.13-18.02.29:896][241]LogModuleManager: Shutting down and abandoning module LocalizationService (164)
[2015.09.13-18.02.29:896][241]LogModuleManager: Shutting down and abandoning module LocalizationDashboard (163)
[2015.09.13-18.02.29:896][241]LogModuleManager: Shutting down and abandoning module HardwareTargeting (162)
[2015.09.13-18.02.29:896][241]LogModuleManager: Shutting down and abandoning module DeviceProfileEditor (161)
[2015.09.13-18.02.29:896][241]LogModuleManager: Shutting down and abandoning module UndoHistory (160)
[2015.09.13-18.02.29:896][241]LogModuleManager: Shutting down and abandoning module GameplayTagsEditor (159)
[2015.09.13-18.02.29:896][241]LogModuleManager: Shutting down and abandoning module UserFeedback (158)
[2015.09.13-18.02.29:896][241]LogModuleManager: Shutting down and abandoning module XmlParser (157)
[2015.09.13-18.02.29:896][241]LogModuleManager: Shutting down and abandoning module Blutility (156)
[2015.09.13-18.02.29:896][241]LogModuleManager: Shutting down and abandoning module ProjectTargetPlatformEditor (155)
[2015.09.13-18.02.29:896][241]LogModuleManager: Shutting down and abandoning module ProjectSettingsViewer (154)
[2015.09.13-18.02.29:896][241]LogModuleManager: Shutting down and abandoning module InputBindingEditor (153)
[2015.09.13-18.02.29:896][241]LogModuleManager: Shutting down and abandoning module EditorSettingsViewer (152)
[2015.09.13-18.02.29:896][241]LogModuleManager: Shutting down and abandoning module SettingsEditor (151)
[2015.09.13-18.02.29:896][241]LogModuleManager: Shutting down and abandoning module ProjectLauncher (150)
[2015.09.13-18.02.29:896][241]LogModuleManager: Shutting down and abandoning module SessionFrontend (149)
[2015.09.13-18.02.29:896][241]LogModuleManager: Shutting down and abandoning module ProfilerClient (148)
[2015.09.13-18.02.29:896][241]LogModuleManager: Shutting down and abandoning module TargetDeviceServices (147)
[2015.09.13-18.02.29:896][241]LogModuleManager: Shutting down and abandoning module DeviceManager (146)
[2015.09.13-18.02.29:896][241]LogModuleManager: Shutting down and abandoning module AutomationController (145)
[2015.09.13-18.02.29:896][241]LogModuleManager: Shutting down and abandoning module AutomationWindow (144)
[2015.09.13-18.02.29:896][241]LogModuleManager: Shutting down and abandoning module Layers (143)
[2015.09.13-18.02.29:896][241]LogModuleManager: Shutting down and abandoning module ComponentVisualizers (142)
[2015.09.13-18.02.29:896][241]LogModuleManager: Shutting down and abandoning module DetailCustomizations (141)
[2015.09.13-18.02.29:896][241]LogModuleManager: Shutting down and abandoning module PackagesDialog (140)
[2015.09.13-18.02.29:896][241]LogModuleManager: Shutting down and abandoning module Persona (139)
[2015.09.13-18.02.29:896][241]LogModuleManager: Shutting down and abandoning module Kismet (138)
[2015.09.13-18.02.29:896][241]LogModuleManager: Shutting down and abandoning module GraphEditor (137)
[2015.09.13-18.02.29:897][241]LogModuleManager: Shutting down and abandoning module ClassViewer (136)
[2015.09.13-18.02.29:897][241]LogModuleManager: Shutting down and abandoning module Toolbox (135)
[2015.09.13-18.02.29:897][241]LogModuleManager: Shutting down and abandoning module ModuleUI (134)
[2015.09.13-18.02.29:897][241]LogModuleManager: Shutting down and abandoning module MovieSceneTools (133)
[2015.09.13-18.02.29:897][241]LogModuleManager: Shutting down and abandoning module OutputLog (132)
[2015.09.13-18.02.29:897][241]LogModuleManager: Shutting down and abandoning module GammaUI (131)
[2015.09.13-18.02.29:897][241]LogModuleManager: Shutting down and abandoning module Documentation (130)
[2015.09.13-18.02.29:897][241]LogModuleManager: Shutting down and abandoning module GameLiveStreaming (129)
[2015.09.13-18.02.29:897][241]LogModuleManager: Shutting down and abandoning module StreamingPauseRendering (128)
[2015.09.13-18.02.29:897][241]LogModuleManager: Shutting down and abandoning module AnalyticsET (127)
[2015.09.13-18.02.29:897][241]LogModuleManager: Shutting down and abandoning module Analytics (126)
[2015.09.13-18.02.29:897][241]LogModuleManager: Shutting down and abandoning module AITestSuite (125)
[2015.09.13-18.02.29:897][241]LogModuleManager: Shutting down and abandoning module GameplayDebugger (124)
[2015.09.13-18.02.29:897][241]LogModuleManager: Shutting down and abandoning module AIModule (123)
[2015.09.13-18.02.29:897][241]LogModuleManager: Shutting down and abandoning module ProfilerService (122)
[2015.09.13-18.02.29:987][241]LogModuleManager: Shutting down and abandoning module TaskGraph (121)
[2015.09.13-18.02.29:987][241]LogModuleManager: Shutting down and abandoning module SlateRemote (120)
[2015.09.13-18.02.29:987][241]LogModuleManager: Shutting down and abandoning module SteamVRController (119)
[2015.09.13-18.02.29:987][241]LogModuleManager: Shutting down and abandoning module SteamVR (118)
[2015.09.13-18.02.29:987][241]LogModuleManager: Shutting down and abandoning module ProceduralMeshComponent (117)
[2015.09.13-18.02.29:987][241]LogModuleManager: Shutting down and abandoning module OculusRift (116)
[2015.09.13-18.02.29:987][241]LogModuleManager: Shutting down and abandoning module OculusLibrary (115)
[2015.09.13-18.02.29:987][241]LogModuleManager: Shutting down and abandoning module LeapMotionController (114)
[2015.09.13-18.02.29:998][241]LogModuleManager: Shutting down and abandoning module CustomMeshComponent (113)
[2015.09.13-18.02.29:998][241]LogModuleManager: Shutting down and abandoning module CableComponent (112)
[2015.09.13-18.02.29:998][241]LogModuleManager: Shutting down and abandoning module ArchVisCharacter (111)
[2015.09.13-18.02.29:998][241]LogModuleManager: Shutting down and abandoning module MessagingDebugger (110)
[2015.09.13-18.02.29:998][241]LogModuleManager: Shutting down and abandoning module MediaPlayerEditor (109)
[2015.09.13-18.02.29:998][241]LogModuleManager: Shutting down and abandoning module HTML5Networking (108)
[2015.09.13-18.02.29:998][241]LogModuleManager: Shutting down and abandoning module SpeedTreeImporter (107)
[2015.09.13-18.02.29:998][241]LogModuleManager: Shutting down and abandoning module PluginBrowser (106)
[2015.09.13-18.02.29:998][241]LogModuleManager: Shutting down and abandoning module EpicSurvey (105)
[2015.09.13-18.02.29:998][241]LogModuleManager: Shutting down and abandoning module DesktopPlatform (104)
[2015.09.13-18.02.29:998][241]LogModuleManager: Shutting down and abandoning module VisualStudioSourceCodeAccess (103)
[2015.09.13-18.02.29:998][241]LogModuleManager: Shutting down and abandoning module UObjectPlugin (102)
[2015.09.13-18.02.29:998][241]LogModuleManager: Shutting down and abandoning module SubversionSourceControl (101)
[2015.09.13-18.02.29:998][241]LogModuleManager: Shutting down and abandoning module PerforceSourceControl (100)
[2015.09.13-18.02.29:998][241]LogModuleManager: Shutting down and abandoning module SourceControl (99)
[2015.09.13-18.02.29:998][241]LogModuleManager: Shutting down and abandoning module GitSourceControl (98)
[2015.09.13-18.02.29:998][241]LogModuleManager: Shutting down and abandoning module LightPropagationVolumeEditor (97)
[2015.09.13-18.02.29:998][241]LogModuleManager: Shutting down and abandoning module PaperTiledImporter (96)
[2015.09.13-18.02.29:998][241]LogModuleManager: Shutting down and abandoning module PaperSpriteSheetImporter (95)
[2015.09.13-18.02.29:998][241]LogModuleManager: Shutting down and abandoning module MeshPaint (94)
[2015.09.13-18.02.29:998][241]LogModuleManager: Shutting down and abandoning module SlateReflector (93)
[2015.09.13-18.02.29:998][241]LogModuleManager: Shutting down and abandoning module HotReload (92)
[2015.09.13-18.02.29:998][241]LogModuleManager: Shutting down and abandoning module MainFrame (91)
[2015.09.13-18.02.29:998][241]LogModuleManager: Shutting down and abandoning module LevelEditor (90)
[2015.09.13-18.02.29:999][241]LogModuleManager: Shutting down and abandoning module DirectoryWatcher (89)
[2015.09.13-18.02.29:999][241]LogModuleManager: Shutting down and abandoning module AssetRegistry (88)
[2015.09.13-18.02.30:102][241]LogModuleManager: Shutting down and abandoning module ContentBrowser (87)
[2015.09.13-18.02.30:103][241]LogModuleManager: Shutting down and abandoning module Paper2DEditor (86)
[2015.09.13-18.02.30:103][241]LogModuleManager: Shutting down and abandoning module UdpMessaging (85)
[2015.09.13-18.02.30:204][241]LogModuleManager: Shutting down and abandoning module LightPropagationVolumeRuntime (84)
[2015.09.13-18.02.30:204][241]LogModuleManager: Shutting down and abandoning module Paper2D (83)
[2015.09.13-18.02.30:204][241]LogModuleManager: Shutting down and abandoning module WindowsMoviePlayer (82)
[2015.09.13-18.02.30:206][241]LogModuleManager: Shutting down and abandoning module Media (81)
[2015.09.13-18.02.30:206][241]LogModuleManager: Shutting down and abandoning module WmfMedia (80)
[2015.09.13-18.02.30:207][241]LogModuleManager: Shutting down and abandoning module OnlineBlueprintSupport (79)
[2015.09.13-18.02.30:207][241]LogModuleManager: Shutting down and abandoning module GameplayTasksEditor (78)
[2015.09.13-18.02.30:207][241]LogModuleManager: Shutting down and abandoning module PropertyEditor (77)
[2015.09.13-18.02.30:207][241]LogModuleManager: Shutting down and abandoning module BehaviorTreeEditor (76)
[2015.09.13-18.02.30:207][241]LogModuleManager: Shutting down and abandoning module FunctionalTesting (75)
[2015.09.13-18.02.30:207][241]LogModuleManager: Shutting down and abandoning module CollisionAnalyzer (74)
[2015.09.13-18.02.30:207][241]LogModuleManager: Shutting down and abandoning module WorkspaceMenuStructure (73)
[2015.09.13-18.02.30:207][241]LogModuleManager: Shutting down and abandoning module MessageLog (72)
[2015.09.13-18.02.30:207][241]LogModuleManager: Shutting down and abandoning module Sequencer (71)
[2015.09.13-18.02.30:207][241]LogModuleManager: Shutting down and abandoning module AssetTools (70)
[2015.09.13-18.02.30:207][241]LogModuleManager: Shutting down and abandoning module UMGEditor (69)
[2015.09.13-18.02.30:207][241]LogModuleManager: Shutting down and abandoning module UMG (68)
[2015.09.13-18.02.30:207][241]LogModuleManager: Shutting down and abandoning module Slate (67)
[2015.09.13-18.02.30:207][241]LogModuleManager: Shutting down and abandoning module EditorStyle (66)
[2015.09.13-18.02.30:208][241]LogModuleManager: Shutting down and abandoning module SessionServices (65)
[2015.09.13-18.02.30:208][241]LogModuleManager: Shutting down and abandoning module SourceCodeAccess (64)
[2015.09.13-18.02.30:208][241]LogModuleManager: Shutting down and abandoning module HeadMountedDisplay (63)
[2015.09.13-18.02.30:208][241]LogModuleManager: Shutting down and abandoning module XAudio2 (62)
[2015.09.13-18.02.30:208][241]LogModuleManager: Shutting down and abandoning module Networking (60)
[2015.09.13-18.02.30:208][241]LogModuleManager: Shutting down and abandoning module Core (59)
[2015.09.13-18.02.30:208][241]LogModuleManager: Shutting down and abandoning module KismetCompiler (58)
[2015.09.13-18.02.30:208][241]LogModuleManager: Shutting down and abandoning module PhysXFormats (57)
[2015.09.13-18.02.30:208][241]LogModuleManager: Shutting down and abandoning module MeshUtilities (56)
[2015.09.13-18.02.30:209][241]LogModuleManager: Shutting down and abandoning module CookingStats (55)
[2015.09.13-18.02.30:210][241]LogModuleManager: Shutting down and abandoning module DerivedDataCache (54)
[2015.09.13-18.02.30:358][241]LogDerivedDataCache: Shutdown
[2015.09.13-18.02.30:358][241]LogModuleManager: Shutting down and abandoning module ShaderFormatOpenGL (53)
[2015.09.13-18.02.30:358][241]LogModuleManager: Shutting down and abandoning module ShaderFormatD3D (52)
[2015.09.13-18.02.30:358][241]LogModuleManager: Shutting down and abandoning module MetalShaderFormat (51)
[2015.09.13-18.02.30:358][241]LogModuleManager: Shutting down and abandoning module TextureFormatUncompressed (50)
[2015.09.13-18.02.30:358][241]LogModuleManager: Shutting down and abandoning module TextureFormatPVR (49)
[2015.09.13-18.02.30:358][241]LogModuleManager: Shutting down and abandoning module TextureFormatIntelISPCTexComp (48)
[2015.09.13-18.02.30:358][241]LogModuleManager: Shutting down and abandoning module TextureFormatDXT (47)
[2015.09.13-18.02.30:358][241]LogModuleManager: Shutting down and abandoning module ImageWrapper (46)
[2015.09.13-18.02.30:358][241]LogModuleManager: Shutting down and abandoning module TextureFormatASTC (45)
[2015.09.13-18.02.30:358][241]LogModuleManager: Shutting down and abandoning module TextureFormatAndroid (44)
[2015.09.13-18.02.30:358][241]LogModuleManager: Shutting down and abandoning module AudioFormatOpus (43)
[2015.09.13-18.02.30:358][241]LogModuleManager: Shutting down and abandoning module AudioFormatOgg (42)
[2015.09.13-18.02.30:358][241]LogModuleManager: Shutting down and abandoning module AudioFormatADPCM (41)
[2015.09.13-18.02.30:358][241]LogModuleManager: Shutting down and abandoning module LinuxTargetPlatform (40)
[2015.09.13-18.02.30:358][241]LogModuleManager: Shutting down and abandoning module LinuxServerTargetPlatform (39)
[2015.09.13-18.02.30:358][241]LogModuleManager: Shutting down and abandoning module LinuxNoEditorTargetPlatform (38)
[2015.09.13-18.02.30:358][241]LogModuleManager: Shutting down and abandoning module Messaging (37)
[2015.09.13-18.02.30:358][241]LogModuleManager: Shutting down and abandoning module IOSTargetPlatform (36)
[2015.09.13-18.02.30:358][241]LogModuleManager: Shutting down and abandoning module HTML5TargetPlatform (35)
[2015.09.13-18.02.30:358][241]LogModuleManager: Shutting down and abandoning module Android_PVRTCTargetPlatform (34)
[2015.09.13-18.02.30:358][241]LogModuleManager: Shutting down and abandoning module Android_ETC2TargetPlatform (33)
[2015.09.13-18.02.30:358][241]LogModuleManager: Shutting down and abandoning module Android_ETC1TargetPlatform (32)
[2015.09.13-18.02.30:358][241]LogModuleManager: Shutting down and abandoning module Android_DXTTargetPlatform (31)
[2015.09.13-18.02.30:358][241]LogModuleManager: Shutting down and abandoning module Android_ATCTargetPlatform (30)
[2015.09.13-18.02.30:358][241]LogModuleManager: Shutting down and abandoning module Android_ASTCTargetPlatform (29)
[2015.09.13-18.02.30:358][241]LogModuleManager: Shutting down and abandoning module AndroidTargetPlatform (28)
[2015.09.13-18.02.30:358][241]LogModuleManager: Shutting down and abandoning module WindowsTargetPlatform (27)
[2015.09.13-18.02.30:358][241]LogModuleManager: Shutting down and abandoning module WindowsServerTargetPlatform (26)
[2015.09.13-18.02.30:358][241]LogModuleManager: Shutting down and abandoning module WindowsNoEditorTargetPlatform (25)
[2015.09.13-18.02.30:358][241]LogModuleManager: Shutting down and abandoning module WindowsClientTargetPlatform (24)
[2015.09.13-18.02.30:358][241]LogModuleManager: Shutting down and abandoning module AllDesktopTargetPlatform (23)
[2015.09.13-18.02.30:358][241]LogModuleManager: Shutting down and abandoning module TargetPlatform (22)
[2015.09.13-18.02.30:358][241]LogModuleManager: Shutting down and abandoning module InputCore (21)
[2015.09.13-18.02.30:358][241]LogModuleManager: Shutting down and abandoning module Settings (20)
[2015.09.13-18.02.30:358][241]LogModuleManager: Shutting down and abandoning module OnlineSubsystem (18)
[2015.09.13-18.02.30:358][241]LogModuleManager: Shutting down and abandoning module HTTP (17)
[2015.09.13-18.02.31:360][241]LogModuleManager: Shutting down and abandoning module XMPP (16)
[2015.09.13-18.02.31:360][241]LogModuleManager: Shutting down and abandoning module ExampleDeviceProfileSelector (15)
[2015.09.13-18.02.31:360][241]LogModuleManager: Shutting down and abandoning module TextureCompressor (14)
[2015.09.13-18.02.31:360][241]LogModuleManager: Shutting down and abandoning module ShaderCore (13)
[2015.09.13-18.02.31:360][241]LogModuleManager: Shutting down and abandoning module Landscape (12)
[2015.09.13-18.02.31:360][241]LogModuleManager: Shutting down and abandoning module SlateRHIRenderer (11)
[2015.09.13-18.02.31:361][241]LogModuleManager: Shutting down and abandoning module OpenGLDrv (10)
[2015.09.13-18.02.31:361][241]LogModuleManager: Shutting down and abandoning module D3D11RHI (9)
[2015.09.13-18.02.31:361][241]LogModuleManager: Shutting down and abandoning module AnimGraphRuntime (8)
[2015.09.13-18.02.31:361][241]LogModuleManager: Shutting down and abandoning module Renderer (7)
[2015.09.13-18.02.31:361][241]LogModuleManager: Shutting down and abandoning module Engine (6)
[2015.09.13-18.02.31:361][241]LogModuleManager: Shutting down and abandoning module CoreUObject (5)
[2015.09.13-18.02.31:361][241]LogModuleManager: Shutting down and abandoning module NetworkFile (4)
[2015.09.13-18.02.31:361][241]LogModuleManager: Shutting down and abandoning module StreamingFile (3)
[2015.09.13-18.02.31:361][241]LogModuleManager: Shutting down and abandoning module SandboxFile (2)
[2015.09.13-18.02.31:361][241]LogModuleManager: Shutting down and abandoning module PakFile (1)
[2015.09.13-18.02.31:361][241]LogExit: Exiting.
[2015.09.13-18.02.31:375][241]Log file closed, 09/13/15 14:02:31
