[2015.09.12-16.47.57:885][  0]Log file open, 09/12/15 12:47:57
[2015.09.12-16.47.57:885][  0]LogInit:Display: Running engine for game: PuppySim
[2015.09.12-16.47.57:885][  0]LogInit:Display: RandInit(165671602) SRandInit(165671602).
[2015.09.12-16.47.57:885][  0]LogTaskGraph: Started task graph with 4 named threads and 7 total threads.
[2015.09.12-16.47.57:885][  0]LogStats: Stats thread started at 0.077700
[2015.09.12-16.47.57:885][  0]LogInit: Version: 4.9.0-2672455+++depot+UE4-Releases+4.9
[2015.09.12-16.47.57:885][  0]LogInit: API Version: 2672455
[2015.09.12-16.47.57:885][  0]LogInit: Compiled (64-bit): Aug 28 2015 12:33:01
[2015.09.12-16.47.57:885][  0]LogInit: Compiled with Visual C++: 18.00.21005.01
[2015.09.12-16.47.57:885][  0]LogInit: Build Configuration: Development
[2015.09.12-16.47.57:885][  0]LogInit: Branch Name: ++depot+UE4-Releases+4.9
[2015.09.12-16.47.57:885][  0]LogInit: Command line: 
[2015.09.12-16.47.57:885][  0]LogInit: Base directory: C:/Program Files/Epic Games/4.9/Engine/Binaries/Win64/
[2015.09.12-16.47.57:885][  0]LogInit: Rocket: 1
[2015.09.12-16.47.57:893][  0]LogInit: Using libcurl 7.41.0
[2015.09.12-16.47.57:893][  0]LogInit:  - built for x86_64-pc-win32
[2015.09.12-16.47.57:893][  0]LogInit:  - supports SSL with WinSSL
[2015.09.12-16.47.57:893][  0]LogInit:  - other features:
[2015.09.12-16.47.57:893][  0]LogInit:      CURL_VERSION_SSL
[2015.09.12-16.47.57:893][  0]LogInit:      CURL_VERSION_IPV6
[2015.09.12-16.47.57:893][  0]LogInit:      CURL_VERSION_ASYNCHDNS
[2015.09.12-16.47.57:893][  0]LogInit:      CURL_VERSION_LARGEFILE
[2015.09.12-16.47.57:893][  0]LogInit:      CURL_VERSION_IDN
[2015.09.12-16.47.57:893][  0]LogInit:  CurlRequestOptions (configurable via config and command line):
[2015.09.12-16.47.57:893][  0]LogInit:  - bVerifyPeer = true  - Libcurl will verify peer certificate
[2015.09.12-16.47.57:893][  0]LogInit:  - bUseHttpProxy = false  - Libcurl will NOT use HTTP proxy
[2015.09.12-16.47.57:893][  0]LogInit:  - bDontReuseConnections = false  - Libcurl will reuse connections
[2015.09.12-16.47.57:893][  0]LogInit:  - CertBundlePath = nullptr  - Libcurl will use whatever was configured at build time.
[2015.09.12-16.47.57:903][  0]LogInit: Presizing for 0 objects not considered by GC, pre-allocating 0 bytes.
[2015.09.12-16.47.57:910][  0]LogInit: Object subsystem initialized
[2015.09.12-16.47.57:913][  0]LogInit: Selected Device Profile: [Windows]
[2015.09.12-16.47.57:913][  0]LogInit: Applying CVar settings loaded from the selected device profile: [Windows]
[2015.09.12-16.47.57:921][  0]LogInit: Computer: TSCHIRGIMACHINE
[2015.09.12-16.47.57:921][  0]LogInit: User: pault000
[2015.09.12-16.47.57:921][  0]LogInit: CPU Page size=4096, Cores=4
[2015.09.12-16.47.57:921][  0]LogInit: High frequency timer resolution =2.338346 MHz
[2015.09.12-16.47.57:921][  0]LogMemory: Memory total: Physical=15.9GB (16GB approx)
[2015.09.12-16.47.57:921][  0]LogMemory: Platform Memory Stats for Windows
[2015.09.12-16.47.57:921][  0]LogMemory: Process Physical Memory: 52.40 MB used, 52.40 MB peak
[2015.09.12-16.47.57:921][  0]LogMemory: Process Virtual Memory: 55.29 MB used, 55.29 MB peak
[2015.09.12-16.47.57:921][  0]LogMemory: Physical Memory: 4574.53 MB used, 16267.18 MB total
[2015.09.12-16.47.57:921][  0]LogMemory: Virtual Memory: 354.82 MB used, 134217728.00 MB total
[2015.09.12-16.47.57:952][  0]LogTextLocalizationManager: No specific translations for ('en-US') exist, so ('en') translations will be used.
[2015.09.12-16.47.58:763][  0]LogD3D11RHI: Found D3D11 adapter 0: Intel(R) HD Graphics 4600 (Feature Level 11_0)
[2015.09.12-16.47.58:763][  0]LogD3D11RHI: Adapter has 32MB of dedicated video memory, 0MB of dedicated system memory, and 1760MB of shared system memory, 1 output[s]
[2015.09.12-16.47.58:777][  0]LogD3D11RHI: Found D3D11 adapter 1: NVIDIA GeForce GT 750M (Feature Level 11_0)
[2015.09.12-16.47.58:777][  0]LogD3D11RHI: Adapter has 1988MB of dedicated video memory, 0MB of dedicated system memory, and 2048MB of shared system memory, 0 output[s]
[2015.09.12-16.47.58:778][  0]LogD3D11RHI: Found D3D11 adapter 2: Microsoft Basic Render Driver (Feature Level 11_0)
[2015.09.12-16.47.58:778][  0]LogD3D11RHI: Adapter has 0MB of dedicated video memory, 0MB of dedicated system memory, and 256MB of shared system memory, 0 output[s]
[2015.09.12-16.47.58:778][  0]LogD3D11RHI: Chosen D3D11 Adapter Id = 0
[2015.09.12-16.47.58:783][  0]LogD3D11RHI: !Direct3DDevice
[2015.09.12-16.47.58:784][  0]LogRHI: Texture pool is 1361 MB (70% of 1945 MB)
[2015.09.12-16.47.58:797][  0]LogD3D11RHI: Async texture creation enabled
[2015.09.12-16.47.58:814][  0]LogShaderCompilers: Guid format shader working directory is 15 characters bigger than the processId version (D:/Data/Unreal Projects/PupSim/PuppySim/Intermediate/Shaders/WorkingDirectory/5340/).
[2015.09.12-16.47.58:814][  0]LogShaderCompilers: Cleaned the shader compiler working directory 'D:/Data/Unreal Projects/PupSim/PuppySim/Intermediate/Shaders/tmp/8F829E594D94F120BC6CEBAD817DA38A/'.
[2015.09.12-16.47.58:814][  0]LogShaderCompilers:Display: Using Local Shader Compiler.
[2015.09.12-16.47.59:954][  0]LogTemp:Display: Loaded TP AllDesktopTargetPlatform
[2015.09.12-16.47.59:959][  0]LogTemp:Display: Loaded TP WindowsClientTargetPlatform
[2015.09.12-16.47.59:964][  0]LogTemp:Display: Loaded TP WindowsNoEditorTargetPlatform
[2015.09.12-16.47.59:969][  0]LogTemp:Display: Loaded TP WindowsServerTargetPlatform
[2015.09.12-16.47.59:975][  0]LogTemp:Display: Loaded TP WindowsTargetPlatform
[2015.09.12-16.47.59:978][  0]LogTemp:Display: Loaded TP AndroidTargetPlatform
[2015.09.12-16.47.59:981][  0]LogTemp:Display: Loaded TP Android_ASTCTargetPlatform
[2015.09.12-16.47.59:984][  0]LogTemp:Display: Loaded TP Android_ATCTargetPlatform
[2015.09.12-16.47.59:987][  0]LogTemp:Display: Loaded TP Android_DXTTargetPlatform
[2015.09.12-16.47.59:993][  0]LogTemp:Display: Loaded TP Android_ETC1TargetPlatform
[2015.09.12-16.47.59:997][  0]LogTemp:Display: Loaded TP Android_ETC2TargetPlatform
[2015.09.12-16.48.00:000][  0]LogTemp:Display: Loaded TP Android_PVRTCTargetPlatform
[2015.09.12-16.48.00:001][  0]LogTemp:Display: Loaded TP HTML5TargetPlatform
[2015.09.12-16.48.00:018][  0]LogTemp:Display: Loaded TP IOSTargetPlatform
[2015.09.12-16.48.00:021][  0]LogTemp:Display: Loaded TP LinuxNoEditorTargetPlatform
[2015.09.12-16.48.00:024][  0]LogTemp:Display: Loaded TP LinuxServerTargetPlatform
[2015.09.12-16.48.00:028][  0]LogTemp:Display: Loaded TP LinuxTargetPlatform
[2015.09.12-16.48.00:028][  0]LogTargetPlatformManager:Display: Building Assets For Windows
[2015.09.12-16.48.00:109][  0]LogDerivedDataCache:Display: Max Cache Size: 512 MB
[2015.09.12-16.48.00:152][  0]LogDerivedDataCache: Loaded boot cache 0.04s 41MB C:/Users/pault_000/AppData/Local/UnrealEngine/4.9/DerivedDataCache/Boot.ddc.
[2015.09.12-16.48.00:152][  0]LogDerivedDataCache:Display: Loaded Boot cache: C:/Users/pault_000/AppData/Local/UnrealEngine/4.9/DerivedDataCache/Boot.ddc
[2015.09.12-16.48.00:152][  0]LogDerivedDataCache: FDerivedDataBackendGraph:  Pak pak cache file D:/Data/Unreal Projects/PupSim/PuppySim/DerivedDataCache/DDC.ddp not found, will not use a pak cache.
[2015.09.12-16.48.00:152][  0]LogDerivedDataCache: Unable to find inner node Pak for hierarchical cache Hierarchy.
[2015.09.12-16.48.00:152][  0]LogDerivedDataCache: FDerivedDataBackendGraph:  CompressedPak pak cache file D:/Data/Unreal Projects/PupSim/PuppySim/DerivedDataCache/Compressed.ddp not found, will not use a pak cache.
[2015.09.12-16.48.00:152][  0]LogDerivedDataCache: Unable to find inner node CompressedPak for hierarchical cache Hierarchy.
[2015.09.12-16.48.00:311][  0]LogDerivedDataCache:Display: Pak cache opened for reading ../../../Engine/DerivedDataCache/Compressed.ddp.
[2015.09.12-16.48.00:323][  0]LogDerivedDataCache: Using Local data cache path C:/Users/pault_000/AppData/Local/UnrealEngine/Common/DerivedDataCache: Writable
[2015.09.12-16.48.00:504][  0]LogInit: Selected Device Profile: [Windows]
[2015.09.12-16.48.00:506][  0]LogContentStreaming: Texture pool size is 0.000000MB
[2015.09.12-16.48.00:642][  0]LogMeshUtilities: No automatic mesh reduction module available
[2015.09.12-16.48.00:642][  0]LogMeshUtilities: No automatic mesh merging module available
[2015.09.12-16.48.00:908][  0]LogInit: WinSock: version 1.1 (2.2), MaxSocks=32767, MaxUdp=65467
[2015.09.12-16.48.01:771][  0]UdpMessaging: Initializing bridge on interface 0.0.0.0:0 to multicast group 230.0.0.1:6666.
[2015.09.12-16.48.01:867][  0]LogAssetRegistry: FAssetRegistry took 0.0114 seconds to start up
[2015.09.12-16.48.02:076][  0]SourceControl: Info Source control is disabled
[2015.09.12-16.48.02:084][  0]SourceControl: Info Source control is disabled
[2015.09.12-16.48.02:092][  0]SourceControl: Info Source control is disabled
[2015.09.12-16.48.02:101][  0]SourceControl: Info Source control is disabled
[2015.09.12-16.48.02:252][  0]LogLinker:Warning: Asset '../../../Engine/Plugins/Runtime/LeapMotionController/Content/LM_PassthroughMaterial.uasset' has been saved with empty engine version. The asset will be loaded but may be incompatible.
[2015.09.12-16.48.02:339][  0]LogObj: 28361 objects as part of root set at end of initial load.
[2015.09.12-16.48.02:339][  0]LogUObjectAllocator: 6038872 out of 0 bytes used by permanent object pool.
[2015.09.12-16.48.02:398][  0]LogEngine: Initializing Engine...
[2015.09.12-16.48.02:400][  0]LogHMD: Can't find Oculus library dev build: is proper Runtime installed? Version: 0.6.0.0
[2015.09.12-16.48.02:401][  0]LogHMD: SteamVR failed to initialize.  Err: 110
[2015.09.12-16.48.02:530][  0]LogAIModule: Creating AISystem for world NewWorld
[2015.09.12-16.48.02:534][  0]LogInit: XAudio2 using 'Speakers (Realtek High Definition Audio)' : 2 channels at 48 kHz using 32 bits per sample (channel mask 0x3)
[2015.09.12-16.48.02:554][  0]LogInit: FAudioDevice initialized.
[2015.09.12-16.48.02:575][  0]LogDerivedDataCache: Saved boot cache 0.02s 41MB C:/Users/pault_000/AppData/Local/UnrealEngine/4.9/DerivedDataCache/Boot.ddc.
[2015.09.12-16.48.02:579][  0]LogInit: Texture streaming: Enabled
[2015.09.12-16.48.02:585][  0]LogAnalytics: Creating configured Analytics provider AnalyticsET
[2015.09.12-16.48.02:585][  0]LogAnalytics: [UEEditor.Rocket.Release] APIServer = http://et2.epicgames.com/ET2/. AppVersion = 4.9.0-2672455+++depot+UE4-Releases+4.9
[2015.09.12-16.48.02:585][  0]LogAnalytics: [UEEditor.Rocket.Release] SetUserId 537121804b7cf4be510b0681ba3e9dcc|b9d68997175147afad91b4c26e41b99d|9767a706-ec85-4912-88a3-1f6ddb1dec1c
[2015.09.12-16.48.02:585][  0]LogAnalytics: [UEEditor.Rocket.Release] AnalyticsET::StartSession
[2015.09.12-16.48.02:613][  0]LogInit: Transaction tracking system initialized
[2015.09.12-16.48.02:646][  0]BlueprintLog: New page: Editor Load
[2015.09.12-16.48.03:810][  0]LocalizationService: Info Localization service is disabled
[2015.09.12-16.48.04:298][  0]LogConsoleResponse:Display: 
[2015.09.12-16.48.04:420][  0]LogCook:Display: Done creating registry. It took  0.00s.
[2015.09.12-16.48.04:491][  0]LogFileCache: Scanning file cache for directory 'D:/Data/Unreal Projects/PupSim/PuppySim/Content/' took 0.01s
[2015.09.12-16.48.04:491][  0]SourceControl: Info Source control is disabled
[2015.09.12-16.48.04:491][  0]Cmd: MAP LOAD FILE="D:/Data/Unreal Projects/PupSim/PuppySim/Content/FirstPersonBP/Maps/FirstPersonExampleMap.umap" TEMPLATE=0 SHOWPROGRESS=1 FEATURELEVEL=3
[2015.09.12-16.48.04:491][  0]LightingResults: New page: Lighting Build
[2015.09.12-16.48.04:495][  0]MapCheck: New page: Map Check
[2015.09.12-16.48.04:495][  0]LightingResults: New page: Lighting Build
[2015.09.12-16.48.04:507][  0]LogParticles: Destroying 0 GPU particle simulations for FXSystem 0x00000041E592F240
[2015.09.12-16.48.04:671][  0]LogLinker:Warning: Asset 'D:/Data/Unreal Projects/PupSim/PuppySim/Content/FirstPersonBP/Blueprints/FirstPersonProjectile.uasset' has been saved with empty engine version. The asset will be loaded but may be incompatible.
[2015.09.12-16.48.04:674][  0]LogLinker:Warning: Asset 'D:/Data/Unreal Projects/PupSim/PuppySim/Content/FirstPerson/Meshes/FirstPersonProjectileMesh.uasset' has been saved with empty engine version. The asset will be loaded but may be incompatible.
[2015.09.12-16.48.05:736][  0]LogAIModule: Creating AISystem for world FirstPersonExampleMap
[2015.09.12-16.48.05:748][  0]LogEditorServer: Finished looking for orphan Actors (0.000 secs)
[2015.09.12-16.48.05:748][  0]Cmd: MAP CHECKDEP NOCLEARLOG
[2015.09.12-16.48.05:799][  0]MapCheck: Info Map check complete: 0 Error(s), 0 Warning(s), took 50.766ms to complete.
[2015.09.12-16.48.05:799][  0]LogFileHelpers: Loading map 'FirstPersonExampleMap' took 1.308
[2015.09.12-16.48.05:892][  0]LogCollectionManager: Loaded 0 collections in 0.002050 seconds
[2015.09.12-16.48.05:934][  0]LogFileCache: Scanning file cache for directory 'D:/Data/Unreal Projects/PupSim/PuppySim/Saved/Collections/' took 0.01s
[2015.09.12-16.48.05:934][  0]LogFileCache: Scanning file cache for directory 'D:/Data/Unreal Projects/PupSim/PuppySim/Content/Developers/pault000/Collections/' took 0.01s
[2015.09.12-16.48.05:934][  0]LogFileCache: Scanning file cache for directory 'D:/Data/Unreal Projects/PupSim/PuppySim/Content/Collections/' took 0.01s
[2015.09.12-16.48.05:934][  0]LogContentBrowser: Native class hierarchy populated in 0.0090 seconds. Added 1867 classes and 333 folders.
[2015.09.12-16.48.05:939][  0]LogCollectionManager: Rebuilt the GUID cache for 0 collections in 0.000003 seconds
[2015.09.12-16.48.05:947][  0]LogContentBrowser: Native class hierarchy updated for 'WidgetCarousel' in 0.0003 seconds. Added 0 classes and 0 folders.
[2015.09.12-16.48.05:987][  0]LogContentBrowser: Native class hierarchy updated for 'AddContentDialog' in 0.0003 seconds. Added 0 classes and 0 folders.
[2015.09.12-16.48.05:991][  0]LogContentBrowser: Native class hierarchy updated for 'SceneOutliner' in 0.0003 seconds. Added 1 classes and 2 folders.
[2015.09.12-16.48.06:018][  0]LogCrashTracker: Crashtracker disabled due to settings.
[2015.09.12-16.48.06:022][  0]LogUObjectGlobals:Warning: Failed to find object 'Class None.'
[2015.09.12-16.48.06:044][  0]LogLoad: Full Startup: 8.69 seconds (BP compile: 0.21 seconds)
[2015.09.12-16.48.06:061][  0]LoadErrors:Error: Error /Game/FirstPersonBP/Maps/FirstPersonExampleMap : Failed import for SkeletalMeshComponent /Game/FirstPersonBP/Blueprints/FirstPersonCharacter.FirstPersonCharacter_C:SkeletalMesh_GEN_VARIABLE
[2015.09.12-16.48.06:102][  0]LogContentStreaming: Texture pool size now 700 MB
[2015.09.12-16.48.06:255][  0]LogRenderer: Reallocating scene render targets to support 856x460 (Frame:2).
[2015.09.12-16.48.06:588][  6]LogAssetRegistry: Asset discovery search completed in 4.7326 seconds
[2015.09.12-16.48.06:588][  6]LogCollectionManager: Rebuilt the object cache for 0 collections in 0.000000 seconds (found 0 objects)
[2015.09.12-16.48.06:588][  6]LogCollectionManager: Fixed up redirectors for 0 collections in 0.000026 seconds (updated 0 objects)
[2015.09.12-16.48.11:088][173]LogWindowsTextInputMethodSystem:Display: IME system now deactivated.
[2015.09.12-16.48.11:667][174]Cmd: QUIT_EDITOR
[2015.09.12-16.48.11:939][174]LogExit: Preparing to exit.
[2015.09.12-16.48.12:816][174]LogExit: Editor shut down
[2015.09.12-16.48.12:816][174]LogExit: Transaction tracking system shut down
[2015.09.12-16.48.12:818][174]LogParticles: Destroying 0 GPU particle simulations for FXSystem 0x00000041D73365C0
[2015.09.12-16.48.12:818][174]LogParticles: Destroying 0 GPU particle simulations for FXSystem 0x00000041E9A55B20
[2015.09.12-16.48.12:954][174]LogExit: Object subsystem successfully closed.
[2015.09.12-16.48.12:972][174]LogD3D11RHI: Shutdown
[2015.09.12-16.48.12:972][174]LogD3D11RHI: CleanupD3DDevice
[2015.09.12-16.48.13:005][174]LogD3D11RHI: ~FD3D11DynamicRHI
[2015.09.12-16.48.13:019][174]LogModuleManager: Shutting down and abandoning module CrashTracker (197)
[2015.09.12-16.48.13:019][174]LogModuleManager: Shutting down and abandoning module SceneOutliner (196)
[2015.09.12-16.48.13:019][174]LogModuleManager: Shutting down and abandoning module SuperSearch (195)
[2015.09.12-16.48.13:020][174]LogModuleManager: Shutting down and abandoning module WidgetCarousel (194)
[2015.09.12-16.48.13:020][174]LogModuleManager: Shutting down and abandoning module AddContentDialog (193)
[2015.09.12-16.48.13:020][174]LogModuleManager: Shutting down and abandoning module EditorWidgets (192)
[2015.09.12-16.48.13:020][174]LogModuleManager: Shutting down and abandoning module CollectionManager (191)
[2015.09.12-16.48.13:020][174]LogModuleManager: Shutting down and abandoning module StatsViewer (190)
[2015.09.12-16.48.13:020][174]LogModuleManager: Shutting down and abandoning module FoliageEdit (189)
[2015.09.12-16.48.13:020][174]LogModuleManager: Shutting down and abandoning module LandscapeEditor (188)
[2015.09.12-16.48.13:021][174]LogModuleManager: Shutting down and abandoning module ActorPickerMode (187)
[2015.09.12-16.48.13:021][174]LogModuleManager: Shutting down and abandoning module GeometryMode (186)
[2015.09.12-16.48.13:021][174]LogModuleManager: Shutting down and abandoning module TextureAlignMode (185)
[2015.09.12-16.48.13:021][174]LogModuleManager: Shutting down and abandoning module BspMode (184)
[2015.09.12-16.48.13:021][174]LogModuleManager: Shutting down and abandoning module PlacementMode (183)
[2015.09.12-16.48.13:021][174]LogModuleManager: Shutting down and abandoning module AutomationWorker (182)
[2015.09.12-16.48.13:021][174]LogModuleManager: Shutting down and abandoning module CharacterAI (181)
[2015.09.12-16.48.13:021][174]LogModuleManager: Shutting down and abandoning module SmartSnapping (180)
[2015.09.12-16.48.13:021][174]LogModuleManager: Shutting down and abandoning module ViewportSnapping (179)
[2015.09.12-16.48.13:021][174]LogModuleManager: Shutting down and abandoning module LogVisualizer (178)
[2015.09.12-16.48.13:021][174]LogModuleManager: Shutting down and abandoning module GameProjectGeneration (177)
[2015.09.12-16.48.13:021][174]LogModuleManager: Shutting down and abandoning module IntroTutorials (176)
[2015.09.12-16.48.13:021][174]LogModuleManager: Shutting down and abandoning module EditorLiveStreaming (175)
[2015.09.12-16.48.13:021][174]LogModuleManager: Shutting down and abandoning module IOSPlatformEditor (174)
[2015.09.12-16.48.13:021][174]LogModuleManager: Shutting down and abandoning module HTML5PlatformEditor (173)
[2015.09.12-16.48.13:021][174]LogModuleManager: Shutting down and abandoning module AndroidDeviceDetection (172)
[2015.09.12-16.48.13:871][174]LogModuleManager: Shutting down and abandoning module AndroidPlatformEditor (171)
[2015.09.12-16.48.13:871][174]LogModuleManager: Shutting down and abandoning module IOSRuntimeSettings (170)
[2015.09.12-16.48.13:871][174]LogModuleManager: Shutting down and abandoning module AndroidRuntimeSettings (169)
[2015.09.12-16.48.13:871][174]LogModuleManager: Shutting down and abandoning module MergeActors (168)
[2015.09.12-16.48.13:871][174]LogModuleManager: Shutting down and abandoning module SizeMap (167)
[2015.09.12-16.48.13:871][174]LogModuleManager: Shutting down and abandoning module TreeMap (166)
[2015.09.12-16.48.13:871][174]LogModuleManager: Shutting down and abandoning module ReferenceViewer (165)
[2015.09.12-16.48.13:871][174]LogModuleManager: Shutting down and abandoning module LocalizationService (164)
[2015.09.12-16.48.13:871][174]LogModuleManager: Shutting down and abandoning module LocalizationDashboard (163)
[2015.09.12-16.48.13:871][174]LogModuleManager: Shutting down and abandoning module HardwareTargeting (162)
[2015.09.12-16.48.13:871][174]LogModuleManager: Shutting down and abandoning module DeviceProfileEditor (161)
[2015.09.12-16.48.13:871][174]LogModuleManager: Shutting down and abandoning module UndoHistory (160)
[2015.09.12-16.48.13:871][174]LogModuleManager: Shutting down and abandoning module GameplayTagsEditor (159)
[2015.09.12-16.48.13:871][174]LogModuleManager: Shutting down and abandoning module UserFeedback (158)
[2015.09.12-16.48.13:871][174]LogModuleManager: Shutting down and abandoning module XmlParser (157)
[2015.09.12-16.48.13:871][174]LogModuleManager: Shutting down and abandoning module Blutility (156)
[2015.09.12-16.48.13:871][174]LogModuleManager: Shutting down and abandoning module ProjectTargetPlatformEditor (155)
[2015.09.12-16.48.13:871][174]LogModuleManager: Shutting down and abandoning module ProjectSettingsViewer (154)
[2015.09.12-16.48.13:871][174]LogModuleManager: Shutting down and abandoning module InputBindingEditor (153)
[2015.09.12-16.48.13:871][174]LogModuleManager: Shutting down and abandoning module EditorSettingsViewer (152)
[2015.09.12-16.48.13:871][174]LogModuleManager: Shutting down and abandoning module SettingsEditor (151)
[2015.09.12-16.48.13:871][174]LogModuleManager: Shutting down and abandoning module ProjectLauncher (150)
[2015.09.12-16.48.13:871][174]LogModuleManager: Shutting down and abandoning module SessionFrontend (149)
[2015.09.12-16.48.13:871][174]LogModuleManager: Shutting down and abandoning module ProfilerClient (148)
[2015.09.12-16.48.13:871][174]LogModuleManager: Shutting down and abandoning module TargetDeviceServices (147)
[2015.09.12-16.48.13:871][174]LogModuleManager: Shutting down and abandoning module DeviceManager (146)
[2015.09.12-16.48.13:871][174]LogModuleManager: Shutting down and abandoning module AutomationController (145)
[2015.09.12-16.48.13:871][174]LogModuleManager: Shutting down and abandoning module AutomationWindow (144)
[2015.09.12-16.48.13:871][174]LogModuleManager: Shutting down and abandoning module Layers (143)
[2015.09.12-16.48.13:871][174]LogModuleManager: Shutting down and abandoning module ComponentVisualizers (142)
[2015.09.12-16.48.13:871][174]LogModuleManager: Shutting down and abandoning module DetailCustomizations (141)
[2015.09.12-16.48.13:871][174]LogModuleManager: Shutting down and abandoning module PackagesDialog (140)
[2015.09.12-16.48.13:871][174]LogModuleManager: Shutting down and abandoning module Persona (139)
[2015.09.12-16.48.13:871][174]LogModuleManager: Shutting down and abandoning module Kismet (138)
[2015.09.12-16.48.13:872][174]LogModuleManager: Shutting down and abandoning module GraphEditor (137)
[2015.09.12-16.48.13:872][174]LogModuleManager: Shutting down and abandoning module ClassViewer (136)
[2015.09.12-16.48.13:872][174]LogModuleManager: Shutting down and abandoning module Toolbox (135)
[2015.09.12-16.48.13:872][174]LogModuleManager: Shutting down and abandoning module ModuleUI (134)
[2015.09.12-16.48.13:872][174]LogModuleManager: Shutting down and abandoning module MovieSceneTools (133)
[2015.09.12-16.48.13:872][174]LogModuleManager: Shutting down and abandoning module OutputLog (132)
[2015.09.12-16.48.13:872][174]LogModuleManager: Shutting down and abandoning module GammaUI (131)
[2015.09.12-16.48.13:872][174]LogModuleManager: Shutting down and abandoning module Documentation (130)
[2015.09.12-16.48.13:872][174]LogModuleManager: Shutting down and abandoning module GameLiveStreaming (129)
[2015.09.12-16.48.13:872][174]LogModuleManager: Shutting down and abandoning module StreamingPauseRendering (128)
[2015.09.12-16.48.13:872][174]LogModuleManager: Shutting down and abandoning module AnalyticsET (127)
[2015.09.12-16.48.13:872][174]LogModuleManager: Shutting down and abandoning module Analytics (126)
[2015.09.12-16.48.13:872][174]LogModuleManager: Shutting down and abandoning module AITestSuite (125)
[2015.09.12-16.48.13:872][174]LogModuleManager: Shutting down and abandoning module GameplayDebugger (124)
[2015.09.12-16.48.13:872][174]LogModuleManager: Shutting down and abandoning module AIModule (123)
[2015.09.12-16.48.13:872][174]LogModuleManager: Shutting down and abandoning module ProfilerService (122)
[2015.09.12-16.48.14:107][174]LogModuleManager: Shutting down and abandoning module TaskGraph (121)
[2015.09.12-16.48.14:107][174]LogModuleManager: Shutting down and abandoning module SlateRemote (120)
[2015.09.12-16.48.14:107][174]LogModuleManager: Shutting down and abandoning module SteamVRController (119)
[2015.09.12-16.48.14:107][174]LogModuleManager: Shutting down and abandoning module SteamVR (118)
[2015.09.12-16.48.14:107][174]LogModuleManager: Shutting down and abandoning module ProceduralMeshComponent (117)
[2015.09.12-16.48.14:107][174]LogModuleManager: Shutting down and abandoning module OculusRift (116)
[2015.09.12-16.48.14:107][174]LogModuleManager: Shutting down and abandoning module OculusLibrary (115)
[2015.09.12-16.48.14:107][174]LogModuleManager: Shutting down and abandoning module LeapMotionController (114)
[2015.09.12-16.48.14:118][174]LogModuleManager: Shutting down and abandoning module CustomMeshComponent (113)
[2015.09.12-16.48.14:118][174]LogModuleManager: Shutting down and abandoning module CableComponent (112)
[2015.09.12-16.48.14:118][174]LogModuleManager: Shutting down and abandoning module ArchVisCharacter (111)
[2015.09.12-16.48.14:118][174]LogModuleManager: Shutting down and abandoning module MessagingDebugger (110)
[2015.09.12-16.48.14:118][174]LogModuleManager: Shutting down and abandoning module MediaPlayerEditor (109)
[2015.09.12-16.48.14:118][174]LogModuleManager: Shutting down and abandoning module HTML5Networking (108)
[2015.09.12-16.48.14:118][174]LogModuleManager: Shutting down and abandoning module SpeedTreeImporter (107)
[2015.09.12-16.48.14:118][174]LogModuleManager: Shutting down and abandoning module PluginBrowser (106)
[2015.09.12-16.48.14:118][174]LogModuleManager: Shutting down and abandoning module EpicSurvey (105)
[2015.09.12-16.48.14:118][174]LogModuleManager: Shutting down and abandoning module DesktopPlatform (104)
[2015.09.12-16.48.14:118][174]LogModuleManager: Shutting down and abandoning module VisualStudioSourceCodeAccess (103)
[2015.09.12-16.48.14:118][174]LogModuleManager: Shutting down and abandoning module UObjectPlugin (102)
[2015.09.12-16.48.14:118][174]LogModuleManager: Shutting down and abandoning module SubversionSourceControl (101)
[2015.09.12-16.48.14:118][174]LogModuleManager: Shutting down and abandoning module PerforceSourceControl (100)
[2015.09.12-16.48.14:118][174]LogModuleManager: Shutting down and abandoning module SourceControl (99)
[2015.09.12-16.48.14:118][174]LogModuleManager: Shutting down and abandoning module GitSourceControl (98)
[2015.09.12-16.48.14:118][174]LogModuleManager: Shutting down and abandoning module LightPropagationVolumeEditor (97)
[2015.09.12-16.48.14:118][174]LogModuleManager: Shutting down and abandoning module PaperTiledImporter (96)
[2015.09.12-16.48.14:118][174]LogModuleManager: Shutting down and abandoning module PaperSpriteSheetImporter (95)
[2015.09.12-16.48.14:118][174]LogModuleManager: Shutting down and abandoning module MeshPaint (94)
[2015.09.12-16.48.14:118][174]LogModuleManager: Shutting down and abandoning module SlateReflector (93)
[2015.09.12-16.48.14:118][174]LogModuleManager: Shutting down and abandoning module HotReload (92)
[2015.09.12-16.48.14:118][174]LogModuleManager: Shutting down and abandoning module MainFrame (91)
[2015.09.12-16.48.14:118][174]LogModuleManager: Shutting down and abandoning module LevelEditor (90)
[2015.09.12-16.48.14:119][174]LogModuleManager: Shutting down and abandoning module DirectoryWatcher (89)
[2015.09.12-16.48.14:119][174]LogModuleManager: Shutting down and abandoning module AssetRegistry (88)
[2015.09.12-16.48.14:174][174]LogModuleManager: Shutting down and abandoning module ContentBrowser (87)
[2015.09.12-16.48.14:175][174]LogModuleManager: Shutting down and abandoning module Paper2DEditor (86)
[2015.09.12-16.48.14:175][174]LogModuleManager: Shutting down and abandoning module UdpMessaging (85)
[2015.09.12-16.48.14:276][174]LogModuleManager: Shutting down and abandoning module LightPropagationVolumeRuntime (84)
[2015.09.12-16.48.14:276][174]LogModuleManager: Shutting down and abandoning module Paper2D (83)
[2015.09.12-16.48.14:276][174]LogModuleManager: Shutting down and abandoning module WindowsMoviePlayer (82)
[2015.09.12-16.48.14:279][174]LogModuleManager: Shutting down and abandoning module Media (81)
[2015.09.12-16.48.14:279][174]LogModuleManager: Shutting down and abandoning module WmfMedia (80)
[2015.09.12-16.48.14:280][174]LogModuleManager: Shutting down and abandoning module OnlineBlueprintSupport (79)
[2015.09.12-16.48.14:280][174]LogModuleManager: Shutting down and abandoning module GameplayTasksEditor (78)
[2015.09.12-16.48.14:280][174]LogModuleManager: Shutting down and abandoning module PropertyEditor (77)
[2015.09.12-16.48.14:280][174]LogModuleManager: Shutting down and abandoning module BehaviorTreeEditor (76)
[2015.09.12-16.48.14:280][174]LogModuleManager: Shutting down and abandoning module FunctionalTesting (75)
[2015.09.12-16.48.14:280][174]LogModuleManager: Shutting down and abandoning module CollisionAnalyzer (74)
[2015.09.12-16.48.14:280][174]LogModuleManager: Shutting down and abandoning module WorkspaceMenuStructure (73)
[2015.09.12-16.48.14:280][174]LogModuleManager: Shutting down and abandoning module MessageLog (72)
[2015.09.12-16.48.14:280][174]LogModuleManager: Shutting down and abandoning module Sequencer (71)
[2015.09.12-16.48.14:280][174]LogModuleManager: Shutting down and abandoning module AssetTools (70)
[2015.09.12-16.48.14:280][174]LogModuleManager: Shutting down and abandoning module UMGEditor (69)
[2015.09.12-16.48.14:280][174]LogModuleManager: Shutting down and abandoning module UMG (68)
[2015.09.12-16.48.14:280][174]LogModuleManager: Shutting down and abandoning module Slate (67)
[2015.09.12-16.48.14:280][174]LogModuleManager: Shutting down and abandoning module EditorStyle (66)
[2015.09.12-16.48.14:281][174]LogModuleManager: Shutting down and abandoning module SessionServices (65)
[2015.09.12-16.48.14:281][174]LogModuleManager: Shutting down and abandoning module SourceCodeAccess (64)
[2015.09.12-16.48.14:281][174]LogModuleManager: Shutting down and abandoning module HeadMountedDisplay (63)
[2015.09.12-16.48.14:281][174]LogModuleManager: Shutting down and abandoning module XAudio2 (62)
[2015.09.12-16.48.14:281][174]LogModuleManager: Shutting down and abandoning module Networking (60)
[2015.09.12-16.48.14:281][174]LogModuleManager: Shutting down and abandoning module Core (59)
[2015.09.12-16.48.14:281][174]LogModuleManager: Shutting down and abandoning module KismetCompiler (58)
[2015.09.12-16.48.14:281][174]LogModuleManager: Shutting down and abandoning module PhysXFormats (57)
[2015.09.12-16.48.14:281][174]LogModuleManager: Shutting down and abandoning module MeshUtilities (56)
[2015.09.12-16.48.14:281][174]LogModuleManager: Shutting down and abandoning module CookingStats (55)
[2015.09.12-16.48.14:282][174]LogModuleManager: Shutting down and abandoning module DerivedDataCache (54)
[2015.09.12-16.48.14:323][174]LogDerivedDataCache: Shutdown
[2015.09.12-16.48.14:323][174]LogModuleManager: Shutting down and abandoning module ShaderFormatOpenGL (53)
[2015.09.12-16.48.14:323][174]LogModuleManager: Shutting down and abandoning module ShaderFormatD3D (52)
[2015.09.12-16.48.14:323][174]LogModuleManager: Shutting down and abandoning module MetalShaderFormat (51)
[2015.09.12-16.48.14:323][174]LogModuleManager: Shutting down and abandoning module TextureFormatUncompressed (50)
[2015.09.12-16.48.14:323][174]LogModuleManager: Shutting down and abandoning module TextureFormatPVR (49)
[2015.09.12-16.48.14:323][174]LogModuleManager: Shutting down and abandoning module TextureFormatIntelISPCTexComp (48)
[2015.09.12-16.48.14:323][174]LogModuleManager: Shutting down and abandoning module TextureFormatDXT (47)
[2015.09.12-16.48.14:323][174]LogModuleManager: Shutting down and abandoning module ImageWrapper (46)
[2015.09.12-16.48.14:323][174]LogModuleManager: Shutting down and abandoning module TextureFormatASTC (45)
[2015.09.12-16.48.14:323][174]LogModuleManager: Shutting down and abandoning module TextureFormatAndroid (44)
[2015.09.12-16.48.14:323][174]LogModuleManager: Shutting down and abandoning module AudioFormatOpus (43)
[2015.09.12-16.48.14:323][174]LogModuleManager: Shutting down and abandoning module AudioFormatOgg (42)
[2015.09.12-16.48.14:323][174]LogModuleManager: Shutting down and abandoning module AudioFormatADPCM (41)
[2015.09.12-16.48.14:323][174]LogModuleManager: Shutting down and abandoning module LinuxTargetPlatform (40)
[2015.09.12-16.48.14:323][174]LogModuleManager: Shutting down and abandoning module LinuxServerTargetPlatform (39)
[2015.09.12-16.48.14:323][174]LogModuleManager: Shutting down and abandoning module LinuxNoEditorTargetPlatform (38)
[2015.09.12-16.48.14:323][174]LogModuleManager: Shutting down and abandoning module Messaging (37)
[2015.09.12-16.48.14:323][174]LogModuleManager: Shutting down and abandoning module IOSTargetPlatform (36)
[2015.09.12-16.48.14:323][174]LogModuleManager: Shutting down and abandoning module HTML5TargetPlatform (35)
[2015.09.12-16.48.14:323][174]LogModuleManager: Shutting down and abandoning module Android_PVRTCTargetPlatform (34)
[2015.09.12-16.48.14:323][174]LogModuleManager: Shutting down and abandoning module Android_ETC2TargetPlatform (33)
[2015.09.12-16.48.14:323][174]LogModuleManager: Shutting down and abandoning module Android_ETC1TargetPlatform (32)
[2015.09.12-16.48.14:323][174]LogModuleManager: Shutting down and abandoning module Android_DXTTargetPlatform (31)
[2015.09.12-16.48.14:323][174]LogModuleManager: Shutting down and abandoning module Android_ATCTargetPlatform (30)
[2015.09.12-16.48.14:323][174]LogModuleManager: Shutting down and abandoning module Android_ASTCTargetPlatform (29)
[2015.09.12-16.48.14:323][174]LogModuleManager: Shutting down and abandoning module AndroidTargetPlatform (28)
[2015.09.12-16.48.14:323][174]LogModuleManager: Shutting down and abandoning module WindowsTargetPlatform (27)
[2015.09.12-16.48.14:323][174]LogModuleManager: Shutting down and abandoning module WindowsServerTargetPlatform (26)
[2015.09.12-16.48.14:323][174]LogModuleManager: Shutting down and abandoning module WindowsNoEditorTargetPlatform (25)
[2015.09.12-16.48.14:323][174]LogModuleManager: Shutting down and abandoning module WindowsClientTargetPlatform (24)
[2015.09.12-16.48.14:323][174]LogModuleManager: Shutting down and abandoning module AllDesktopTargetPlatform (23)
[2015.09.12-16.48.14:323][174]LogModuleManager: Shutting down and abandoning module TargetPlatform (22)
[2015.09.12-16.48.14:323][174]LogModuleManager: Shutting down and abandoning module InputCore (21)
[2015.09.12-16.48.14:323][174]LogModuleManager: Shutting down and abandoning module Settings (20)
[2015.09.12-16.48.14:323][174]LogModuleManager: Shutting down and abandoning module OnlineSubsystem (18)
[2015.09.12-16.48.14:323][174]LogModuleManager: Shutting down and abandoning module HTTP (17)
[2015.09.12-16.48.16:325][174]LogModuleManager: Shutting down and abandoning module XMPP (16)
[2015.09.12-16.48.16:325][174]LogModuleManager: Shutting down and abandoning module ExampleDeviceProfileSelector (15)
[2015.09.12-16.48.16:325][174]LogModuleManager: Shutting down and abandoning module TextureCompressor (14)
[2015.09.12-16.48.16:325][174]LogModuleManager: Shutting down and abandoning module ShaderCore (13)
[2015.09.12-16.48.16:325][174]LogModuleManager: Shutting down and abandoning module Landscape (12)
[2015.09.12-16.48.16:325][174]LogModuleManager: Shutting down and abandoning module SlateRHIRenderer (11)
[2015.09.12-16.48.16:325][174]LogModuleManager: Shutting down and abandoning module OpenGLDrv (10)
[2015.09.12-16.48.16:325][174]LogModuleManager: Shutting down and abandoning module D3D11RHI (9)
[2015.09.12-16.48.16:325][174]LogModuleManager: Shutting down and abandoning module AnimGraphRuntime (8)
[2015.09.12-16.48.16:325][174]LogModuleManager: Shutting down and abandoning module Renderer (7)
[2015.09.12-16.48.16:325][174]LogModuleManager: Shutting down and abandoning module Engine (6)
[2015.09.12-16.48.16:325][174]LogModuleManager: Shutting down and abandoning module CoreUObject (5)
[2015.09.12-16.48.16:325][174]LogModuleManager: Shutting down and abandoning module NetworkFile (4)
[2015.09.12-16.48.16:325][174]LogModuleManager: Shutting down and abandoning module StreamingFile (3)
[2015.09.12-16.48.16:325][174]LogModuleManager: Shutting down and abandoning module SandboxFile (2)
[2015.09.12-16.48.16:325][174]LogModuleManager: Shutting down and abandoning module PakFile (1)
[2015.09.12-16.48.16:326][174]LogExit: Exiting.
[2015.09.12-16.48.16:338][174]Log file closed, 09/12/15 12:48:16
