[2015.09.13-04.03.24:628][  0]Log file open, 09/13/15 00:03:24
[2015.09.13-04.03.24:628][  0]LogInit:Display: Running engine for game: PuppySim
[2015.09.13-04.03.24:628][  0]LogInit:Display: RandInit(441972958) SRandInit(441972958).
[2015.09.13-04.03.24:628][  0]LogTaskGraph: Started task graph with 4 named threads and 7 total threads.
[2015.09.13-04.03.24:628][  0]LogStats: Stats thread started at 0.079708
[2015.09.13-04.03.24:628][  0]LogInit: Version: 4.9.0-2672455+++depot+UE4-Releases+4.9
[2015.09.13-04.03.24:628][  0]LogInit: API Version: 2672455
[2015.09.13-04.03.24:628][  0]LogInit: Compiled (64-bit): Aug 28 2015 12:33:01
[2015.09.13-04.03.24:628][  0]LogInit: Compiled with Visual C++: 18.00.21005.01
[2015.09.13-04.03.24:628][  0]LogInit: Build Configuration: Development
[2015.09.13-04.03.24:628][  0]LogInit: Branch Name: ++depot+UE4-Releases+4.9
[2015.09.13-04.03.24:628][  0]LogInit: Command line:  
[2015.09.13-04.03.24:628][  0]LogInit: Base directory: C:/Program Files/Epic Games/4.9/Engine/Binaries/Win64/
[2015.09.13-04.03.24:628][  0]LogInit: Rocket: 1
[2015.09.13-04.03.24:636][  0]LogInit: Using libcurl 7.41.0
[2015.09.13-04.03.24:636][  0]LogInit:  - built for x86_64-pc-win32
[2015.09.13-04.03.24:636][  0]LogInit:  - supports SSL with WinSSL
[2015.09.13-04.03.24:636][  0]LogInit:  - other features:
[2015.09.13-04.03.24:636][  0]LogInit:      CURL_VERSION_SSL
[2015.09.13-04.03.24:636][  0]LogInit:      CURL_VERSION_IPV6
[2015.09.13-04.03.24:636][  0]LogInit:      CURL_VERSION_ASYNCHDNS
[2015.09.13-04.03.24:636][  0]LogInit:      CURL_VERSION_LARGEFILE
[2015.09.13-04.03.24:636][  0]LogInit:      CURL_VERSION_IDN
[2015.09.13-04.03.24:636][  0]LogInit:  CurlRequestOptions (configurable via config and command line):
[2015.09.13-04.03.24:636][  0]LogInit:  - bVerifyPeer = true  - Libcurl will verify peer certificate
[2015.09.13-04.03.24:636][  0]LogInit:  - bUseHttpProxy = false  - Libcurl will NOT use HTTP proxy
[2015.09.13-04.03.24:636][  0]LogInit:  - bDontReuseConnections = false  - Libcurl will reuse connections
[2015.09.13-04.03.24:636][  0]LogInit:  - CertBundlePath = nullptr  - Libcurl will use whatever was configured at build time.
[2015.09.13-04.03.24:643][  0]LogInit: Presizing for 0 objects not considered by GC, pre-allocating 0 bytes.
[2015.09.13-04.03.24:652][  0]LogInit: Object subsystem initialized
[2015.09.13-04.03.24:654][  0]LogInit: Selected Device Profile: [Windows]
[2015.09.13-04.03.24:654][  0]LogInit: Applying CVar settings loaded from the selected device profile: [Windows]
[2015.09.13-04.03.24:661][  0]LogInit: Computer: TSCHIRGIMACHINE
[2015.09.13-04.03.24:661][  0]LogInit: User: pault000
[2015.09.13-04.03.24:661][  0]LogInit: CPU Page size=4096, Cores=4
[2015.09.13-04.03.24:661][  0]LogInit: High frequency timer resolution =2.338346 MHz
[2015.09.13-04.03.24:661][  0]LogMemory: Memory total: Physical=15.9GB (16GB approx)
[2015.09.13-04.03.24:661][  0]LogMemory: Platform Memory Stats for Windows
[2015.09.13-04.03.24:661][  0]LogMemory: Process Physical Memory: 52.83 MB used, 52.83 MB peak
[2015.09.13-04.03.24:661][  0]LogMemory: Process Virtual Memory: 55.18 MB used, 55.18 MB peak
[2015.09.13-04.03.24:661][  0]LogMemory: Physical Memory: 4041.96 MB used, 16267.18 MB total
[2015.09.13-04.03.24:661][  0]LogMemory: Virtual Memory: 351.56 MB used, 134217728.00 MB total
[2015.09.13-04.03.24:692][  0]LogTextLocalizationManager: No specific translations for ('en-US') exist, so ('en') translations will be used.
[2015.09.13-04.03.25:460][  0]LogD3D11RHI: Found D3D11 adapter 0: Intel(R) HD Graphics 4600 (Feature Level 11_0)
[2015.09.13-04.03.25:461][  0]LogD3D11RHI: Adapter has 32MB of dedicated video memory, 0MB of dedicated system memory, and 1760MB of shared system memory, 1 output[s]
[2015.09.13-04.03.25:475][  0]LogD3D11RHI: Found D3D11 adapter 1: NVIDIA GeForce GT 750M (Feature Level 11_0)
[2015.09.13-04.03.25:475][  0]LogD3D11RHI: Adapter has 1988MB of dedicated video memory, 0MB of dedicated system memory, and 2048MB of shared system memory, 0 output[s]
[2015.09.13-04.03.25:476][  0]LogD3D11RHI: Found D3D11 adapter 2: Microsoft Basic Render Driver (Feature Level 11_0)
[2015.09.13-04.03.25:476][  0]LogD3D11RHI: Adapter has 0MB of dedicated video memory, 0MB of dedicated system memory, and 256MB of shared system memory, 0 output[s]
[2015.09.13-04.03.25:477][  0]LogD3D11RHI: Chosen D3D11 Adapter Id = 0
[2015.09.13-04.03.25:481][  0]LogD3D11RHI: !Direct3DDevice
[2015.09.13-04.03.25:481][  0]LogRHI: Texture pool is 1361 MB (70% of 1945 MB)
[2015.09.13-04.03.25:493][  0]LogD3D11RHI: Async texture creation enabled
[2015.09.13-04.03.25:509][  0]LogShaderCompilers: Guid format shader working directory is 14 characters bigger than the processId version (D:/Data/Unreal Projects/PuppyGame/PuppySim/Intermediate/Shaders/WorkingDirectory/11776/).
[2015.09.13-04.03.25:509][  0]LogShaderCompilers: Cleaned the shader compiler working directory 'D:/Data/Unreal Projects/PuppyGame/PuppySim/Intermediate/Shaders/tmp/5A2085FE4E10AD4C34D2BFA05C9C57C0/'.
[2015.09.13-04.03.25:509][  0]LogShaderCompilers:Display: Using Local Shader Compiler.
[2015.09.13-04.03.26:648][  0]LogTemp:Display: Loaded TP AllDesktopTargetPlatform
[2015.09.13-04.03.26:654][  0]LogTemp:Display: Loaded TP WindowsClientTargetPlatform
[2015.09.13-04.03.26:659][  0]LogTemp:Display: Loaded TP WindowsNoEditorTargetPlatform
[2015.09.13-04.03.26:664][  0]LogTemp:Display: Loaded TP WindowsServerTargetPlatform
[2015.09.13-04.03.26:668][  0]LogTemp:Display: Loaded TP WindowsTargetPlatform
[2015.09.13-04.03.26:671][  0]LogTemp:Display: Loaded TP AndroidTargetPlatform
[2015.09.13-04.03.26:674][  0]LogTemp:Display: Loaded TP Android_ASTCTargetPlatform
[2015.09.13-04.03.26:677][  0]LogTemp:Display: Loaded TP Android_ATCTargetPlatform
[2015.09.13-04.03.26:680][  0]LogTemp:Display: Loaded TP Android_DXTTargetPlatform
[2015.09.13-04.03.26:684][  0]LogTemp:Display: Loaded TP Android_ETC1TargetPlatform
[2015.09.13-04.03.26:689][  0]LogTemp:Display: Loaded TP Android_ETC2TargetPlatform
[2015.09.13-04.03.26:694][  0]LogTemp:Display: Loaded TP Android_PVRTCTargetPlatform
[2015.09.13-04.03.26:694][  0]LogTemp:Display: Loaded TP HTML5TargetPlatform
[2015.09.13-04.03.26:713][  0]LogTemp:Display: Loaded TP IOSTargetPlatform
[2015.09.13-04.03.26:716][  0]LogTemp:Display: Loaded TP LinuxNoEditorTargetPlatform
[2015.09.13-04.03.26:719][  0]LogTemp:Display: Loaded TP LinuxServerTargetPlatform
[2015.09.13-04.03.26:723][  0]LogTemp:Display: Loaded TP LinuxTargetPlatform
[2015.09.13-04.03.26:723][  0]LogTargetPlatformManager:Display: Building Assets For Windows
[2015.09.13-04.03.26:806][  0]LogDerivedDataCache:Display: Max Cache Size: 512 MB
[2015.09.13-04.03.26:849][  0]LogDerivedDataCache: Loaded boot cache 0.04s 41MB C:/Users/pault_000/AppData/Local/UnrealEngine/4.9/DerivedDataCache/Boot.ddc.
[2015.09.13-04.03.26:849][  0]LogDerivedDataCache:Display: Loaded Boot cache: C:/Users/pault_000/AppData/Local/UnrealEngine/4.9/DerivedDataCache/Boot.ddc
[2015.09.13-04.03.26:849][  0]LogDerivedDataCache: FDerivedDataBackendGraph:  Pak pak cache file D:/Data/Unreal Projects/PuppyGame/PuppySim/DerivedDataCache/DDC.ddp not found, will not use a pak cache.
[2015.09.13-04.03.26:849][  0]LogDerivedDataCache: Unable to find inner node Pak for hierarchical cache Hierarchy.
[2015.09.13-04.03.26:849][  0]LogDerivedDataCache: FDerivedDataBackendGraph:  CompressedPak pak cache file D:/Data/Unreal Projects/PuppyGame/PuppySim/DerivedDataCache/Compressed.ddp not found, will not use a pak cache.
[2015.09.13-04.03.26:849][  0]LogDerivedDataCache: Unable to find inner node CompressedPak for hierarchical cache Hierarchy.
[2015.09.13-04.03.26:988][  0]LogDerivedDataCache:Display: Pak cache opened for reading ../../../Engine/DerivedDataCache/Compressed.ddp.
[2015.09.13-04.03.27:000][  0]LogDerivedDataCache: Using Local data cache path C:/Users/pault_000/AppData/Local/UnrealEngine/Common/DerivedDataCache: Writable
[2015.09.13-04.03.27:166][  0]LogInit: Selected Device Profile: [Windows]
[2015.09.13-04.03.27:170][  0]LogContentStreaming: Texture pool size is 0.000000MB
[2015.09.13-04.03.27:290][  0]LogMeshUtilities: No automatic mesh reduction module available
[2015.09.13-04.03.27:290][  0]LogMeshUtilities: No automatic mesh merging module available
[2015.09.13-04.03.27:543][  0]LogInit: WinSock: version 1.1 (2.2), MaxSocks=32767, MaxUdp=65467
[2015.09.13-04.03.28:200][  0]UdpMessaging: Initializing bridge on interface 0.0.0.0:0 to multicast group 230.0.0.1:6666.
[2015.09.13-04.03.28:294][  0]LogAssetRegistry: FAssetRegistry took 0.0111 seconds to start up
[2015.09.13-04.03.28:443][  0]SourceControl: Info Source control is disabled
[2015.09.13-04.03.28:675][  0]LogLinker:Warning: Asset '../../../Engine/Plugins/Runtime/LeapMotionController/Content/LM_PassthroughMaterial.uasset' has been saved with empty engine version. The asset will be loaded but may be incompatible.
[2015.09.13-04.03.28:744][  0]LogObj: 28361 objects as part of root set at end of initial load.
[2015.09.13-04.03.28:744][  0]LogUObjectAllocator: 6038872 out of 0 bytes used by permanent object pool.
[2015.09.13-04.03.28:798][  0]LogEngine: Initializing Engine...
[2015.09.13-04.03.28:800][  0]LogHMD: Can't find Oculus library dev build: is proper Runtime installed? Version: 0.6.0.0
[2015.09.13-04.03.28:801][  0]LogHMD: SteamVR failed to initialize.  Err: 110
[2015.09.13-04.03.28:917][  0]LogAIModule: Creating AISystem for world NewWorld
[2015.09.13-04.03.28:921][  0]LogInit: XAudio2 using 'Speakers (Realtek High Definition Audio)' : 2 channels at 48 kHz using 32 bits per sample (channel mask 0x3)
[2015.09.13-04.03.28:930][  0]LogInit: FAudioDevice initialized.
[2015.09.13-04.03.28:953][  0]LogDerivedDataCache: Saved boot cache 0.02s 41MB C:/Users/pault_000/AppData/Local/UnrealEngine/4.9/DerivedDataCache/Boot.ddc.
[2015.09.13-04.03.28:957][  0]LogInit: Texture streaming: Enabled
[2015.09.13-04.03.28:962][  0]LogAnalytics: Creating configured Analytics provider AnalyticsET
[2015.09.13-04.03.28:962][  0]LogAnalytics: [UEEditor.Rocket.Release] APIServer = http://et2.epicgames.com/ET2/. AppVersion = 4.9.0-2672455+++depot+UE4-Releases+4.9
[2015.09.13-04.03.28:962][  0]LogAnalytics: [UEEditor.Rocket.Release] SetUserId 537121804b7cf4be510b0681ba3e9dcc|b9d68997175147afad91b4c26e41b99d|9767a706-ec85-4912-88a3-1f6ddb1dec1c
[2015.09.13-04.03.28:962][  0]LogAnalytics: [UEEditor.Rocket.Release] AnalyticsET::StartSession
[2015.09.13-04.03.28:984][  0]LogInit: Transaction tracking system initialized
[2015.09.13-04.03.29:014][  0]BlueprintLog: New page: Editor Load
[2015.09.13-04.03.29:096][  0]LocalizationService: Info Localization service is disabled
[2015.09.13-04.03.29:552][  0]LogConsoleResponse:Display: 
[2015.09.13-04.03.29:653][  0]LogCook:Display: Done creating registry. It took  0.00s.
[2015.09.13-04.03.29:747][  0]LogFileCache: Scanning file cache for directory 'D:/Data/Unreal Projects/PuppyGame/PuppySim/Content/' took 0.01s
[2015.09.13-04.03.29:747][  0]Cmd: MAP LOAD FILE="D:/Data/Unreal Projects/PuppyGame/PuppySim/Content/Maps/LevelHouse.umap" TEMPLATE=0 SHOWPROGRESS=1 FEATURELEVEL=3
[2015.09.13-04.03.29:747][  0]LightingResults: New page: Lighting Build
[2015.09.13-04.03.29:751][  0]MapCheck: New page: Map Check
[2015.09.13-04.03.29:751][  0]LightingResults: New page: Lighting Build
[2015.09.13-04.03.29:764][  0]LogParticles: Destroying 0 GPU particle simulations for FXSystem 0x00000043C675C400
[2015.09.13-04.03.30:139][  0]LogAIModule: Creating AISystem for world LevelHouse
[2015.09.13-04.03.30:149][  0]LogEditorServer: Finished looking for orphan Actors (0.000 secs)
[2015.09.13-04.03.30:149][  0]Cmd: MAP CHECKDEP NOCLEARLOG
[2015.09.13-04.03.30:195][  0]MapCheck: Info Map check complete: 0 Error(s), 0 Warning(s), took 45.765ms to complete.
[2015.09.13-04.03.30:195][  0]LogFileHelpers: Loading map 'LevelHouse' took 0.449
[2015.09.13-04.03.30:307][  0]LogCollectionManager: Loaded 0 collections in 0.003165 seconds
[2015.09.13-04.03.30:349][  0]LogFileCache: Scanning file cache for directory 'D:/Data/Unreal Projects/PuppyGame/PuppySim/Saved/Collections/' took 0.01s
[2015.09.13-04.03.30:349][  0]LogFileCache: Scanning file cache for directory 'D:/Data/Unreal Projects/PuppyGame/PuppySim/Content/Developers/pault000/Collections/' took 0.01s
[2015.09.13-04.03.30:349][  0]LogFileCache: Scanning file cache for directory 'D:/Data/Unreal Projects/PuppyGame/PuppySim/Content/Collections/' took 0.01s
[2015.09.13-04.03.30:349][  0]LogContentBrowser: Native class hierarchy populated in 0.0079 seconds. Added 1867 classes and 333 folders.
[2015.09.13-04.03.30:354][  0]LogCollectionManager: Rebuilt the GUID cache for 0 collections in 0.000003 seconds
[2015.09.13-04.03.30:360][  0]LogContentBrowser: Native class hierarchy updated for 'WidgetCarousel' in 0.0003 seconds. Added 0 classes and 0 folders.
[2015.09.13-04.03.30:396][  0]LogContentBrowser: Native class hierarchy updated for 'AddContentDialog' in 0.0003 seconds. Added 0 classes and 0 folders.
[2015.09.13-04.03.30:400][  0]LogContentBrowser: Native class hierarchy updated for 'SceneOutliner' in 0.0003 seconds. Added 1 classes and 2 folders.
[2015.09.13-04.03.30:452][  0]LogCrashTracker: Crashtracker disabled due to settings.
[2015.09.13-04.03.30:455][  0]LogUObjectGlobals:Warning: Failed to find object 'Class None.'
[2015.09.13-04.03.30:478][  0]LogLoad: Full Startup: 6.37 seconds (BP compile: 0.06 seconds)
[2015.09.13-04.03.30:548][  0]SourceControl: Info On branch master
[2015.09.13-04.03.30:548][  0]SourceControl: Info Your branch is up-to-date with 'origin/master'.
[2015.09.13-04.03.30:548][  0]SourceControl: Info Changes to be committed:
[2015.09.13-04.03.30:548][  0]SourceControl: Info   (use "git reset HEAD <file>..." to unstage)
[2015.09.13-04.03.30:548][  0]SourceControl: Info 	modified:   PuppySim/Intermediate/Config/CoalescedSourceConfigs/Engine.ini
[2015.09.13-04.03.30:548][  0]SourceControl: Info 	modified:   PuppySim/Intermediate/Config/CoalescedSourceConfigs/Game.ini
[2015.09.13-04.03.30:548][  0]SourceControl: Info 	modified:   PuppySim/Saved/AutoScreenshot.png
[2015.09.13-04.03.30:548][  0]SourceControl: Info 	modified:   PuppySim/Saved/Autosaves/PackageRestoreData.json
[2015.09.13-04.03.30:548][  0]SourceControl: Info 	deleted:    PuppySim/Saved/Backup/AnimDog_2015-09-12-13-40-56.uasset
[2015.09.13-04.03.30:548][  0]SourceControl: Info 	deleted:    PuppySim/Saved/Backup/AnimDog_2015-09-12-14-12-22.uasset
[2015.09.13-04.03.30:548][  0]SourceControl: Info 	deleted:    PuppySim/Saved/Backup/AnimDog_2015-09-12-14-22-28.uasset
[2015.09.13-04.03.30:548][  0]SourceControl: Info 	deleted:    PuppySim/Saved/Backup/FirstPersonCharacter_2015-09-12-13-32-12.uasset
[2015.09.13-04.03.30:548][  0]SourceControl: Info 	deleted:    PuppySim/Saved/Backup/FirstPersonCharacter_2015-09-12-13-40-55.uasset
[2015.09.13-04.03.30:548][  0]SourceControl: Info 	deleted:    PuppySim/Saved/Backup/FirstPersonCharacter_2015-09-12-13-52-04.uasset
[2015.09.13-04.03.30:548][  0]SourceControl: Info 	deleted:    PuppySim/Saved/Backup/FirstPersonCharacter_2015-09-12-14-12-22.uasset
[2015.09.13-04.03.30:548][  0]SourceControl: Info 	deleted:    PuppySim/Saved/Backup/FirstPersonCharacter_2015-09-12-14-22-27.uasset
[2015.09.13-04.03.30:548][  0]SourceControl: Info 	deleted:    PuppySim/Saved/Backup/FirstPersonCharacter_2015-09-12-14-45-17.uasset
[2015.09.13-04.03.30:548][  0]SourceControl: Info 	deleted:    PuppySim/Saved/Backup/FirstPersonCharacter_2015-09-12-15-19-01.uasset
[2015.09.13-04.03.30:548][  0]SourceControl: Info 	deleted:    PuppySim/Saved/Backup/FirstPersonCharacter_2015-09-12-15-31-00.uasset
[2015.09.13-04.03.30:548][  0]SourceControl: Info 	deleted:    PuppySim/Saved/Backup/FirstPersonExampleMap_2015-09-12-12-58-14.umap
[2015.09.13-04.03.30:548][  0]SourceControl: Info 	deleted:    PuppySim/Saved/Backup/FirstPersonExampleMap_2015-09-12-14-12-19.umap
[2015.09.13-04.03.30:548][  0]SourceControl: Info 	deleted:    PuppySim/Saved/Backup/FirstPersonExampleMap_2015-09-12-14-22-24.umap
[2015.09.13-04.03.30:548][  0]SourceControl: Info 	deleted:    PuppySim/Saved/Backup/FirstPersonExampleMap_2015-09-12-14-45-14.umap
[2015.09.13-04.03.30:548][  0]SourceControl: Info 	deleted:    PuppySim/Saved/Backup/FirstPersonExampleMap_2015-09-12-15-19-14.umap
[2015.09.13-04.03.30:548][  0]SourceControl: Info 	deleted:    PuppySim/Saved/Backup/FirstPersonGameMode_2015-09-12-12-58-15.uasset
[2015.09.13-04.03.30:548][  0]SourceControl: Info 	modified:   PuppySim/Saved/Config/Windows/Editor.ini
[2015.09.13-04.03.30:548][  0]SourceControl: Info 	modified:   PuppySim/Saved/Config/Windows/EditorPerProjectUserSettings.ini
[2015.09.13-04.03.30:548][  0]SourceControl: Info 	modified:   PuppySim/Saved/Config/Windows/Engine.ini
[2015.09.13-04.03.30:548][  0]SourceControl: Info 	modified:   PuppySim/Saved/Logs/PuppySim.log
[2015.09.13-04.03.30:548][  0]SourceControl: Info Changes not staged for commit:
[2015.09.13-04.03.30:548][  0]SourceControl: Info   (use "git add <file>..." to update what will be committed)
[2015.09.13-04.03.30:548][  0]SourceControl: Info   (use "git checkout -- <file>..." to discard changes in working directory)
[2015.09.13-04.03.30:548][  0]SourceControl: Info 	modified:   PuppySim/Intermediate/CachedAssetRegistry.bin
[2015.09.13-04.03.30:548][  0]SourceControl: Info 	modified:   PuppySim/Saved/AutoScreenshot.png
[2015.09.13-04.03.30:548][  0]SourceControl: Info 	modified:   PuppySim/Saved/Config/Windows/Editor.ini
[2015.09.13-04.03.30:548][  0]SourceControl: Info 	modified:   PuppySim/Saved/Config/Windows/EditorPerProjectUserSettings.ini
[2015.09.13-04.03.30:548][  0]SourceControl: Info 	modified:   PuppySim/Saved/Config/Windows/Engine.ini
[2015.09.13-04.03.30:548][  0]SourceControl: Info 	modified:   PuppySim/Saved/Logs/PuppySim.log
[2015.09.13-04.03.30:549][  0]LogContentStreaming: Texture pool size now 700 MB
[2015.09.13-04.03.30:691][  0]LogRenderer: Reallocating scene render targets to support 756x504 (Frame:2).
[2015.09.13-04.03.30:938][  4]LogAssetRegistry: Asset discovery search completed in 2.6551 seconds
[2015.09.13-04.03.30:938][  4]LogCollectionManager: Rebuilt the object cache for 0 collections in 0.000001 seconds (found 0 objects)
[2015.09.13-04.03.30:938][  4]LogCollectionManager: Fixed up redirectors for 0 collections in 0.000018 seconds (updated 0 objects)
[2015.09.13-04.03.33:098][115]LogAIModule: Creating AISystem for world PaulRugsAndStuff
[2015.09.13-04.03.33:131][115]Cmd: MAP LOAD FILE="D:/Data/Unreal Projects/PuppyGame/PuppySim/Content/FirstPersonBP/Maps/PaulRugsAndStuff.umap" TEMPLATE=0 SHOWPROGRESS=1 FEATURELEVEL=3
[2015.09.13-04.03.33:131][115]LightingResults: New page: Lighting Build
[2015.09.13-04.03.33:150][115]LoadErrors: New page: Loading map: PaulRugsAndStuff.umap
[2015.09.13-04.03.33:150][115]MapCheck: New page: Map Check
[2015.09.13-04.03.33:150][115]LightingResults: New page: Lighting Build
[2015.09.13-04.03.33:161][115]LogParticles: Destroying 0 GPU particle simulations for FXSystem 0x00000043C41E2340
[2015.09.13-04.03.33:205][115]LogEditorServer: Finished looking for orphan Actors (0.000 secs)
[2015.09.13-04.03.33:249][115]Cmd: MAP CHECKDEP NOCLEARLOG
[2015.09.13-04.03.33:301][115]MapCheck: Info Map check complete: 0 Error(s), 0 Warning(s), took 51.563ms to complete.
[2015.09.13-04.03.33:301][115]LogFileHelpers: Loading map 'PaulRugsAndStuff' took 0.172
[2015.09.13-04.03.38:394][341]LogEditorViewport: Clicking on Actor (LMB): StaticMeshActor (RUGGG)
[2015.09.13-04.03.39:796][414]LogRenderer: Reallocating scene render targets to support 1024x628 (Frame:445).
[2015.09.13-04.03.39:872][415]LogRenderer: Reallocating scene render targets to support 1536x864 (Frame:448).
[2015.09.13-04.03.52:552][749]LogPlayLevel: PlayLevel: No blueprints needed recompiling
[2015.09.13-04.03.52:552][749]PIE: New page: PIE session: PaulRugsAndStuff (Sep 12, 2015, 8:03:52 PM)
[2015.09.13-04.03.52:552][749]LogPlayLevel: Creating play world package: /Game/FirstPersonBP/Maps/UEDPIE_0_PaulRugsAndStuff
[2015.09.13-04.03.52:580][749]LogPlayLevel: PIE: StaticDuplicateObject took: (0.028311s)
[2015.09.13-04.03.52:583][749]LogAIModule: Creating AISystem for world PaulRugsAndStuff
[2015.09.13-04.03.52:583][749]LogPlayLevel: PIE: World Init took: (0.002407s)
[2015.09.13-04.03.52:583][749]LogPlayLevel: PIE: Created PIE world by copying editor world from /Game/FirstPersonBP/Maps/PaulRugsAndStuff.PaulRugsAndStuff to /Game/FirstPersonBP/Maps/UEDPIE_0_PaulRugsAndStuff.PaulRugsAndStuff (0.031006s)
[2015.09.13-04.03.52:603][749]LogInit: XAudio2 using 'Speakers (Realtek High Definition Audio)' : 2 channels at 48 kHz using 32 bits per sample (channel mask 0x3)
[2015.09.13-04.03.52:610][749]LogInit: FAudioDevice initialized.
[2015.09.13-04.03.52:662][749]LogWorld: Game class is 'FirstPersonGameMode_C'
[2015.09.13-04.03.52:668][749]LogWorld: Bringing World /Game/FirstPersonBP/Maps/UEDPIE_0_PaulRugsAndStuff.PaulRugsAndStuff up for play (max tick rate 60) at 2015.09.13-00.03.52
[2015.09.13-04.03.52:668][749]LogActor:Warning: GameSession /Game/FirstPersonBP/Maps/UEDPIE_0_PaulRugsAndStuff.PaulRugsAndStuff:PersistentLevel.GameSession_0 has natively added scene component(s), but none of them were set as the actor's RootComponent - picking one arbitrarily
[2015.09.13-04.03.52:668][749]LogActor:Warning: GameNetworkManager /Game/FirstPersonBP/Maps/UEDPIE_0_PaulRugsAndStuff.PaulRugsAndStuff:PersistentLevel.GameNetworkManager_0 has natively added scene component(s), but none of them were set as the actor's RootComponent - picking one arbitrarily
[2015.09.13-04.03.52:668][749]LogWorld: Bringing up level for play took: 0.005249
[2015.09.13-04.03.52:669][749]LogSpawn:Warning: SpawnActor failed because no class was specified
[2015.09.13-04.03.52:671][749]PIE: Info Play in editor start time for /Game/FirstPersonBP/Maps/UEDPIE_0_PaulRugsAndStuff 0.766
[2015.09.13-04.03.56:106][832]LogParticles: Destroying 0 GPU particle simulations for FXSystem 0x00000043C215EAC0
[2015.09.13-04.04.25:569][802]LogLinker:Warning: Asset '../../../Engine/Content/ArtTools/RenderToTexture/Macros/RenderToTextureMacros.uasset' has been saved with empty engine version. The asset will be loaded but may be incompatible.
[2015.09.13-04.04.26:142][802]LogContentBrowser: Native class hierarchy updated for 'BlueprintGraph' in 0.0007 seconds. Added 107 classes and 0 folders.
[2015.09.13-04.04.26:510][802]LogActor:Warning: GameNetworkManager /Engine/Transient.World_5:PersistentLevel.GameNetworkManager_1 has natively added scene component(s), but none of them were set as the actor's RootComponent - picking one arbitrarily
[2015.09.13-04.04.29:759][938]LogSlate:Warning: Prevented a slow task dialog from being summoned while a context menu was open
[2015.09.13-04.04.31:221][995]BlueprintLog: New page: Compile FirstPersonGameMode
[2015.09.13-04.04.31:259][995]LogActorComponent: UnregisterComponent: (/Engine/Transient.CharMoveComp) Not registered. Aborting.
[2015.09.13-04.04.31:299][995]BlueprintEditorCompileResults: Info [0067.19] Compile of FirstPersonGameMode successful! [in 78 ms]
[2015.09.13-04.05.30:692][482]Cmd: OBJ SAVEPACKAGE PACKAGE="/Game/FirstPersonBP/Blueprints/FirstPersonGameMode" FILE="D:/Data/Unreal Projects/PuppyGame/PuppySim/Content/FirstPersonBP/Blueprints/FirstPersonGameMode.uasset" SILENT=true
[2015.09.13-04.05.30:707][482]LogSavePackage: Save=8.351202ms
[2015.09.13-04.05.30:707][482]LogSavePackage: Moving 'D:/Data/Unreal Projects/PuppyGame/PuppySim/Saved/FirstPersonGameModeE2931B9F4896F4AE3341488464821D27.tmp' to 'D:/Data/Unreal Projects/PuppyGame/PuppySim/Content/FirstPersonBP/Blueprints/FirstPersonGameMode.uasset'
[2015.09.13-04.05.30:708][482]LogSavePackage: Total save time: 14.834847ms
[2015.09.13-04.05.30:708][482]LogSavePackage:Warning: Finished SavePackage D:/Data/Unreal Projects/PuppyGame/PuppySim/Content/FirstPersonBP/Blueprints/FirstPersonGameMode.uasset
[2015.09.13-04.05.33:008][554]LogWindowsTextInputMethodSystem:Display: IME system now deactivated.
[2015.09.13-04.05.33:278][555]Cmd: QUIT_EDITOR
[2015.09.13-04.05.34:200][555]LogExit: Preparing to exit.
[2015.09.13-04.05.35:377][555]LogExit: Editor shut down
[2015.09.13-04.05.35:377][555]LogExit: Transaction tracking system shut down
[2015.09.13-04.05.35:378][555]LogParticles: Destroying 0 GPU particle simulations for FXSystem 0x00000043C215F380
[2015.09.13-04.05.35:379][555]LogParticles: Destroying 0 GPU particle simulations for FXSystem 0x00000043C38EFCE0
[2015.09.13-04.05.35:379][555]LogParticles: Destroying 0 GPU particle simulations for FXSystem 0x00000043C38EFA60
[2015.09.13-04.05.35:379][555]LogParticles: Destroying 0 GPU particle simulations for FXSystem 0x00000043DA787880
[2015.09.13-04.05.35:379][555]LogParticles: Destroying 0 GPU particle simulations for FXSystem 0x00000043DA0258A0
[2015.09.13-04.05.35:380][555]LogParticles: Destroying 0 GPU particle simulations for FXSystem 0x00000043DA026840
[2015.09.13-04.05.35:381][555]LogParticles: Destroying 0 GPU particle simulations for FXSystem 0x00000043C1F42700
[2015.09.13-04.05.35:571][555]LogExit: Object subsystem successfully closed.
[2015.09.13-04.05.35:588][555]LogD3D11RHI: Shutdown
[2015.09.13-04.05.35:588][555]LogD3D11RHI: CleanupD3DDevice
[2015.09.13-04.05.35:633][555]LogD3D11RHI: ~FD3D11DynamicRHI
[2015.09.13-04.05.35:648][555]LogModuleManager: Shutting down and abandoning module BlueprintGraph (199)
[2015.09.13-04.05.35:648][555]LogModuleManager: Shutting down and abandoning module ExternalImagePicker (198)
[2015.09.13-04.05.35:648][555]LogModuleManager: Shutting down and abandoning module CrashTracker (197)
[2015.09.13-04.05.35:649][555]LogModuleManager: Shutting down and abandoning module SceneOutliner (196)
[2015.09.13-04.05.35:649][555]LogModuleManager: Shutting down and abandoning module SuperSearch (195)
[2015.09.13-04.05.35:649][555]LogModuleManager: Shutting down and abandoning module WidgetCarousel (194)
[2015.09.13-04.05.35:649][555]LogModuleManager: Shutting down and abandoning module AddContentDialog (193)
[2015.09.13-04.05.35:649][555]LogModuleManager: Shutting down and abandoning module EditorWidgets (192)
[2015.09.13-04.05.35:649][555]LogModuleManager: Shutting down and abandoning module CollectionManager (191)
[2015.09.13-04.05.35:650][555]LogModuleManager: Shutting down and abandoning module StatsViewer (190)
[2015.09.13-04.05.35:650][555]LogModuleManager: Shutting down and abandoning module FoliageEdit (189)
[2015.09.13-04.05.35:650][555]LogModuleManager: Shutting down and abandoning module LandscapeEditor (188)
[2015.09.13-04.05.35:650][555]LogModuleManager: Shutting down and abandoning module ActorPickerMode (187)
[2015.09.13-04.05.35:650][555]LogModuleManager: Shutting down and abandoning module GeometryMode (186)
[2015.09.13-04.05.35:650][555]LogModuleManager: Shutting down and abandoning module TextureAlignMode (185)
[2015.09.13-04.05.35:650][555]LogModuleManager: Shutting down and abandoning module BspMode (184)
[2015.09.13-04.05.35:650][555]LogModuleManager: Shutting down and abandoning module PlacementMode (183)
[2015.09.13-04.05.35:650][555]LogModuleManager: Shutting down and abandoning module AutomationWorker (182)
[2015.09.13-04.05.35:650][555]LogModuleManager: Shutting down and abandoning module CharacterAI (181)
[2015.09.13-04.05.35:650][555]LogModuleManager: Shutting down and abandoning module SmartSnapping (180)
[2015.09.13-04.05.35:650][555]LogModuleManager: Shutting down and abandoning module ViewportSnapping (179)
[2015.09.13-04.05.35:650][555]LogModuleManager: Shutting down and abandoning module LogVisualizer (178)
[2015.09.13-04.05.35:650][555]LogModuleManager: Shutting down and abandoning module GameProjectGeneration (177)
[2015.09.13-04.05.35:650][555]LogModuleManager: Shutting down and abandoning module IntroTutorials (176)
[2015.09.13-04.05.35:650][555]LogModuleManager: Shutting down and abandoning module EditorLiveStreaming (175)
[2015.09.13-04.05.35:650][555]LogModuleManager: Shutting down and abandoning module IOSPlatformEditor (174)
[2015.09.13-04.05.35:650][555]LogModuleManager: Shutting down and abandoning module HTML5PlatformEditor (173)
[2015.09.13-04.05.35:650][555]LogModuleManager: Shutting down and abandoning module AndroidDeviceDetection (172)
[2015.09.13-04.05.36:372][555]LogModuleManager: Shutting down and abandoning module AndroidPlatformEditor (171)
[2015.09.13-04.05.36:372][555]LogModuleManager: Shutting down and abandoning module IOSRuntimeSettings (170)
[2015.09.13-04.05.36:372][555]LogModuleManager: Shutting down and abandoning module AndroidRuntimeSettings (169)
[2015.09.13-04.05.36:372][555]LogModuleManager: Shutting down and abandoning module MergeActors (168)
[2015.09.13-04.05.36:372][555]LogModuleManager: Shutting down and abandoning module SizeMap (167)
[2015.09.13-04.05.36:372][555]LogModuleManager: Shutting down and abandoning module TreeMap (166)
[2015.09.13-04.05.36:372][555]LogModuleManager: Shutting down and abandoning module ReferenceViewer (165)
[2015.09.13-04.05.36:372][555]LogModuleManager: Shutting down and abandoning module LocalizationService (164)
[2015.09.13-04.05.36:372][555]LogModuleManager: Shutting down and abandoning module LocalizationDashboard (163)
[2015.09.13-04.05.36:372][555]LogModuleManager: Shutting down and abandoning module HardwareTargeting (162)
[2015.09.13-04.05.36:372][555]LogModuleManager: Shutting down and abandoning module DeviceProfileEditor (161)
[2015.09.13-04.05.36:372][555]LogModuleManager: Shutting down and abandoning module UndoHistory (160)
[2015.09.13-04.05.36:372][555]LogModuleManager: Shutting down and abandoning module GameplayTagsEditor (159)
[2015.09.13-04.05.36:372][555]LogModuleManager: Shutting down and abandoning module UserFeedback (158)
[2015.09.13-04.05.36:372][555]LogModuleManager: Shutting down and abandoning module XmlParser (157)
[2015.09.13-04.05.36:372][555]LogModuleManager: Shutting down and abandoning module Blutility (156)
[2015.09.13-04.05.36:372][555]LogModuleManager: Shutting down and abandoning module ProjectTargetPlatformEditor (155)
[2015.09.13-04.05.36:372][555]LogModuleManager: Shutting down and abandoning module ProjectSettingsViewer (154)
[2015.09.13-04.05.36:372][555]LogModuleManager: Shutting down and abandoning module InputBindingEditor (153)
[2015.09.13-04.05.36:372][555]LogModuleManager: Shutting down and abandoning module EditorSettingsViewer (152)
[2015.09.13-04.05.36:372][555]LogModuleManager: Shutting down and abandoning module SettingsEditor (151)
[2015.09.13-04.05.36:372][555]LogModuleManager: Shutting down and abandoning module ProjectLauncher (150)
[2015.09.13-04.05.36:372][555]LogModuleManager: Shutting down and abandoning module SessionFrontend (149)
[2015.09.13-04.05.36:372][555]LogModuleManager: Shutting down and abandoning module ProfilerClient (148)
[2015.09.13-04.05.36:372][555]LogModuleManager: Shutting down and abandoning module TargetDeviceServices (147)
[2015.09.13-04.05.36:372][555]LogModuleManager: Shutting down and abandoning module DeviceManager (146)
[2015.09.13-04.05.36:372][555]LogModuleManager: Shutting down and abandoning module AutomationController (145)
[2015.09.13-04.05.36:372][555]LogModuleManager: Shutting down and abandoning module AutomationWindow (144)
[2015.09.13-04.05.36:372][555]LogModuleManager: Shutting down and abandoning module Layers (143)
[2015.09.13-04.05.36:372][555]LogModuleManager: Shutting down and abandoning module ComponentVisualizers (142)
[2015.09.13-04.05.36:372][555]LogModuleManager: Shutting down and abandoning module DetailCustomizations (141)
[2015.09.13-04.05.36:372][555]LogModuleManager: Shutting down and abandoning module PackagesDialog (140)
[2015.09.13-04.05.36:373][555]LogModuleManager: Shutting down and abandoning module Persona (139)
[2015.09.13-04.05.36:373][555]LogModuleManager: Shutting down and abandoning module Kismet (138)
[2015.09.13-04.05.36:373][555]LogModuleManager: Shutting down and abandoning module GraphEditor (137)
[2015.09.13-04.05.36:373][555]LogModuleManager: Shutting down and abandoning module ClassViewer (136)
[2015.09.13-04.05.36:374][555]LogModuleManager: Shutting down and abandoning module Toolbox (135)
[2015.09.13-04.05.36:374][555]LogModuleManager: Shutting down and abandoning module ModuleUI (134)
[2015.09.13-04.05.36:374][555]LogModuleManager: Shutting down and abandoning module MovieSceneTools (133)
[2015.09.13-04.05.36:374][555]LogModuleManager: Shutting down and abandoning module OutputLog (132)
[2015.09.13-04.05.36:374][555]LogModuleManager: Shutting down and abandoning module GammaUI (131)
[2015.09.13-04.05.36:374][555]LogModuleManager: Shutting down and abandoning module Documentation (130)
[2015.09.13-04.05.36:374][555]LogModuleManager: Shutting down and abandoning module GameLiveStreaming (129)
[2015.09.13-04.05.36:374][555]LogModuleManager: Shutting down and abandoning module StreamingPauseRendering (128)
[2015.09.13-04.05.36:374][555]LogModuleManager: Shutting down and abandoning module AnalyticsET (127)
[2015.09.13-04.05.36:374][555]LogModuleManager: Shutting down and abandoning module Analytics (126)
[2015.09.13-04.05.36:374][555]LogModuleManager: Shutting down and abandoning module AITestSuite (125)
[2015.09.13-04.05.36:374][555]LogModuleManager: Shutting down and abandoning module GameplayDebugger (124)
[2015.09.13-04.05.36:374][555]LogModuleManager: Shutting down and abandoning module AIModule (123)
[2015.09.13-04.05.36:374][555]LogModuleManager: Shutting down and abandoning module ProfilerService (122)
[2015.09.13-04.05.36:592][555]LogModuleManager: Shutting down and abandoning module TaskGraph (121)
[2015.09.13-04.05.36:592][555]LogModuleManager: Shutting down and abandoning module SlateRemote (120)
[2015.09.13-04.05.36:592][555]LogModuleManager: Shutting down and abandoning module SteamVRController (119)
[2015.09.13-04.05.36:592][555]LogModuleManager: Shutting down and abandoning module SteamVR (118)
[2015.09.13-04.05.36:592][555]LogModuleManager: Shutting down and abandoning module ProceduralMeshComponent (117)
[2015.09.13-04.05.36:592][555]LogModuleManager: Shutting down and abandoning module OculusRift (116)
[2015.09.13-04.05.36:592][555]LogModuleManager: Shutting down and abandoning module OculusLibrary (115)
[2015.09.13-04.05.36:592][555]LogModuleManager: Shutting down and abandoning module LeapMotionController (114)
[2015.09.13-04.05.36:602][555]LogModuleManager: Shutting down and abandoning module CustomMeshComponent (113)
[2015.09.13-04.05.36:602][555]LogModuleManager: Shutting down and abandoning module CableComponent (112)
[2015.09.13-04.05.36:602][555]LogModuleManager: Shutting down and abandoning module ArchVisCharacter (111)
[2015.09.13-04.05.36:602][555]LogModuleManager: Shutting down and abandoning module MessagingDebugger (110)
[2015.09.13-04.05.36:602][555]LogModuleManager: Shutting down and abandoning module MediaPlayerEditor (109)
[2015.09.13-04.05.36:602][555]LogModuleManager: Shutting down and abandoning module HTML5Networking (108)
[2015.09.13-04.05.36:602][555]LogModuleManager: Shutting down and abandoning module SpeedTreeImporter (107)
[2015.09.13-04.05.36:602][555]LogModuleManager: Shutting down and abandoning module PluginBrowser (106)
[2015.09.13-04.05.36:602][555]LogModuleManager: Shutting down and abandoning module EpicSurvey (105)
[2015.09.13-04.05.36:602][555]LogModuleManager: Shutting down and abandoning module DesktopPlatform (104)
[2015.09.13-04.05.36:602][555]LogModuleManager: Shutting down and abandoning module VisualStudioSourceCodeAccess (103)
[2015.09.13-04.05.36:602][555]LogModuleManager: Shutting down and abandoning module UObjectPlugin (102)
[2015.09.13-04.05.36:602][555]LogModuleManager: Shutting down and abandoning module SubversionSourceControl (101)
[2015.09.13-04.05.36:602][555]LogModuleManager: Shutting down and abandoning module PerforceSourceControl (100)
[2015.09.13-04.05.36:602][555]LogModuleManager: Shutting down and abandoning module SourceControl (99)
[2015.09.13-04.05.36:602][555]LogModuleManager: Shutting down and abandoning module GitSourceControl (98)
[2015.09.13-04.05.36:602][555]LogModuleManager: Shutting down and abandoning module LightPropagationVolumeEditor (97)
[2015.09.13-04.05.36:602][555]LogModuleManager: Shutting down and abandoning module PaperTiledImporter (96)
[2015.09.13-04.05.36:602][555]LogModuleManager: Shutting down and abandoning module PaperSpriteSheetImporter (95)
[2015.09.13-04.05.36:602][555]LogModuleManager: Shutting down and abandoning module MeshPaint (94)
[2015.09.13-04.05.36:602][555]LogModuleManager: Shutting down and abandoning module SlateReflector (93)
[2015.09.13-04.05.36:602][555]LogModuleManager: Shutting down and abandoning module HotReload (92)
[2015.09.13-04.05.36:602][555]LogModuleManager: Shutting down and abandoning module MainFrame (91)
[2015.09.13-04.05.36:602][555]LogModuleManager: Shutting down and abandoning module LevelEditor (90)
[2015.09.13-04.05.36:603][555]LogModuleManager: Shutting down and abandoning module DirectoryWatcher (89)
[2015.09.13-04.05.36:604][555]LogModuleManager: Shutting down and abandoning module AssetRegistry (88)
[2015.09.13-04.05.36:696][555]LogModuleManager: Shutting down and abandoning module ContentBrowser (87)
[2015.09.13-04.05.36:697][555]LogModuleManager: Shutting down and abandoning module Paper2DEditor (86)
[2015.09.13-04.05.36:697][555]LogModuleManager: Shutting down and abandoning module UdpMessaging (85)
[2015.09.13-04.05.36:799][555]LogModuleManager: Shutting down and abandoning module LightPropagationVolumeRuntime (84)
[2015.09.13-04.05.36:799][555]LogModuleManager: Shutting down and abandoning module Paper2D (83)
[2015.09.13-04.05.36:799][555]LogModuleManager: Shutting down and abandoning module WindowsMoviePlayer (82)
[2015.09.13-04.05.36:801][555]LogModuleManager: Shutting down and abandoning module Media (81)
[2015.09.13-04.05.36:801][555]LogModuleManager: Shutting down and abandoning module WmfMedia (80)
[2015.09.13-04.05.36:801][555]LogModuleManager: Shutting down and abandoning module OnlineBlueprintSupport (79)
[2015.09.13-04.05.36:801][555]LogModuleManager: Shutting down and abandoning module GameplayTasksEditor (78)
[2015.09.13-04.05.36:801][555]LogModuleManager: Shutting down and abandoning module PropertyEditor (77)
[2015.09.13-04.05.36:801][555]LogModuleManager: Shutting down and abandoning module BehaviorTreeEditor (76)
[2015.09.13-04.05.36:801][555]LogModuleManager: Shutting down and abandoning module FunctionalTesting (75)
[2015.09.13-04.05.36:801][555]LogModuleManager: Shutting down and abandoning module CollisionAnalyzer (74)
[2015.09.13-04.05.36:801][555]LogModuleManager: Shutting down and abandoning module WorkspaceMenuStructure (73)
[2015.09.13-04.05.36:802][555]LogModuleManager: Shutting down and abandoning module MessageLog (72)
[2015.09.13-04.05.36:802][555]LogModuleManager: Shutting down and abandoning module Sequencer (71)
[2015.09.13-04.05.36:802][555]LogModuleManager: Shutting down and abandoning module AssetTools (70)
[2015.09.13-04.05.36:802][555]LogModuleManager: Shutting down and abandoning module UMGEditor (69)
[2015.09.13-04.05.36:802][555]LogModuleManager: Shutting down and abandoning module UMG (68)
[2015.09.13-04.05.36:802][555]LogModuleManager: Shutting down and abandoning module Slate (67)
[2015.09.13-04.05.36:802][555]LogModuleManager: Shutting down and abandoning module EditorStyle (66)
[2015.09.13-04.05.36:803][555]LogModuleManager: Shutting down and abandoning module SessionServices (65)
[2015.09.13-04.05.36:803][555]LogModuleManager: Shutting down and abandoning module SourceCodeAccess (64)
[2015.09.13-04.05.36:803][555]LogModuleManager: Shutting down and abandoning module HeadMountedDisplay (63)
[2015.09.13-04.05.36:803][555]LogModuleManager: Shutting down and abandoning module XAudio2 (62)
[2015.09.13-04.05.36:803][555]LogModuleManager: Shutting down and abandoning module Networking (60)
[2015.09.13-04.05.36:803][555]LogModuleManager: Shutting down and abandoning module Core (59)
[2015.09.13-04.05.36:803][555]LogModuleManager: Shutting down and abandoning module KismetCompiler (58)
[2015.09.13-04.05.36:803][555]LogModuleManager: Shutting down and abandoning module PhysXFormats (57)
[2015.09.13-04.05.36:803][555]LogModuleManager: Shutting down and abandoning module MeshUtilities (56)
[2015.09.13-04.05.36:803][555]LogModuleManager: Shutting down and abandoning module CookingStats (55)
[2015.09.13-04.05.36:804][555]LogModuleManager: Shutting down and abandoning module DerivedDataCache (54)
[2015.09.13-04.05.36:886][555]LogDerivedDataCache: Shutdown
[2015.09.13-04.05.36:886][555]LogModuleManager: Shutting down and abandoning module ShaderFormatOpenGL (53)
[2015.09.13-04.05.36:886][555]LogModuleManager: Shutting down and abandoning module ShaderFormatD3D (52)
[2015.09.13-04.05.36:886][555]LogModuleManager: Shutting down and abandoning module MetalShaderFormat (51)
[2015.09.13-04.05.36:886][555]LogModuleManager: Shutting down and abandoning module TextureFormatUncompressed (50)
[2015.09.13-04.05.36:886][555]LogModuleManager: Shutting down and abandoning module TextureFormatPVR (49)
[2015.09.13-04.05.36:886][555]LogModuleManager: Shutting down and abandoning module TextureFormatIntelISPCTexComp (48)
[2015.09.13-04.05.36:886][555]LogModuleManager: Shutting down and abandoning module TextureFormatDXT (47)
[2015.09.13-04.05.36:886][555]LogModuleManager: Shutting down and abandoning module ImageWrapper (46)
[2015.09.13-04.05.36:886][555]LogModuleManager: Shutting down and abandoning module TextureFormatASTC (45)
[2015.09.13-04.05.36:886][555]LogModuleManager: Shutting down and abandoning module TextureFormatAndroid (44)
[2015.09.13-04.05.36:886][555]LogModuleManager: Shutting down and abandoning module AudioFormatOpus (43)
[2015.09.13-04.05.36:886][555]LogModuleManager: Shutting down and abandoning module AudioFormatOgg (42)
[2015.09.13-04.05.36:886][555]LogModuleManager: Shutting down and abandoning module AudioFormatADPCM (41)
[2015.09.13-04.05.36:886][555]LogModuleManager: Shutting down and abandoning module LinuxTargetPlatform (40)
[2015.09.13-04.05.36:886][555]LogModuleManager: Shutting down and abandoning module LinuxServerTargetPlatform (39)
[2015.09.13-04.05.36:886][555]LogModuleManager: Shutting down and abandoning module LinuxNoEditorTargetPlatform (38)
[2015.09.13-04.05.36:886][555]LogModuleManager: Shutting down and abandoning module Messaging (37)
[2015.09.13-04.05.36:886][555]LogModuleManager: Shutting down and abandoning module IOSTargetPlatform (36)
[2015.09.13-04.05.36:886][555]LogModuleManager: Shutting down and abandoning module HTML5TargetPlatform (35)
[2015.09.13-04.05.36:886][555]LogModuleManager: Shutting down and abandoning module Android_PVRTCTargetPlatform (34)
[2015.09.13-04.05.36:886][555]LogModuleManager: Shutting down and abandoning module Android_ETC2TargetPlatform (33)
[2015.09.13-04.05.36:886][555]LogModuleManager: Shutting down and abandoning module Android_ETC1TargetPlatform (32)
[2015.09.13-04.05.36:886][555]LogModuleManager: Shutting down and abandoning module Android_DXTTargetPlatform (31)
[2015.09.13-04.05.36:886][555]LogModuleManager: Shutting down and abandoning module Android_ATCTargetPlatform (30)
[2015.09.13-04.05.36:886][555]LogModuleManager: Shutting down and abandoning module Android_ASTCTargetPlatform (29)
[2015.09.13-04.05.36:886][555]LogModuleManager: Shutting down and abandoning module AndroidTargetPlatform (28)
[2015.09.13-04.05.36:886][555]LogModuleManager: Shutting down and abandoning module WindowsTargetPlatform (27)
[2015.09.13-04.05.36:886][555]LogModuleManager: Shutting down and abandoning module WindowsServerTargetPlatform (26)
[2015.09.13-04.05.36:886][555]LogModuleManager: Shutting down and abandoning module WindowsNoEditorTargetPlatform (25)
[2015.09.13-04.05.36:886][555]LogModuleManager: Shutting down and abandoning module WindowsClientTargetPlatform (24)
[2015.09.13-04.05.36:886][555]LogModuleManager: Shutting down and abandoning module AllDesktopTargetPlatform (23)
[2015.09.13-04.05.36:886][555]LogModuleManager: Shutting down and abandoning module TargetPlatform (22)
[2015.09.13-04.05.36:886][555]LogModuleManager: Shutting down and abandoning module InputCore (21)
[2015.09.13-04.05.36:886][555]LogModuleManager: Shutting down and abandoning module Settings (20)
[2015.09.13-04.05.36:886][555]LogModuleManager: Shutting down and abandoning module OnlineSubsystem (18)
[2015.09.13-04.05.36:886][555]LogModuleManager: Shutting down and abandoning module HTTP (17)
[2015.09.13-04.05.37:887][555]LogModuleManager: Shutting down and abandoning module XMPP (16)
[2015.09.13-04.05.37:887][555]LogModuleManager: Shutting down and abandoning module ExampleDeviceProfileSelector (15)
[2015.09.13-04.05.37:887][555]LogModuleManager: Shutting down and abandoning module TextureCompressor (14)
[2015.09.13-04.05.37:887][555]LogModuleManager: Shutting down and abandoning module ShaderCore (13)
[2015.09.13-04.05.37:887][555]LogModuleManager: Shutting down and abandoning module Landscape (12)
[2015.09.13-04.05.37:887][555]LogModuleManager: Shutting down and abandoning module SlateRHIRenderer (11)
[2015.09.13-04.05.37:888][555]LogModuleManager: Shutting down and abandoning module OpenGLDrv (10)
[2015.09.13-04.05.37:888][555]LogModuleManager: Shutting down and abandoning module D3D11RHI (9)
[2015.09.13-04.05.37:888][555]LogModuleManager: Shutting down and abandoning module AnimGraphRuntime (8)
[2015.09.13-04.05.37:888][555]LogModuleManager: Shutting down and abandoning module Renderer (7)
[2015.09.13-04.05.37:888][555]LogModuleManager: Shutting down and abandoning module Engine (6)
[2015.09.13-04.05.37:888][555]LogModuleManager: Shutting down and abandoning module CoreUObject (5)
[2015.09.13-04.05.37:888][555]LogModuleManager: Shutting down and abandoning module NetworkFile (4)
[2015.09.13-04.05.37:888][555]LogModuleManager: Shutting down and abandoning module StreamingFile (3)
[2015.09.13-04.05.37:888][555]LogModuleManager: Shutting down and abandoning module SandboxFile (2)
[2015.09.13-04.05.37:888][555]LogModuleManager: Shutting down and abandoning module PakFile (1)
[2015.09.13-04.05.37:888][555]LogExit: Exiting.
[2015.09.13-04.05.37:889][555]Log file closed, 09/13/15 00:05:37
