[2015.09.12-16.50.24:703][  0]Log file open, 09/12/15 12:50:24
[2015.09.12-16.50.24:703][  0]LogInit:Display: Running engine for game: PuppySim
[2015.09.12-16.50.24:703][  0]LogInit:Display: RandInit(509036903) SRandInit(509036903).
[2015.09.12-16.50.24:703][  0]LogTaskGraph: Started task graph with 4 named threads and 7 total threads.
[2015.09.12-16.50.24:703][  0]LogStats: Stats thread started at 0.076223
[2015.09.12-16.50.24:703][  0]LogInit: Version: 4.9.0-2672455+++depot+UE4-Releases+4.9
[2015.09.12-16.50.24:703][  0]LogInit: API Version: 2672455
[2015.09.12-16.50.24:703][  0]LogInit: Compiled (64-bit): Aug 28 2015 12:33:01
[2015.09.12-16.50.24:703][  0]LogInit: Compiled with Visual C++: 18.00.21005.01
[2015.09.12-16.50.24:703][  0]LogInit: Build Configuration: Development
[2015.09.12-16.50.24:703][  0]LogInit: Branch Name: ++depot+UE4-Releases+4.9
[2015.09.12-16.50.24:703][  0]LogInit: Command line:  
[2015.09.12-16.50.24:703][  0]LogInit: Base directory: C:/Program Files/Epic Games/4.9/Engine/Binaries/Win64/
[2015.09.12-16.50.24:703][  0]LogInit: Rocket: 1
[2015.09.12-16.50.24:710][  0]LogInit: Using libcurl 7.41.0
[2015.09.12-16.50.24:711][  0]LogInit:  - built for x86_64-pc-win32
[2015.09.12-16.50.24:711][  0]LogInit:  - supports SSL with WinSSL
[2015.09.12-16.50.24:711][  0]LogInit:  - other features:
[2015.09.12-16.50.24:711][  0]LogInit:      CURL_VERSION_SSL
[2015.09.12-16.50.24:711][  0]LogInit:      CURL_VERSION_IPV6
[2015.09.12-16.50.24:711][  0]LogInit:      CURL_VERSION_ASYNCHDNS
[2015.09.12-16.50.24:711][  0]LogInit:      CURL_VERSION_LARGEFILE
[2015.09.12-16.50.24:711][  0]LogInit:      CURL_VERSION_IDN
[2015.09.12-16.50.24:711][  0]LogInit:  CurlRequestOptions (configurable via config and command line):
[2015.09.12-16.50.24:711][  0]LogInit:  - bVerifyPeer = true  - Libcurl will verify peer certificate
[2015.09.12-16.50.24:711][  0]LogInit:  - bUseHttpProxy = false  - Libcurl will NOT use HTTP proxy
[2015.09.12-16.50.24:711][  0]LogInit:  - bDontReuseConnections = false  - Libcurl will reuse connections
[2015.09.12-16.50.24:711][  0]LogInit:  - CertBundlePath = nullptr  - Libcurl will use whatever was configured at build time.
[2015.09.12-16.50.24:719][  0]LogInit: Presizing for 0 objects not considered by GC, pre-allocating 0 bytes.
[2015.09.12-16.50.24:725][  0]LogInit: Object subsystem initialized
[2015.09.12-16.50.24:727][  0]LogInit: Selected Device Profile: [Windows]
[2015.09.12-16.50.24:727][  0]LogInit: Applying CVar settings loaded from the selected device profile: [Windows]
[2015.09.12-16.50.24:734][  0]LogInit: Computer: TSCHIRGIMACHINE
[2015.09.12-16.50.24:734][  0]LogInit: User: pault000
[2015.09.12-16.50.24:734][  0]LogInit: CPU Page size=4096, Cores=4
[2015.09.12-16.50.24:734][  0]LogInit: High frequency timer resolution =2.338346 MHz
[2015.09.12-16.50.24:735][  0]LogMemory: Memory total: Physical=15.9GB (16GB approx)
[2015.09.12-16.50.24:735][  0]LogMemory: Platform Memory Stats for Windows
[2015.09.12-16.50.24:735][  0]LogMemory: Process Physical Memory: 52.80 MB used, 52.80 MB peak
[2015.09.12-16.50.24:735][  0]LogMemory: Process Virtual Memory: 55.13 MB used, 55.13 MB peak
[2015.09.12-16.50.24:735][  0]LogMemory: Physical Memory: 4054.87 MB used, 16267.18 MB total
[2015.09.12-16.50.24:735][  0]LogMemory: Virtual Memory: 351.56 MB used, 134217728.00 MB total
[2015.09.12-16.50.24:766][  0]LogTextLocalizationManager: No specific translations for ('en-US') exist, so ('en') translations will be used.
[2015.09.12-16.50.25:558][  0]LogD3D11RHI: Found D3D11 adapter 0: Intel(R) HD Graphics 4600 (Feature Level 11_0)
[2015.09.12-16.50.25:558][  0]LogD3D11RHI: Adapter has 32MB of dedicated video memory, 0MB of dedicated system memory, and 1760MB of shared system memory, 1 output[s]
[2015.09.12-16.50.25:574][  0]LogD3D11RHI: Found D3D11 adapter 1: NVIDIA GeForce GT 750M (Feature Level 11_0)
[2015.09.12-16.50.25:574][  0]LogD3D11RHI: Adapter has 1988MB of dedicated video memory, 0MB of dedicated system memory, and 2048MB of shared system memory, 0 output[s]
[2015.09.12-16.50.25:575][  0]LogD3D11RHI: Found D3D11 adapter 2: Microsoft Basic Render Driver (Feature Level 11_0)
[2015.09.12-16.50.25:575][  0]LogD3D11RHI: Adapter has 0MB of dedicated video memory, 0MB of dedicated system memory, and 256MB of shared system memory, 0 output[s]
[2015.09.12-16.50.25:575][  0]LogD3D11RHI: Chosen D3D11 Adapter Id = 0
[2015.09.12-16.50.25:579][  0]LogD3D11RHI: !Direct3DDevice
[2015.09.12-16.50.25:580][  0]LogRHI: Texture pool is 1361 MB (70% of 1945 MB)
[2015.09.12-16.50.25:591][  0]LogD3D11RHI: Async texture creation enabled
[2015.09.12-16.50.25:608][  0]LogShaderCompilers: Guid format shader working directory is 15 characters bigger than the processId version (D:/Data/Unreal Projects/PupSim/PuppySim/Intermediate/Shaders/WorkingDirectory/6508/).
[2015.09.12-16.50.25:608][  0]LogShaderCompilers: Cleaned the shader compiler working directory 'D:/Data/Unreal Projects/PupSim/PuppySim/Intermediate/Shaders/tmp/8D06E76E4ADD21F52E8CAFA649690E5B/'.
[2015.09.12-16.50.25:608][  0]LogShaderCompilers:Display: Using Local Shader Compiler.
[2015.09.12-16.50.26:784][  0]LogTemp:Display: Loaded TP AllDesktopTargetPlatform
[2015.09.12-16.50.26:789][  0]LogTemp:Display: Loaded TP WindowsClientTargetPlatform
[2015.09.12-16.50.26:795][  0]LogTemp:Display: Loaded TP WindowsNoEditorTargetPlatform
[2015.09.12-16.50.26:800][  0]LogTemp:Display: Loaded TP WindowsServerTargetPlatform
[2015.09.12-16.50.26:805][  0]LogTemp:Display: Loaded TP WindowsTargetPlatform
[2015.09.12-16.50.26:808][  0]LogTemp:Display: Loaded TP AndroidTargetPlatform
[2015.09.12-16.50.26:812][  0]LogTemp:Display: Loaded TP Android_ASTCTargetPlatform
[2015.09.12-16.50.26:815][  0]LogTemp:Display: Loaded TP Android_ATCTargetPlatform
[2015.09.12-16.50.26:820][  0]LogTemp:Display: Loaded TP Android_DXTTargetPlatform
[2015.09.12-16.50.26:825][  0]LogTemp:Display: Loaded TP Android_ETC1TargetPlatform
[2015.09.12-16.50.26:828][  0]LogTemp:Display: Loaded TP Android_ETC2TargetPlatform
[2015.09.12-16.50.26:832][  0]LogTemp:Display: Loaded TP Android_PVRTCTargetPlatform
[2015.09.12-16.50.26:833][  0]LogTemp:Display: Loaded TP HTML5TargetPlatform
[2015.09.12-16.50.26:851][  0]LogTemp:Display: Loaded TP IOSTargetPlatform
[2015.09.12-16.50.26:854][  0]LogTemp:Display: Loaded TP LinuxNoEditorTargetPlatform
[2015.09.12-16.50.26:857][  0]LogTemp:Display: Loaded TP LinuxServerTargetPlatform
[2015.09.12-16.50.26:860][  0]LogTemp:Display: Loaded TP LinuxTargetPlatform
[2015.09.12-16.50.26:860][  0]LogTargetPlatformManager:Display: Building Assets For Windows
[2015.09.12-16.50.26:940][  0]LogDerivedDataCache:Display: Max Cache Size: 512 MB
[2015.09.12-16.50.26:997][  0]LogDerivedDataCache: Loaded boot cache 0.06s 41MB C:/Users/pault_000/AppData/Local/UnrealEngine/4.9/DerivedDataCache/Boot.ddc.
[2015.09.12-16.50.26:997][  0]LogDerivedDataCache:Display: Loaded Boot cache: C:/Users/pault_000/AppData/Local/UnrealEngine/4.9/DerivedDataCache/Boot.ddc
[2015.09.12-16.50.26:997][  0]LogDerivedDataCache: FDerivedDataBackendGraph:  Pak pak cache file D:/Data/Unreal Projects/PupSim/PuppySim/DerivedDataCache/DDC.ddp not found, will not use a pak cache.
[2015.09.12-16.50.26:997][  0]LogDerivedDataCache: Unable to find inner node Pak for hierarchical cache Hierarchy.
[2015.09.12-16.50.26:997][  0]LogDerivedDataCache: FDerivedDataBackendGraph:  CompressedPak pak cache file D:/Data/Unreal Projects/PupSim/PuppySim/DerivedDataCache/Compressed.ddp not found, will not use a pak cache.
[2015.09.12-16.50.26:997][  0]LogDerivedDataCache: Unable to find inner node CompressedPak for hierarchical cache Hierarchy.
[2015.09.12-16.50.27:146][  0]LogDerivedDataCache:Display: Pak cache opened for reading ../../../Engine/DerivedDataCache/Compressed.ddp.
[2015.09.12-16.50.27:158][  0]LogDerivedDataCache: Using Local data cache path C:/Users/pault_000/AppData/Local/UnrealEngine/Common/DerivedDataCache: Writable
[2015.09.12-16.50.27:358][  0]LogInit: Selected Device Profile: [Windows]
[2015.09.12-16.50.27:361][  0]LogContentStreaming: Texture pool size is 0.000000MB
[2015.09.12-16.50.27:490][  0]LogMeshUtilities: No automatic mesh reduction module available
[2015.09.12-16.50.27:490][  0]LogMeshUtilities: No automatic mesh merging module available
[2015.09.12-16.50.27:781][  0]LogInit: WinSock: version 1.1 (2.2), MaxSocks=32767, MaxUdp=65467
[2015.09.12-16.50.28:507][  0]UdpMessaging: Initializing bridge on interface 0.0.0.0:0 to multicast group 230.0.0.1:6666.
[2015.09.12-16.50.28:605][  0]LogAssetRegistry: FAssetRegistry took 0.0105 seconds to start up
[2015.09.12-16.50.28:775][  0]SourceControl: Info Source control is disabled
[2015.09.12-16.50.28:782][  0]SourceControl: Info Source control is disabled
[2015.09.12-16.50.28:792][  0]SourceControl: Info Source control is disabled
[2015.09.12-16.50.28:804][  0]SourceControl: Info Source control is disabled
[2015.09.12-16.50.28:951][  0]LogLinker:Warning: Asset '../../../Engine/Plugins/Runtime/LeapMotionController/Content/LM_PassthroughMaterial.uasset' has been saved with empty engine version. The asset will be loaded but may be incompatible.
[2015.09.12-16.50.29:032][  0]LogObj: 28361 objects as part of root set at end of initial load.
[2015.09.12-16.50.29:032][  0]LogUObjectAllocator: 6038864 out of 0 bytes used by permanent object pool.
[2015.09.12-16.50.29:092][  0]LogEngine: Initializing Engine...
[2015.09.12-16.50.29:094][  0]LogHMD: Can't find Oculus library dev build: is proper Runtime installed? Version: 0.6.0.0
[2015.09.12-16.50.29:094][  0]LogHMD: SteamVR failed to initialize.  Err: 110
[2015.09.12-16.50.29:231][  0]LogAIModule: Creating AISystem for world NewWorld
[2015.09.12-16.50.29:236][  0]LogInit: XAudio2 using 'Speakers (Realtek High Definition Audio)' : 2 channels at 48 kHz using 32 bits per sample (channel mask 0x3)
[2015.09.12-16.50.29:378][  0]LogInit: FAudioDevice initialized.
[2015.09.12-16.50.29:397][  0]LogDerivedDataCache: Saved boot cache 0.02s 41MB C:/Users/pault_000/AppData/Local/UnrealEngine/4.9/DerivedDataCache/Boot.ddc.
[2015.09.12-16.50.29:403][  0]LogInit: Texture streaming: Enabled
[2015.09.12-16.50.29:410][  0]LogAnalytics: Creating configured Analytics provider AnalyticsET
[2015.09.12-16.50.29:410][  0]LogAnalytics: [UEEditor.Rocket.Release] APIServer = http://et2.epicgames.com/ET2/. AppVersion = 4.9.0-2672455+++depot+UE4-Releases+4.9
[2015.09.12-16.50.29:410][  0]LogAnalytics: [UEEditor.Rocket.Release] SetUserId 537121804b7cf4be510b0681ba3e9dcc|b9d68997175147afad91b4c26e41b99d|9767a706-ec85-4912-88a3-1f6ddb1dec1c
[2015.09.12-16.50.29:411][  0]LogAnalytics: [UEEditor.Rocket.Release] AnalyticsET::StartSession
[2015.09.12-16.50.29:434][  0]LogInit: Transaction tracking system initialized
[2015.09.12-16.50.29:468][  0]BlueprintLog: New page: Editor Load
[2015.09.12-16.50.29:556][  0]LocalizationService: Info Localization service is disabled
[2015.09.12-16.50.30:022][  0]LogConsoleResponse:Display: 
[2015.09.12-16.50.30:145][  0]LogCook:Display: Done creating registry. It took  0.00s.
[2015.09.12-16.50.30:194][  0]LogFileCache: Scanning file cache for directory 'D:/Data/Unreal Projects/PupSim/PuppySim/Content/' took 0.01s
[2015.09.12-16.50.30:199][  0]SourceControl: Info Source control is disabled
[2015.09.12-16.50.30:199][  0]Cmd: MAP LOAD FILE="D:/Data/Unreal Projects/PupSim/PuppySim/Content/FirstPersonBP/Maps/FirstPersonExampleMap.umap" TEMPLATE=0 SHOWPROGRESS=1 FEATURELEVEL=3
[2015.09.12-16.50.30:199][  0]LightingResults: New page: Lighting Build
[2015.09.12-16.50.30:203][  0]MapCheck: New page: Map Check
[2015.09.12-16.50.30:203][  0]LightingResults: New page: Lighting Build
[2015.09.12-16.50.30:212][  0]LogParticles: Destroying 0 GPU particle simulations for FXSystem 0x000000947C4FF6A0
[2015.09.12-16.50.30:363][  0]LogLinker:Warning: Asset 'D:/Data/Unreal Projects/PupSim/PuppySim/Content/FirstPersonBP/Blueprints/FirstPersonProjectile.uasset' has been saved with empty engine version. The asset will be loaded but may be incompatible.
[2015.09.12-16.50.30:365][  0]LogLinker:Warning: Asset 'D:/Data/Unreal Projects/PupSim/PuppySim/Content/FirstPerson/Meshes/FirstPersonProjectileMesh.uasset' has been saved with empty engine version. The asset will be loaded but may be incompatible.
[2015.09.12-16.50.30:781][  0]LogAIModule: Creating AISystem for world FirstPersonExampleMap
[2015.09.12-16.50.30:790][  0]LogEditorServer: Finished looking for orphan Actors (0.000 secs)
[2015.09.12-16.50.30:790][  0]Cmd: MAP CHECKDEP NOCLEARLOG
[2015.09.12-16.50.30:841][  0]MapCheck: Info Map check complete: 0 Error(s), 0 Warning(s), took 50.828ms to complete.
[2015.09.12-16.50.30:841][  0]LogFileHelpers: Loading map 'FirstPersonExampleMap' took 0.643
[2015.09.12-16.50.30:948][  0]LogCollectionManager: Loaded 0 collections in 0.002248 seconds
[2015.09.12-16.50.30:990][  0]LogFileCache: Scanning file cache for directory 'D:/Data/Unreal Projects/PupSim/PuppySim/Saved/Collections/' took 0.01s
[2015.09.12-16.50.30:990][  0]LogFileCache: Scanning file cache for directory 'D:/Data/Unreal Projects/PupSim/PuppySim/Content/Developers/pault000/Collections/' took 0.01s
[2015.09.12-16.50.30:990][  0]LogFileCache: Scanning file cache for directory 'D:/Data/Unreal Projects/PupSim/PuppySim/Content/Collections/' took 0.01s
[2015.09.12-16.50.30:990][  0]LogContentBrowser: Native class hierarchy populated in 0.0088 seconds. Added 1867 classes and 333 folders.
[2015.09.12-16.50.30:995][  0]LogCollectionManager: Rebuilt the GUID cache for 0 collections in 0.000003 seconds
[2015.09.12-16.50.31:004][  0]LogContentBrowser: Native class hierarchy updated for 'WidgetCarousel' in 0.0003 seconds. Added 0 classes and 0 folders.
[2015.09.12-16.50.31:045][  0]LogContentBrowser: Native class hierarchy updated for 'AddContentDialog' in 0.0003 seconds. Added 0 classes and 0 folders.
[2015.09.12-16.50.31:050][  0]LogContentBrowser: Native class hierarchy updated for 'SceneOutliner' in 0.0004 seconds. Added 1 classes and 2 folders.
[2015.09.12-16.50.31:075][  0]LogCrashTracker: Crashtracker disabled due to settings.
[2015.09.12-16.50.31:078][  0]LogUObjectGlobals:Warning: Failed to find object 'Class None.'
[2015.09.12-16.50.31:101][  0]LogLoad: Full Startup: 6.91 seconds (BP compile: 0.13 seconds)
[2015.09.12-16.50.31:119][  0]LoadErrors:Error: Error /Game/FirstPersonBP/Maps/FirstPersonExampleMap : Failed import for SkeletalMeshComponent /Game/FirstPersonBP/Blueprints/FirstPersonCharacter.FirstPersonCharacter_C:SkeletalMesh_GEN_VARIABLE
[2015.09.12-16.50.31:157][  0]LogContentStreaming: Texture pool size now 700 MB
[2015.09.12-16.50.31:308][  0]LogRenderer: Reallocating scene render targets to support 856x460 (Frame:2).
[2015.09.12-16.50.31:667][  6]LogAssetRegistry: Asset discovery search completed in 3.0733 seconds
[2015.09.12-16.50.31:667][  6]LogCollectionManager: Rebuilt the object cache for 0 collections in 0.000001 seconds (found 0 objects)
[2015.09.12-16.50.31:668][  6]LogCollectionManager: Fixed up redirectors for 0 collections in 0.000058 seconds (updated 0 objects)
[2015.09.12-16.50.35:718][237]LogPlayLevel: PlayLevel: No blueprints needed recompiling
[2015.09.12-16.50.35:719][237]PIE: New page: PIE session: FirstPersonExampleMap (Sep 12, 2015, 8:50:35 AM)
[2015.09.12-16.50.35:719][237]LogPlayLevel: Creating play world package: /Game/FirstPersonBP/Maps/UEDPIE_0_FirstPersonExampleMap
[2015.09.12-16.50.35:745][237]LogPlayLevel: PIE: StaticDuplicateObject took: (0.026508s)
[2015.09.12-16.50.35:746][237]LogAIModule: Creating AISystem for world FirstPersonExampleMap
[2015.09.12-16.50.35:746][237]LogPlayLevel: PIE: World Init took: (0.000935s)
[2015.09.12-16.50.35:746][237]LogPlayLevel: PIE: Created PIE world by copying editor world from /Game/FirstPersonBP/Maps/FirstPersonExampleMap.FirstPersonExampleMap to /Game/FirstPersonBP/Maps/UEDPIE_0_FirstPersonExampleMap.FirstPersonExampleMap (0.027657s)
[2015.09.12-16.50.35:775][237]LogInit: XAudio2 using 'Speakers (Realtek High Definition Audio)' : 2 channels at 48 kHz using 32 bits per sample (channel mask 0x3)
[2015.09.12-16.50.35:781][237]LogInit: FAudioDevice initialized.
[2015.09.12-16.50.35:824][237]LogLinker:Warning: Asset 'D:/Data/Unreal Projects/PupSim/PuppySim/Content/FirstPersonBP/Blueprints/FirstPersonHUD.uasset' has been saved with empty engine version. The asset will be loaded but may be incompatible.
[2015.09.12-16.50.35:845][237]LogWorld: Game class is 'FirstPersonGameMode_C'
[2015.09.12-16.50.35:850][237]LogWorld: Bringing World /Game/FirstPersonBP/Maps/UEDPIE_0_FirstPersonExampleMap.FirstPersonExampleMap up for play (max tick rate 60) at 2015.09.12-12.50.35
[2015.09.12-16.50.35:850][237]LogActor:Warning: GameSession /Game/FirstPersonBP/Maps/UEDPIE_0_FirstPersonExampleMap.FirstPersonExampleMap:PersistentLevel.GameSession_0 has natively added scene component(s), but none of them were set as the actor's RootComponent - picking one arbitrarily
[2015.09.12-16.50.35:850][237]LogActor:Warning: GameNetworkManager /Game/FirstPersonBP/Maps/UEDPIE_0_FirstPersonExampleMap.FirstPersonExampleMap:PersistentLevel.GameNetworkManager_0 has natively added scene component(s), but none of them were set as the actor's RootComponent - picking one arbitrarily
[2015.09.12-16.50.35:851][237]LogWorld: Bringing up level for play took: 0.004874
[2015.09.12-16.50.35:852][237]PIE: Info Play in editor start time for /Game/FirstPersonBP/Maps/UEDPIE_0_FirstPersonExampleMap -0.053
[2015.09.12-16.50.38:448][350]LogParticles: Destroying 0 GPU particle simulations for FXSystem 0x0000009402E28400
[2015.09.12-16.50.42:096][495]LogLinker:Warning: Asset '../../../Engine/Content/ArtTools/RenderToTexture/Macros/RenderToTextureMacros.uasset' has been saved with empty engine version. The asset will be loaded but may be incompatible.
[2015.09.12-16.50.43:151][495]LogContentBrowser: Native class hierarchy updated for 'BlueprintGraph' in 0.0006 seconds. Added 107 classes and 0 folders.
[2015.09.12-16.50.49:760][789]LogActorComponent: UnregisterComponent: (/Engine/Transient.ProjectileMovementComponent_40__A6522401) Not registered. Aborting.
[2015.09.12-16.50.49:760][789]LogActorComponent: UnregisterComponent: (/Engine/Transient.CharMoveComp) Not registered. Aborting.
[2015.09.12-16.50.49:780][789]LogParticles: Destroying 0 GPU particle simulations for FXSystem 0x0000009403A99260
[2015.09.12-16.50.58:174][226]LogSkeletalMesh: InitArticulated: Bodies already created (/Engine/Transient.DebugSkelMeshComponent_0) - call TermArticulated first.
[2015.09.12-16.50.58:229][226]LogUObjectGlobals:Warning: Failed to find object 'Object /Engine/Tutorial/SubEditors/PersonaAnimEditorTutorial.PersonaAnimEditorTutorial_C'
[2015.09.12-16.51.28:056][531]LogActorComponent: UnregisterComponent: (/Engine/Transient.ProjectileMovementComponent_40__A6522401) Not registered. Aborting.
[2015.09.12-16.51.28:056][531]LogActorComponent: UnregisterComponent: (/Engine/Transient.CharMoveComp) Not registered. Aborting.
[2015.09.12-16.51.28:082][531]LogParticles: Destroying 0 GPU particle simulations for FXSystem 0x000000940D6CDB20
[2015.09.12-16.51.28:083][531]LogParticles: Destroying 0 GPU particle simulations for FXSystem 0x000000940D6CE200
[2015.09.12-16.51.28:084][531]LogParticles: Destroying 0 GPU particle simulations for FXSystem 0x000000940FEB2E80
[2015.09.12-16.51.28:169][531]LogWindowsTextInputMethodSystem:Display: IME system now deactivated.
[2015.09.12-16.51.28:436][532]Cmd: QUIT_EDITOR
[2015.09.12-16.51.29:383][532]LogExit: Preparing to exit.
[2015.09.12-16.51.29:631][532]LogExit: Editor shut down
[2015.09.12-16.51.29:631][532]LogExit: Transaction tracking system shut down
[2015.09.12-16.51.29:634][532]LogParticles: Destroying 0 GPU particle simulations for FXSystem 0x000000947DF9EFC0
[2015.09.12-16.51.29:634][532]LogParticles: Destroying 0 GPU particle simulations for FXSystem 0x0000009401E6A5C0
[2015.09.12-16.51.29:635][532]LogParticles: Destroying 0 GPU particle simulations for FXSystem 0x00000094726705E0
[2015.09.12-16.51.29:638][532]LogParticles: Destroying 0 GPU particle simulations for FXSystem 0x000000940FE49C60
[2015.09.12-16.51.29:638][532]LogParticles: Destroying 0 GPU particle simulations for FXSystem 0x000000940FE499E0
[2015.09.12-16.51.29:638][532]LogParticles: Destroying 0 GPU particle simulations for FXSystem 0x000000940FE49580
[2015.09.12-16.51.29:638][532]LogParticles: Destroying 0 GPU particle simulations for FXSystem 0x000000940FE494E0
[2015.09.12-16.51.29:823][532]LogExit: Object subsystem successfully closed.
[2015.09.12-16.51.29:838][532]LogD3D11RHI: Shutdown
[2015.09.12-16.51.29:838][532]LogD3D11RHI: CleanupD3DDevice
[2015.09.12-16.51.29:878][532]LogD3D11RHI: ~FD3D11DynamicRHI
[2015.09.12-16.51.29:891][532]LogModuleManager: Shutting down and abandoning module BlueprintGraph (198)
[2015.09.12-16.51.29:891][532]LogModuleManager: Shutting down and abandoning module CrashTracker (197)
[2015.09.12-16.51.29:891][532]LogModuleManager: Shutting down and abandoning module SceneOutliner (196)
[2015.09.12-16.51.29:891][532]LogModuleManager: Shutting down and abandoning module SuperSearch (195)
[2015.09.12-16.51.29:891][532]LogModuleManager: Shutting down and abandoning module WidgetCarousel (194)
[2015.09.12-16.51.29:891][532]LogModuleManager: Shutting down and abandoning module AddContentDialog (193)
[2015.09.12-16.51.29:892][532]LogModuleManager: Shutting down and abandoning module EditorWidgets (192)
[2015.09.12-16.51.29:892][532]LogModuleManager: Shutting down and abandoning module CollectionManager (191)
[2015.09.12-16.51.29:892][532]LogModuleManager: Shutting down and abandoning module StatsViewer (190)
[2015.09.12-16.51.29:892][532]LogModuleManager: Shutting down and abandoning module FoliageEdit (189)
[2015.09.12-16.51.29:892][532]LogModuleManager: Shutting down and abandoning module LandscapeEditor (188)
[2015.09.12-16.51.29:892][532]LogModuleManager: Shutting down and abandoning module ActorPickerMode (187)
[2015.09.12-16.51.29:892][532]LogModuleManager: Shutting down and abandoning module GeometryMode (186)
[2015.09.12-16.51.29:892][532]LogModuleManager: Shutting down and abandoning module TextureAlignMode (185)
[2015.09.12-16.51.29:892][532]LogModuleManager: Shutting down and abandoning module BspMode (184)
[2015.09.12-16.51.29:892][532]LogModuleManager: Shutting down and abandoning module PlacementMode (183)
[2015.09.12-16.51.29:892][532]LogModuleManager: Shutting down and abandoning module AutomationWorker (182)
[2015.09.12-16.51.29:892][532]LogModuleManager: Shutting down and abandoning module CharacterAI (181)
[2015.09.12-16.51.29:892][532]LogModuleManager: Shutting down and abandoning module SmartSnapping (180)
[2015.09.12-16.51.29:892][532]LogModuleManager: Shutting down and abandoning module ViewportSnapping (179)
[2015.09.12-16.51.29:892][532]LogModuleManager: Shutting down and abandoning module LogVisualizer (178)
[2015.09.12-16.51.29:892][532]LogModuleManager: Shutting down and abandoning module GameProjectGeneration (177)
[2015.09.12-16.51.29:892][532]LogModuleManager: Shutting down and abandoning module IntroTutorials (176)
[2015.09.12-16.51.29:892][532]LogModuleManager: Shutting down and abandoning module EditorLiveStreaming (175)
[2015.09.12-16.51.29:892][532]LogModuleManager: Shutting down and abandoning module IOSPlatformEditor (174)
[2015.09.12-16.51.29:892][532]LogModuleManager: Shutting down and abandoning module HTML5PlatformEditor (173)
[2015.09.12-16.51.29:892][532]LogModuleManager: Shutting down and abandoning module AndroidDeviceDetection (172)
[2015.09.12-16.51.30:778][532]LogModuleManager: Shutting down and abandoning module AndroidPlatformEditor (171)
[2015.09.12-16.51.30:778][532]LogModuleManager: Shutting down and abandoning module IOSRuntimeSettings (170)
[2015.09.12-16.51.30:778][532]LogModuleManager: Shutting down and abandoning module AndroidRuntimeSettings (169)
[2015.09.12-16.51.30:778][532]LogModuleManager: Shutting down and abandoning module MergeActors (168)
[2015.09.12-16.51.30:778][532]LogModuleManager: Shutting down and abandoning module SizeMap (167)
[2015.09.12-16.51.30:778][532]LogModuleManager: Shutting down and abandoning module TreeMap (166)
[2015.09.12-16.51.30:778][532]LogModuleManager: Shutting down and abandoning module ReferenceViewer (165)
[2015.09.12-16.51.30:778][532]LogModuleManager: Shutting down and abandoning module LocalizationService (164)
[2015.09.12-16.51.30:778][532]LogModuleManager: Shutting down and abandoning module LocalizationDashboard (163)
[2015.09.12-16.51.30:778][532]LogModuleManager: Shutting down and abandoning module HardwareTargeting (162)
[2015.09.12-16.51.30:778][532]LogModuleManager: Shutting down and abandoning module DeviceProfileEditor (161)
[2015.09.12-16.51.30:778][532]LogModuleManager: Shutting down and abandoning module UndoHistory (160)
[2015.09.12-16.51.30:778][532]LogModuleManager: Shutting down and abandoning module GameplayTagsEditor (159)
[2015.09.12-16.51.30:778][532]LogModuleManager: Shutting down and abandoning module UserFeedback (158)
[2015.09.12-16.51.30:778][532]LogModuleManager: Shutting down and abandoning module XmlParser (157)
[2015.09.12-16.51.30:778][532]LogModuleManager: Shutting down and abandoning module Blutility (156)
[2015.09.12-16.51.30:778][532]LogModuleManager: Shutting down and abandoning module ProjectTargetPlatformEditor (155)
[2015.09.12-16.51.30:778][532]LogModuleManager: Shutting down and abandoning module ProjectSettingsViewer (154)
[2015.09.12-16.51.30:778][532]LogModuleManager: Shutting down and abandoning module InputBindingEditor (153)
[2015.09.12-16.51.30:778][532]LogModuleManager: Shutting down and abandoning module EditorSettingsViewer (152)
[2015.09.12-16.51.30:778][532]LogModuleManager: Shutting down and abandoning module SettingsEditor (151)
[2015.09.12-16.51.30:778][532]LogModuleManager: Shutting down and abandoning module ProjectLauncher (150)
[2015.09.12-16.51.30:778][532]LogModuleManager: Shutting down and abandoning module SessionFrontend (149)
[2015.09.12-16.51.30:778][532]LogModuleManager: Shutting down and abandoning module ProfilerClient (148)
[2015.09.12-16.51.30:778][532]LogModuleManager: Shutting down and abandoning module TargetDeviceServices (147)
[2015.09.12-16.51.30:779][532]LogModuleManager: Shutting down and abandoning module DeviceManager (146)
[2015.09.12-16.51.30:779][532]LogModuleManager: Shutting down and abandoning module AutomationController (145)
[2015.09.12-16.51.30:779][532]LogModuleManager: Shutting down and abandoning module AutomationWindow (144)
[2015.09.12-16.51.30:779][532]LogModuleManager: Shutting down and abandoning module Layers (143)
[2015.09.12-16.51.30:779][532]LogModuleManager: Shutting down and abandoning module ComponentVisualizers (142)
[2015.09.12-16.51.30:779][532]LogModuleManager: Shutting down and abandoning module DetailCustomizations (141)
[2015.09.12-16.51.30:779][532]LogModuleManager: Shutting down and abandoning module PackagesDialog (140)
[2015.09.12-16.51.30:779][532]LogModuleManager: Shutting down and abandoning module Persona (139)
[2015.09.12-16.51.30:779][532]LogModuleManager: Shutting down and abandoning module Kismet (138)
[2015.09.12-16.51.30:779][532]LogModuleManager: Shutting down and abandoning module GraphEditor (137)
[2015.09.12-16.51.30:779][532]LogModuleManager: Shutting down and abandoning module ClassViewer (136)
[2015.09.12-16.51.30:779][532]LogModuleManager: Shutting down and abandoning module Toolbox (135)
[2015.09.12-16.51.30:779][532]LogModuleManager: Shutting down and abandoning module ModuleUI (134)
[2015.09.12-16.51.30:779][532]LogModuleManager: Shutting down and abandoning module MovieSceneTools (133)
[2015.09.12-16.51.30:779][532]LogModuleManager: Shutting down and abandoning module OutputLog (132)
[2015.09.12-16.51.30:779][532]LogModuleManager: Shutting down and abandoning module GammaUI (131)
[2015.09.12-16.51.30:779][532]LogModuleManager: Shutting down and abandoning module Documentation (130)
[2015.09.12-16.51.30:779][532]LogModuleManager: Shutting down and abandoning module GameLiveStreaming (129)
[2015.09.12-16.51.30:779][532]LogModuleManager: Shutting down and abandoning module StreamingPauseRendering (128)
[2015.09.12-16.51.30:779][532]LogModuleManager: Shutting down and abandoning module AnalyticsET (127)
[2015.09.12-16.51.30:779][532]LogModuleManager: Shutting down and abandoning module Analytics (126)
[2015.09.12-16.51.30:779][532]LogModuleManager: Shutting down and abandoning module AITestSuite (125)
[2015.09.12-16.51.30:779][532]LogModuleManager: Shutting down and abandoning module GameplayDebugger (124)
[2015.09.12-16.51.30:779][532]LogModuleManager: Shutting down and abandoning module AIModule (123)
[2015.09.12-16.51.30:779][532]LogModuleManager: Shutting down and abandoning module ProfilerService (122)
[2015.09.12-16.51.30:837][532]LogModuleManager: Shutting down and abandoning module TaskGraph (121)
[2015.09.12-16.51.30:837][532]LogModuleManager: Shutting down and abandoning module SlateRemote (120)
[2015.09.12-16.51.30:837][532]LogModuleManager: Shutting down and abandoning module SteamVRController (119)
[2015.09.12-16.51.30:837][532]LogModuleManager: Shutting down and abandoning module SteamVR (118)
[2015.09.12-16.51.30:837][532]LogModuleManager: Shutting down and abandoning module ProceduralMeshComponent (117)
[2015.09.12-16.51.30:837][532]LogModuleManager: Shutting down and abandoning module OculusRift (116)
[2015.09.12-16.51.30:837][532]LogModuleManager: Shutting down and abandoning module OculusLibrary (115)
[2015.09.12-16.51.30:837][532]LogModuleManager: Shutting down and abandoning module LeapMotionController (114)
[2015.09.12-16.51.30:849][532]LogModuleManager: Shutting down and abandoning module CustomMeshComponent (113)
[2015.09.12-16.51.30:849][532]LogModuleManager: Shutting down and abandoning module CableComponent (112)
[2015.09.12-16.51.30:849][532]LogModuleManager: Shutting down and abandoning module ArchVisCharacter (111)
[2015.09.12-16.51.30:849][532]LogModuleManager: Shutting down and abandoning module MessagingDebugger (110)
[2015.09.12-16.51.30:849][532]LogModuleManager: Shutting down and abandoning module MediaPlayerEditor (109)
[2015.09.12-16.51.30:849][532]LogModuleManager: Shutting down and abandoning module HTML5Networking (108)
[2015.09.12-16.51.30:849][532]LogModuleManager: Shutting down and abandoning module SpeedTreeImporter (107)
[2015.09.12-16.51.30:849][532]LogModuleManager: Shutting down and abandoning module PluginBrowser (106)
[2015.09.12-16.51.30:849][532]LogModuleManager: Shutting down and abandoning module EpicSurvey (105)
[2015.09.12-16.51.30:849][532]LogModuleManager: Shutting down and abandoning module DesktopPlatform (104)
[2015.09.12-16.51.30:849][532]LogModuleManager: Shutting down and abandoning module VisualStudioSourceCodeAccess (103)
[2015.09.12-16.51.30:849][532]LogModuleManager: Shutting down and abandoning module UObjectPlugin (102)
[2015.09.12-16.51.30:849][532]LogModuleManager: Shutting down and abandoning module SubversionSourceControl (101)
[2015.09.12-16.51.30:849][532]LogModuleManager: Shutting down and abandoning module PerforceSourceControl (100)
[2015.09.12-16.51.30:849][532]LogModuleManager: Shutting down and abandoning module SourceControl (99)
[2015.09.12-16.51.30:849][532]LogModuleManager: Shutting down and abandoning module GitSourceControl (98)
[2015.09.12-16.51.30:849][532]LogModuleManager: Shutting down and abandoning module LightPropagationVolumeEditor (97)
[2015.09.12-16.51.30:849][532]LogModuleManager: Shutting down and abandoning module PaperTiledImporter (96)
[2015.09.12-16.51.30:849][532]LogModuleManager: Shutting down and abandoning module PaperSpriteSheetImporter (95)
[2015.09.12-16.51.30:849][532]LogModuleManager: Shutting down and abandoning module MeshPaint (94)
[2015.09.12-16.51.30:849][532]LogModuleManager: Shutting down and abandoning module SlateReflector (93)
[2015.09.12-16.51.30:849][532]LogModuleManager: Shutting down and abandoning module HotReload (92)
[2015.09.12-16.51.30:849][532]LogModuleManager: Shutting down and abandoning module MainFrame (91)
[2015.09.12-16.51.30:849][532]LogModuleManager: Shutting down and abandoning module LevelEditor (90)
[2015.09.12-16.51.30:851][532]LogModuleManager: Shutting down and abandoning module DirectoryWatcher (89)
[2015.09.12-16.51.30:851][532]LogModuleManager: Shutting down and abandoning module AssetRegistry (88)
[2015.09.12-16.51.30:895][532]LogModuleManager: Shutting down and abandoning module ContentBrowser (87)
[2015.09.12-16.51.30:896][532]LogModuleManager: Shutting down and abandoning module Paper2DEditor (86)
[2015.09.12-16.51.30:896][532]LogModuleManager: Shutting down and abandoning module UdpMessaging (85)
[2015.09.12-16.51.30:997][532]LogModuleManager: Shutting down and abandoning module LightPropagationVolumeRuntime (84)
[2015.09.12-16.51.30:997][532]LogModuleManager: Shutting down and abandoning module Paper2D (83)
[2015.09.12-16.51.30:997][532]LogModuleManager: Shutting down and abandoning module WindowsMoviePlayer (82)
[2015.09.12-16.51.31:000][532]LogModuleManager: Shutting down and abandoning module Media (81)
[2015.09.12-16.51.31:000][532]LogModuleManager: Shutting down and abandoning module WmfMedia (80)
[2015.09.12-16.51.31:000][532]LogModuleManager: Shutting down and abandoning module OnlineBlueprintSupport (79)
[2015.09.12-16.51.31:000][532]LogModuleManager: Shutting down and abandoning module GameplayTasksEditor (78)
[2015.09.12-16.51.31:000][532]LogModuleManager: Shutting down and abandoning module PropertyEditor (77)
[2015.09.12-16.51.31:000][532]LogModuleManager: Shutting down and abandoning module BehaviorTreeEditor (76)
[2015.09.12-16.51.31:000][532]LogModuleManager: Shutting down and abandoning module FunctionalTesting (75)
[2015.09.12-16.51.31:000][532]LogModuleManager: Shutting down and abandoning module CollisionAnalyzer (74)
[2015.09.12-16.51.31:000][532]LogModuleManager: Shutting down and abandoning module WorkspaceMenuStructure (73)
[2015.09.12-16.51.31:000][532]LogModuleManager: Shutting down and abandoning module MessageLog (72)
[2015.09.12-16.51.31:000][532]LogModuleManager: Shutting down and abandoning module Sequencer (71)
[2015.09.12-16.51.31:000][532]LogModuleManager: Shutting down and abandoning module AssetTools (70)
[2015.09.12-16.51.31:000][532]LogModuleManager: Shutting down and abandoning module UMGEditor (69)
[2015.09.12-16.51.31:000][532]LogModuleManager: Shutting down and abandoning module UMG (68)
[2015.09.12-16.51.31:000][532]LogModuleManager: Shutting down and abandoning module Slate (67)
[2015.09.12-16.51.31:000][532]LogModuleManager: Shutting down and abandoning module EditorStyle (66)
[2015.09.12-16.51.31:002][532]LogModuleManager: Shutting down and abandoning module SessionServices (65)
[2015.09.12-16.51.31:002][532]LogModuleManager: Shutting down and abandoning module SourceCodeAccess (64)
[2015.09.12-16.51.31:002][532]LogModuleManager: Shutting down and abandoning module HeadMountedDisplay (63)
[2015.09.12-16.51.31:002][532]LogModuleManager: Shutting down and abandoning module XAudio2 (62)
[2015.09.12-16.51.31:002][532]LogModuleManager: Shutting down and abandoning module Networking (60)
[2015.09.12-16.51.31:002][532]LogModuleManager: Shutting down and abandoning module Core (59)
[2015.09.12-16.51.31:002][532]LogModuleManager: Shutting down and abandoning module KismetCompiler (58)
[2015.09.12-16.51.31:002][532]LogModuleManager: Shutting down and abandoning module PhysXFormats (57)
[2015.09.12-16.51.31:002][532]LogModuleManager: Shutting down and abandoning module MeshUtilities (56)
[2015.09.12-16.51.31:002][532]LogModuleManager: Shutting down and abandoning module CookingStats (55)
[2015.09.12-16.51.31:003][532]LogModuleManager: Shutting down and abandoning module DerivedDataCache (54)
[2015.09.12-16.51.31:195][532]LogDerivedDataCache: Shutdown
[2015.09.12-16.51.31:195][532]LogModuleManager: Shutting down and abandoning module ShaderFormatOpenGL (53)
[2015.09.12-16.51.31:195][532]LogModuleManager: Shutting down and abandoning module ShaderFormatD3D (52)
[2015.09.12-16.51.31:195][532]LogModuleManager: Shutting down and abandoning module MetalShaderFormat (51)
[2015.09.12-16.51.31:195][532]LogModuleManager: Shutting down and abandoning module TextureFormatUncompressed (50)
[2015.09.12-16.51.31:195][532]LogModuleManager: Shutting down and abandoning module TextureFormatPVR (49)
[2015.09.12-16.51.31:195][532]LogModuleManager: Shutting down and abandoning module TextureFormatIntelISPCTexComp (48)
[2015.09.12-16.51.31:195][532]LogModuleManager: Shutting down and abandoning module TextureFormatDXT (47)
[2015.09.12-16.51.31:195][532]LogModuleManager: Shutting down and abandoning module ImageWrapper (46)
[2015.09.12-16.51.31:195][532]LogModuleManager: Shutting down and abandoning module TextureFormatASTC (45)
[2015.09.12-16.51.31:195][532]LogModuleManager: Shutting down and abandoning module TextureFormatAndroid (44)
[2015.09.12-16.51.31:195][532]LogModuleManager: Shutting down and abandoning module AudioFormatOpus (43)
[2015.09.12-16.51.31:195][532]LogModuleManager: Shutting down and abandoning module AudioFormatOgg (42)
[2015.09.12-16.51.31:195][532]LogModuleManager: Shutting down and abandoning module AudioFormatADPCM (41)
[2015.09.12-16.51.31:195][532]LogModuleManager: Shutting down and abandoning module LinuxTargetPlatform (40)
[2015.09.12-16.51.31:195][532]LogModuleManager: Shutting down and abandoning module LinuxServerTargetPlatform (39)
[2015.09.12-16.51.31:195][532]LogModuleManager: Shutting down and abandoning module LinuxNoEditorTargetPlatform (38)
[2015.09.12-16.51.31:195][532]LogModuleManager: Shutting down and abandoning module Messaging (37)
[2015.09.12-16.51.31:195][532]LogModuleManager: Shutting down and abandoning module IOSTargetPlatform (36)
[2015.09.12-16.51.31:195][532]LogModuleManager: Shutting down and abandoning module HTML5TargetPlatform (35)
[2015.09.12-16.51.31:195][532]LogModuleManager: Shutting down and abandoning module Android_PVRTCTargetPlatform (34)
[2015.09.12-16.51.31:195][532]LogModuleManager: Shutting down and abandoning module Android_ETC2TargetPlatform (33)
[2015.09.12-16.51.31:195][532]LogModuleManager: Shutting down and abandoning module Android_ETC1TargetPlatform (32)
[2015.09.12-16.51.31:195][532]LogModuleManager: Shutting down and abandoning module Android_DXTTargetPlatform (31)
[2015.09.12-16.51.31:195][532]LogModuleManager: Shutting down and abandoning module Android_ATCTargetPlatform (30)
[2015.09.12-16.51.31:195][532]LogModuleManager: Shutting down and abandoning module Android_ASTCTargetPlatform (29)
[2015.09.12-16.51.31:195][532]LogModuleManager: Shutting down and abandoning module AndroidTargetPlatform (28)
[2015.09.12-16.51.31:195][532]LogModuleManager: Shutting down and abandoning module WindowsTargetPlatform (27)
[2015.09.12-16.51.31:195][532]LogModuleManager: Shutting down and abandoning module WindowsServerTargetPlatform (26)
[2015.09.12-16.51.31:195][532]LogModuleManager: Shutting down and abandoning module WindowsNoEditorTargetPlatform (25)
[2015.09.12-16.51.31:195][532]LogModuleManager: Shutting down and abandoning module WindowsClientTargetPlatform (24)
[2015.09.12-16.51.31:195][532]LogModuleManager: Shutting down and abandoning module AllDesktopTargetPlatform (23)
[2015.09.12-16.51.31:195][532]LogModuleManager: Shutting down and abandoning module TargetPlatform (22)
[2015.09.12-16.51.31:195][532]LogModuleManager: Shutting down and abandoning module InputCore (21)
[2015.09.12-16.51.31:195][532]LogModuleManager: Shutting down and abandoning module Settings (20)
[2015.09.12-16.51.31:195][532]LogModuleManager: Shutting down and abandoning module OnlineSubsystem (18)
[2015.09.12-16.51.31:195][532]LogModuleManager: Shutting down and abandoning module HTTP (17)
[2015.09.12-16.51.33:198][532]LogModuleManager: Shutting down and abandoning module XMPP (16)
[2015.09.12-16.51.33:198][532]LogModuleManager: Shutting down and abandoning module ExampleDeviceProfileSelector (15)
[2015.09.12-16.51.33:198][532]LogModuleManager: Shutting down and abandoning module TextureCompressor (14)
[2015.09.12-16.51.33:198][532]LogModuleManager: Shutting down and abandoning module ShaderCore (13)
[2015.09.12-16.51.33:198][532]LogModuleManager: Shutting down and abandoning module Landscape (12)
[2015.09.12-16.51.33:198][532]LogModuleManager: Shutting down and abandoning module SlateRHIRenderer (11)
[2015.09.12-16.51.33:199][532]LogModuleManager: Shutting down and abandoning module OpenGLDrv (10)
[2015.09.12-16.51.33:199][532]LogModuleManager: Shutting down and abandoning module D3D11RHI (9)
[2015.09.12-16.51.33:199][532]LogModuleManager: Shutting down and abandoning module AnimGraphRuntime (8)
[2015.09.12-16.51.33:199][532]LogModuleManager: Shutting down and abandoning module Renderer (7)
[2015.09.12-16.51.33:199][532]LogModuleManager: Shutting down and abandoning module Engine (6)
[2015.09.12-16.51.33:199][532]LogModuleManager: Shutting down and abandoning module CoreUObject (5)
[2015.09.12-16.51.33:199][532]LogModuleManager: Shutting down and abandoning module NetworkFile (4)
[2015.09.12-16.51.33:199][532]LogModuleManager: Shutting down and abandoning module StreamingFile (3)
[2015.09.12-16.51.33:199][532]LogModuleManager: Shutting down and abandoning module SandboxFile (2)
[2015.09.12-16.51.33:199][532]LogModuleManager: Shutting down and abandoning module PakFile (1)
[2015.09.12-16.51.33:200][532]LogExit: Exiting.
[2015.09.12-16.51.33:215][532]Log file closed, 09/12/15 12:51:33
